<?xml version="1.0" encoding="utf-8"?>
<CoverageSession xmlns:xsd="http://www.w3.org/2001/XMLSchema" xmlns:xsi="http://www.w3.org/2001/XMLSchema-instance" Version="0.0.0.0">
  <Summary numSequencePoints="409" visitedSequencePoints="252" numBranchPoints="0" visitedBranchPoints="0" sequenceCoverage="61.61" branchCoverage="0.0" maxCyclomaticComplexity="0" minCyclomaticComplexity="0" maxCrapScore="0" minCrapScore="0" visitedClasses="20" numClasses="20" visitedMethods="68" numMethods="68" />
  <Modules>
    <Module>
      <Summary numSequencePoints="409" visitedSequencePoints="252" numBranchPoints="0" visitedBranchPoints="0" sequenceCoverage="61.61" branchCoverage="0.0" maxCyclomaticComplexity="0" minCyclomaticComplexity="0" maxCrapScore="0" minCrapScore="0" visitedClasses="20" numClasses="20" visitedMethods="68" numMethods="68" />
      <ModuleTime>0001-01-01T00:00:00</ModuleTime>
      <ModuleName>Test</ModuleName>
      <Files>
        <File uid="1" fullPath="D:/--UnityProject/VR/VRExplorer_subjects/Edutainment-Escape-Room/Assets/Scripts/Test/Audio/AudioTrigger.cs" />
        <File uid="2" fullPath="D:/--UnityProject/VR/VRExplorer_subjects/Edutainment-Escape-Room/Assets/Scripts/Test/Door Events/DoorAnimationEvent.cs" />
        <File uid="3" fullPath="D:/--UnityProject/VR/VRExplorer_subjects/Edutainment-Escape-Room/Assets/Scripts/Test/Door Events/ExitDoor.cs" />
        <File uid="4" fullPath="D:/--UnityProject/VR/VRExplorer_subjects/Edutainment-Escape-Room/Assets/Scripts/Test/Door Events/FinalDoor.cs" />
        <File uid="5" fullPath="D:/--UnityProject/VR/VRExplorer_subjects/Edutainment-Escape-Room/Assets/Scripts/Test/Final Puzzle Room/finalPuzzle.cs" />
        <File uid="6" fullPath="D:/--UnityProject/VR/VRExplorer_subjects/Edutainment-Escape-Room/Assets/Scripts/Test/Final Puzzle Room/finalPuzzleSockets.cs" />
        <File uid="7" fullPath="D:/--UnityProject/VR/VRExplorer_subjects/Edutainment-Escape-Room/Assets/Scripts/Test/Final Puzzle Room/inFinalRoom.cs" />
        <File uid="8" fullPath="D:/--UnityProject/VR/VRExplorer_subjects/Edutainment-Escape-Room/Assets/Scripts/Test/Final Puzzle Room/Timer.cs" />
        <File uid="9" fullPath="D:/--UnityProject/VR/VRExplorer_subjects/Edutainment-Escape-Room/Assets/Scripts/Test/Final Puzzle Room/Victory.cs" />
        <File uid="10" fullPath="D:/--UnityProject/VR/VRExplorer_subjects/Edutainment-Escape-Room/Assets/Scripts/Test/IfPuzzle/ifManager.cs" />
        <File uid="11" fullPath="D:/--UnityProject/VR/VRExplorer_subjects/Edutainment-Escape-Room/Assets/Scripts/Test/IfPuzzle/IfPuzzle.cs" />
        <File uid="12" fullPath="D:/--UnityProject/VR/VRExplorer_subjects/Edutainment-Escape-Room/Assets/Scripts/Test/KeyHole/keyMainScript.cs" />
        <File uid="13" fullPath="D:/--UnityProject/VR/VRExplorer_subjects/Edutainment-Escape-Room/Assets/Scripts/Test/Keypad/KeyDetector.cs" />
        <File uid="14" fullPath="D:/--UnityProject/VR/VRExplorer_subjects/Edutainment-Escape-Room/Assets/Scripts/Test/Keypad/KeyFeedback.cs" />
        <File uid="15" fullPath="D:/--UnityProject/VR/VRExplorer_subjects/Edutainment-Escape-Room/Assets/Scripts/Test/Keypad/KeyPadControll.cs" />
        <File uid="16" fullPath="D:/--UnityProject/VR/VRExplorer_subjects/Edutainment-Escape-Room/Assets/Scripts/Test/LoopTask/ButtonVR.cs" />
        <File uid="17" fullPath="D:/--UnityProject/VR/VRExplorer_subjects/Edutainment-Escape-Room/Assets/Scripts/Test/LoopTask/InsidePiece.cs" />
        <File uid="18" fullPath="D:/--UnityProject/VR/VRExplorer_subjects/Edutainment-Escape-Room/Assets/Scripts/Test/LoopTask/LoopManager.cs" />
        <File uid="19" fullPath="D:/--UnityProject/VR/VRExplorer_subjects/Edutainment-Escape-Room/Assets/Scripts/Test/LoopTask/OutsidePiece.cs" />
        <File uid="20" fullPath="D:/--UnityProject/VR/VRExplorer_subjects/Edutainment-Escape-Room/Assets/Scripts/Test/Time/BestTime.cs" />
        <File uid="21" fullPath="D:/--UnityProject/VR/VRExplorer_subjects/Edutainment-Escape-Room/Assets/Scripts/Test/Time/Clock.cs" />
      </Files>
      <Classes>
        <Class>
          <Summary numSequencePoints="14" visitedSequencePoints="11" numBranchPoints="0" visitedBranchPoints="0" sequenceCoverage="78.57" branchCoverage="0.0" maxCyclomaticComplexity="0" minCyclomaticComplexity="0" maxCrapScore="0" minCrapScore="0" visitedClasses="1" numClasses="1" visitedMethods="3" numMethods="3" />
          <FullName>AudioTrigger</FullName>
          <Methods>
            <Method visited="true" cyclomaticComplexity="0" nPathComplexity="0" sequenceCoverage="50.00" branchCoverage="0" crapScore="0" isConstructor="false" isStatic="false" isGetter="false" isSetter="false">
              <Summary numSequencePoints="6" visitedSequencePoints="3" numBranchPoints="0" visitedBranchPoints="0" sequenceCoverage="50.00" branchCoverage="0" maxCyclomaticComplexity="0" minCyclomaticComplexity="0" maxCrapScore="0" minCrapScore="0" visitedClasses="0" numClasses="0" visitedMethods="1" numMethods="1" />
              <MetadataToken>100663297</MetadataToken>
              <Name>System.Void AudioTrigger::Update()</Name>
              <FileRef uid="1" />
              <SequencePoints>
                <SequencePoint vc="76832" uspid="34753" ordinal="0" offset="0" sl="12" sc="5" el="12" ec="5" bec="0" bev="0" fileid="1" />
                <SequencePoint vc="76832" uspid="34754" ordinal="0" offset="1" sl="13" sc="9" el="13" ec="9" bec="0" bev="0" fileid="1" />
                <SequencePoint vc="0" uspid="34755" ordinal="0" offset="19" sl="14" sc="9" el="14" ec="9" bec="0" bev="0" fileid="1" />
                <SequencePoint vc="0" uspid="34756" ordinal="0" offset="20" sl="15" sc="13" el="15" ec="13" bec="0" bev="0" fileid="1" />
                <SequencePoint vc="0" uspid="34757" ordinal="0" offset="32" sl="16" sc="9" el="16" ec="9" bec="0" bev="0" fileid="1" />
                <SequencePoint vc="76832" uspid="34758" ordinal="0" offset="33" sl="17" sc="5" el="17" ec="5" bec="0" bev="0" fileid="1" />
              </SequencePoints>
              <BranchPoints />
            </Method>
            <Method visited="true" cyclomaticComplexity="0" nPathComplexity="0" sequenceCoverage="100.0" branchCoverage="0" crapScore="0" isConstructor="false" isStatic="false" isGetter="false" isSetter="false">
              <Summary numSequencePoints="7" visitedSequencePoints="7" numBranchPoints="0" visitedBranchPoints="0" sequenceCoverage="100.0" branchCoverage="0" maxCyclomaticComplexity="0" minCyclomaticComplexity="0" maxCrapScore="0" minCrapScore="0" visitedClasses="0" numClasses="0" visitedMethods="1" numMethods="1" />
              <MetadataToken>100663298</MetadataToken>
              <Name>System.Void AudioTrigger::OnTriggerEnter(UnityEngine.Collider)</Name>
              <FileRef uid="1" />
              <SequencePoints>
                <SequencePoint vc="2" uspid="34759" ordinal="0" offset="0" sl="20" sc="5" el="20" ec="5" bec="0" bev="0" fileid="1" />
                <SequencePoint vc="2" uspid="34760" ordinal="0" offset="1" sl="21" sc="9" el="21" ec="9" bec="0" bev="0" fileid="1" />
                <SequencePoint vc="1" uspid="34761" ordinal="0" offset="14" sl="22" sc="9" el="22" ec="9" bec="0" bev="0" fileid="1" />
                <SequencePoint vc="1" uspid="34762" ordinal="0" offset="15" sl="23" sc="13" el="23" ec="13" bec="0" bev="0" fileid="1" />
                <SequencePoint vc="1" uspid="34763" ordinal="0" offset="27" sl="24" sc="13" el="24" ec="13" bec="0" bev="0" fileid="1" />
                <SequencePoint vc="1" uspid="34764" ordinal="0" offset="41" sl="25" sc="9" el="25" ec="9" bec="0" bev="0" fileid="1" />
                <SequencePoint vc="2" uspid="34765" ordinal="0" offset="42" sl="26" sc="5" el="26" ec="5" bec="0" bev="0" fileid="1" />
              </SequencePoints>
              <BranchPoints />
            </Method>
            <Method visited="true" cyclomaticComplexity="0" nPathComplexity="0" sequenceCoverage="100.0" branchCoverage="0" crapScore="0" isConstructor="true" isStatic="false" isGetter="false" isSetter="false">
              <Summary numSequencePoints="1" visitedSequencePoints="1" numBranchPoints="0" visitedBranchPoints="0" sequenceCoverage="100.0" branchCoverage="0" maxCyclomaticComplexity="0" minCyclomaticComplexity="0" maxCrapScore="0" minCrapScore="0" visitedClasses="0" numClasses="0" visitedMethods="1" numMethods="1" />
              <MetadataToken>100663299</MetadataToken>
              <Name>AudioTrigger::AudioTrigger()</Name>
              <FileRef uid="1" />
              <SequencePoints>
                <SequencePoint vc="1" uspid="34766" ordinal="0" offset="0" sl="9" sc="5" el="9" ec="5" bec="0" bev="0" fileid="1" />
              </SequencePoints>
              <BranchPoints />
            </Method>
          </Methods>
        </Class>
        <Class>
          <Summary numSequencePoints="27" visitedSequencePoints="27" numBranchPoints="0" visitedBranchPoints="0" sequenceCoverage="100.0" branchCoverage="0.0" maxCyclomaticComplexity="0" minCyclomaticComplexity="0" maxCrapScore="0" minCrapScore="0" visitedClasses="1" numClasses="1" visitedMethods="7" numMethods="7" />
          <FullName>DoorAnimationEvent</FullName>
          <Methods>
            <Method visited="true" cyclomaticComplexity="0" nPathComplexity="0" sequenceCoverage="100.0" branchCoverage="0" crapScore="0" isConstructor="false" isStatic="false" isGetter="false" isSetter="false">
              <Summary numSequencePoints="3" visitedSequencePoints="3" numBranchPoints="0" visitedBranchPoints="0" sequenceCoverage="100.0" branchCoverage="0" maxCyclomaticComplexity="0" minCyclomaticComplexity="0" maxCrapScore="0" minCrapScore="0" visitedClasses="0" numClasses="0" visitedMethods="1" numMethods="1" />
              <MetadataToken>100663300</MetadataToken>
              <Name>System.Void DoorAnimationEvent::Start()</Name>
              <FileRef uid="2" />
              <SequencePoints>
                <SequencePoint vc="6" uspid="34767" ordinal="0" offset="0" sl="14" sc="5" el="14" ec="5" bec="0" bev="0" fileid="2" />
                <SequencePoint vc="6" uspid="34768" ordinal="0" offset="1" sl="15" sc="9" el="15" ec="9" bec="0" bev="0" fileid="2" />
                <SequencePoint vc="6" uspid="34769" ordinal="0" offset="13" sl="16" sc="5" el="16" ec="5" bec="0" bev="0" fileid="2" />
              </SequencePoints>
              <BranchPoints />
            </Method>
            <Method visited="true" cyclomaticComplexity="0" nPathComplexity="0" sequenceCoverage="100.0" branchCoverage="0" crapScore="0" isConstructor="false" isStatic="false" isGetter="false" isSetter="false">
              <Summary numSequencePoints="2" visitedSequencePoints="2" numBranchPoints="0" visitedBranchPoints="0" sequenceCoverage="100.0" branchCoverage="0" maxCyclomaticComplexity="0" minCyclomaticComplexity="0" maxCrapScore="0" minCrapScore="0" visitedClasses="0" numClasses="0" visitedMethods="1" numMethods="1" />
              <MetadataToken>100663301</MetadataToken>
              <Name>System.Void DoorAnimationEvent::Update()</Name>
              <FileRef uid="2" />
              <SequencePoints>
                <SequencePoint vc="460992" uspid="34770" ordinal="0" offset="0" sl="20" sc="5" el="20" ec="5" bec="0" bev="0" fileid="2" />
                <SequencePoint vc="460992" uspid="34771" ordinal="0" offset="1" sl="22" sc="5" el="22" ec="5" bec="0" bev="0" fileid="2" />
              </SequencePoints>
              <BranchPoints />
            </Method>
            <Method visited="true" cyclomaticComplexity="0" nPathComplexity="0" sequenceCoverage="100.0" branchCoverage="0" crapScore="0" isConstructor="false" isStatic="false" isGetter="false" isSetter="false">
              <Summary numSequencePoints="6" visitedSequencePoints="6" numBranchPoints="0" visitedBranchPoints="0" sequenceCoverage="100.0" branchCoverage="0" maxCyclomaticComplexity="0" minCyclomaticComplexity="0" maxCrapScore="0" minCrapScore="0" visitedClasses="0" numClasses="0" visitedMethods="1" numMethods="1" />
              <MetadataToken>100663302</MetadataToken>
              <Name>System.Void DoorAnimationEvent::OnTriggerEnter(UnityEngine.Collider)</Name>
              <FileRef uid="2" />
              <SequencePoints>
                <SequencePoint vc="12" uspid="34772" ordinal="0" offset="0" sl="25" sc="5" el="25" ec="5" bec="0" bev="0" fileid="2" />
                <SequencePoint vc="12" uspid="34773" ordinal="0" offset="1" sl="26" sc="9" el="26" ec="9" bec="0" bev="0" fileid="2" />
                <SequencePoint vc="6" uspid="34774" ordinal="0" offset="14" sl="27" sc="9" el="27" ec="9" bec="0" bev="0" fileid="2" />
                <SequencePoint vc="6" uspid="34775" ordinal="0" offset="15" sl="28" sc="13" el="28" ec="13" bec="0" bev="0" fileid="2" />
                <SequencePoint vc="6" uspid="34776" ordinal="0" offset="22" sl="30" sc="9" el="30" ec="9" bec="0" bev="0" fileid="2" />
                <SequencePoint vc="12" uspid="34777" ordinal="0" offset="23" sl="31" sc="5" el="31" ec="5" bec="0" bev="0" fileid="2" />
              </SequencePoints>
              <BranchPoints />
            </Method>
            <Method visited="true" cyclomaticComplexity="0" nPathComplexity="0" sequenceCoverage="100.0" branchCoverage="0" crapScore="0" isConstructor="false" isStatic="false" isGetter="false" isSetter="false">
              <Summary numSequencePoints="4" visitedSequencePoints="4" numBranchPoints="0" visitedBranchPoints="0" sequenceCoverage="100.0" branchCoverage="0" maxCyclomaticComplexity="0" minCyclomaticComplexity="0" maxCrapScore="0" minCrapScore="0" visitedClasses="0" numClasses="0" visitedMethods="1" numMethods="1" />
              <MetadataToken>100663303</MetadataToken>
              <Name>System.Void DoorAnimationEvent::openDoors()</Name>
              <FileRef uid="2" />
              <SequencePoints>
                <SequencePoint vc="6" uspid="34778" ordinal="0" offset="0" sl="34" sc="5" el="34" ec="5" bec="0" bev="0" fileid="2" />
                <SequencePoint vc="6" uspid="34779" ordinal="0" offset="1" sl="35" sc="9" el="35" ec="9" bec="0" bev="0" fileid="2" />
                <SequencePoint vc="6" uspid="34780" ordinal="0" offset="8" sl="36" sc="9" el="36" ec="9" bec="0" bev="0" fileid="2" />
                <SequencePoint vc="6" uspid="34781" ordinal="0" offset="25" sl="37" sc="5" el="37" ec="5" bec="0" bev="0" fileid="2" />
              </SequencePoints>
              <BranchPoints />
            </Method>
            <Method visited="true" cyclomaticComplexity="0" nPathComplexity="0" sequenceCoverage="100.0" branchCoverage="0" crapScore="0" isConstructor="false" isStatic="false" isGetter="false" isSetter="false">
              <Summary numSequencePoints="6" visitedSequencePoints="6" numBranchPoints="0" visitedBranchPoints="0" sequenceCoverage="100.0" branchCoverage="0" maxCyclomaticComplexity="0" minCyclomaticComplexity="0" maxCrapScore="0" minCrapScore="0" visitedClasses="0" numClasses="0" visitedMethods="1" numMethods="1" />
              <MetadataToken>100663304</MetadataToken>
              <Name>System.Void DoorAnimationEvent::OnTriggerExit(UnityEngine.Collider)</Name>
              <FileRef uid="2" />
              <SequencePoints>
                <SequencePoint vc="12" uspid="34782" ordinal="0" offset="0" sl="39" sc="5" el="39" ec="5" bec="0" bev="0" fileid="2" />
                <SequencePoint vc="12" uspid="34783" ordinal="0" offset="1" sl="40" sc="9" el="40" ec="9" bec="0" bev="0" fileid="2" />
                <SequencePoint vc="12" uspid="34784" ordinal="0" offset="11" sl="41" sc="9" el="41" ec="9" bec="0" bev="0" fileid="2" />
                <SequencePoint vc="12" uspid="34785" ordinal="0" offset="12" sl="42" sc="13" el="42" ec="13" bec="0" bev="0" fileid="2" />
                <SequencePoint vc="12" uspid="34786" ordinal="0" offset="29" sl="43" sc="9" el="43" ec="9" bec="0" bev="0" fileid="2" />
                <SequencePoint vc="12" uspid="34787" ordinal="0" offset="30" sl="44" sc="5" el="44" ec="5" bec="0" bev="0" fileid="2" />
              </SequencePoints>
              <BranchPoints />
            </Method>
            <Method visited="true" cyclomaticComplexity="0" nPathComplexity="0" sequenceCoverage="100.0" branchCoverage="0" crapScore="0" isConstructor="false" isStatic="false" isGetter="false" isSetter="false">
              <Summary numSequencePoints="4" visitedSequencePoints="4" numBranchPoints="0" visitedBranchPoints="0" sequenceCoverage="100.0" branchCoverage="0" maxCyclomaticComplexity="0" minCyclomaticComplexity="0" maxCrapScore="0" minCrapScore="0" visitedClasses="0" numClasses="0" visitedMethods="1" numMethods="1" />
              <MetadataToken>100663305</MetadataToken>
              <Name>System.Void DoorAnimationEvent::closeDoors()</Name>
              <FileRef uid="2" />
              <SequencePoints>
                <SequencePoint vc="12" uspid="34788" ordinal="0" offset="0" sl="47" sc="5" el="47" ec="5" bec="0" bev="0" fileid="2" />
                <SequencePoint vc="12" uspid="34789" ordinal="0" offset="1" sl="48" sc="9" el="48" ec="9" bec="0" bev="0" fileid="2" />
                <SequencePoint vc="12" uspid="34790" ordinal="0" offset="8" sl="49" sc="9" el="49" ec="9" bec="0" bev="0" fileid="2" />
                <SequencePoint vc="12" uspid="34791" ordinal="0" offset="25" sl="50" sc="5" el="50" ec="5" bec="0" bev="0" fileid="2" />
              </SequencePoints>
              <BranchPoints />
            </Method>
            <Method visited="true" cyclomaticComplexity="0" nPathComplexity="0" sequenceCoverage="100.0" branchCoverage="0" crapScore="0" isConstructor="true" isStatic="false" isGetter="false" isSetter="false">
              <Summary numSequencePoints="2" visitedSequencePoints="2" numBranchPoints="0" visitedBranchPoints="0" sequenceCoverage="100.0" branchCoverage="0" maxCyclomaticComplexity="0" minCyclomaticComplexity="0" maxCrapScore="0" minCrapScore="0" visitedClasses="0" numClasses="0" visitedMethods="1" numMethods="1" />
              <MetadataToken>100663306</MetadataToken>
              <Name>DoorAnimationEvent::DoorAnimationEvent()</Name>
              <FileRef uid="2" />
              <SequencePoints>
                <SequencePoint vc="6" uspid="34792" ordinal="0" offset="0" sl="7" sc="5" el="7" ec="5" bec="0" bev="0" fileid="2" />
                <SequencePoint vc="6" uspid="34793" ordinal="0" offset="7" sl="10" sc="5" el="10" ec="5" bec="0" bev="0" fileid="2" />
              </SequencePoints>
              <BranchPoints />
            </Method>
          </Methods>
        </Class>
        <Class>
          <Summary numSequencePoints="12" visitedSequencePoints="7" numBranchPoints="0" visitedBranchPoints="0" sequenceCoverage="58.33" branchCoverage="0.0" maxCyclomaticComplexity="0" minCyclomaticComplexity="0" maxCrapScore="0" minCrapScore="0" visitedClasses="1" numClasses="1" visitedMethods="3" numMethods="3" />
          <FullName>ExitDoor</FullName>
          <Methods>
            <Method visited="true" cyclomaticComplexity="0" nPathComplexity="0" sequenceCoverage="100.0" branchCoverage="0" crapScore="0" isConstructor="false" isStatic="false" isGetter="false" isSetter="false">
              <Summary numSequencePoints="3" visitedSequencePoints="3" numBranchPoints="0" visitedBranchPoints="0" sequenceCoverage="100.0" branchCoverage="0" maxCyclomaticComplexity="0" minCyclomaticComplexity="0" maxCrapScore="0" minCrapScore="0" visitedClasses="0" numClasses="0" visitedMethods="1" numMethods="1" />
              <MetadataToken>100663307</MetadataToken>
              <Name>System.Void ExitDoor::Start()</Name>
              <FileRef uid="3" />
              <SequencePoints>
                <SequencePoint vc="1" uspid="34794" ordinal="0" offset="0" sl="15" sc="5" el="15" ec="5" bec="0" bev="0" fileid="3" />
                <SequencePoint vc="1" uspid="34795" ordinal="0" offset="1" sl="16" sc="9" el="16" ec="9" bec="0" bev="0" fileid="3" />
                <SequencePoint vc="1" uspid="34796" ordinal="0" offset="13" sl="17" sc="5" el="17" ec="5" bec="0" bev="0" fileid="3" />
              </SequencePoints>
              <BranchPoints />
            </Method>
            <Method visited="true" cyclomaticComplexity="0" nPathComplexity="0" sequenceCoverage="37.50" branchCoverage="0" crapScore="0" isConstructor="false" isStatic="false" isGetter="false" isSetter="false">
              <Summary numSequencePoints="8" visitedSequencePoints="3" numBranchPoints="0" visitedBranchPoints="0" sequenceCoverage="37.50" branchCoverage="0" maxCyclomaticComplexity="0" minCyclomaticComplexity="0" maxCrapScore="0" minCrapScore="0" visitedClasses="0" numClasses="0" visitedMethods="1" numMethods="1" />
              <MetadataToken>100663309</MetadataToken>
              <Name>System.Void ExitDoor::OnTriggerEnter(UnityEngine.Collider)</Name>
              <FileRef uid="3" />
              <SequencePoints>
                <SequencePoint vc="1" uspid="34804" ordinal="0" offset="0" sl="29" sc="5" el="29" ec="5" bec="0" bev="0" fileid="3" />
                <SequencePoint vc="1" uspid="34805" ordinal="0" offset="1" sl="30" sc="9" el="30" ec="9" bec="0" bev="0" fileid="3" />
                <SequencePoint vc="0" uspid="34806" ordinal="0" offset="11" sl="31" sc="9" el="31" ec="9" bec="0" bev="0" fileid="3" />
                <SequencePoint vc="0" uspid="34807" ordinal="0" offset="12" sl="32" sc="13" el="32" ec="13" bec="0" bev="0" fileid="3" />
                <SequencePoint vc="0" uspid="34808" ordinal="0" offset="19" sl="33" sc="13" el="33" ec="13" bec="0" bev="0" fileid="3" />
                <SequencePoint vc="0" uspid="34809" ordinal="0" offset="36" sl="34" sc="13" el="34" ec="13" bec="0" bev="0" fileid="3" />
                <SequencePoint vc="0" uspid="34810" ordinal="0" offset="48" sl="35" sc="9" el="35" ec="9" bec="0" bev="0" fileid="3" />
                <SequencePoint vc="1" uspid="34811" ordinal="0" offset="49" sl="36" sc="5" el="36" ec="5" bec="0" bev="0" fileid="3" />
              </SequencePoints>
              <BranchPoints />
            </Method>
            <Method visited="true" cyclomaticComplexity="0" nPathComplexity="0" sequenceCoverage="100.0" branchCoverage="0" crapScore="0" isConstructor="true" isStatic="false" isGetter="false" isSetter="false">
              <Summary numSequencePoints="1" visitedSequencePoints="1" numBranchPoints="0" visitedBranchPoints="0" sequenceCoverage="100.0" branchCoverage="0" maxCyclomaticComplexity="0" minCyclomaticComplexity="0" maxCrapScore="0" minCrapScore="0" visitedClasses="0" numClasses="0" visitedMethods="1" numMethods="1" />
              <MetadataToken>100663310</MetadataToken>
              <Name>ExitDoor::ExitDoor()</Name>
              <FileRef uid="3" />
              <SequencePoints>
                <SequencePoint vc="1" uspid="34812" ordinal="0" offset="0" sl="8" sc="5" el="8" ec="5" bec="0" bev="0" fileid="3" />
              </SequencePoints>
              <BranchPoints />
            </Method>
          </Methods>
        </Class>
        <Class>
          <Summary numSequencePoints="25" visitedSequencePoints="17" numBranchPoints="0" visitedBranchPoints="0" sequenceCoverage="68.00" branchCoverage="0.0" maxCyclomaticComplexity="0" minCyclomaticComplexity="0" maxCrapScore="0" minCrapScore="0" visitedClasses="1" numClasses="1" visitedMethods="5" numMethods="5" />
          <FullName>FinalDoor</FullName>
          <Methods>
            <Method visited="true" cyclomaticComplexity="0" nPathComplexity="0" sequenceCoverage="100.0" branchCoverage="0" crapScore="0" isConstructor="false" isStatic="false" isGetter="false" isSetter="false">
              <Summary numSequencePoints="3" visitedSequencePoints="3" numBranchPoints="0" visitedBranchPoints="0" sequenceCoverage="100.0" branchCoverage="0" maxCyclomaticComplexity="0" minCyclomaticComplexity="0" maxCrapScore="0" minCrapScore="0" visitedClasses="0" numClasses="0" visitedMethods="1" numMethods="1" />
              <MetadataToken>100663311</MetadataToken>
              <Name>System.Void FinalDoor::Start()</Name>
              <FileRef uid="4" />
              <SequencePoints>
                <SequencePoint vc="2" uspid="34813" ordinal="0" offset="0" sl="14" sc="5" el="14" ec="5" bec="0" bev="0" fileid="4" />
                <SequencePoint vc="2" uspid="34814" ordinal="0" offset="1" sl="15" sc="9" el="15" ec="9" bec="0" bev="0" fileid="4" />
                <SequencePoint vc="2" uspid="34815" ordinal="0" offset="13" sl="16" sc="5" el="16" ec="5" bec="0" bev="0" fileid="4" />
              </SequencePoints>
              <BranchPoints />
            </Method>
            <Method visited="true" cyclomaticComplexity="0" nPathComplexity="0" sequenceCoverage="60.00" branchCoverage="0" crapScore="0" isConstructor="false" isStatic="false" isGetter="false" isSetter="false">
              <Summary numSequencePoints="10" visitedSequencePoints="6" numBranchPoints="0" visitedBranchPoints="0" sequenceCoverage="60.00" branchCoverage="0" maxCyclomaticComplexity="0" minCyclomaticComplexity="0" maxCrapScore="0" minCrapScore="0" visitedClasses="0" numClasses="0" visitedMethods="1" numMethods="1" />
              <MetadataToken>100663312</MetadataToken>
              <Name>System.Void FinalDoor::OnTriggerEnter(UnityEngine.Collider)</Name>
              <FileRef uid="4" />
              <SequencePoints>
                <SequencePoint vc="8" uspid="34816" ordinal="0" offset="0" sl="20" sc="5" el="20" ec="5" bec="0" bev="0" fileid="4" />
                <SequencePoint vc="8" uspid="34817" ordinal="0" offset="1" sl="21" sc="9" el="21" ec="9" bec="0" bev="0" fileid="4" />
                <SequencePoint vc="8" uspid="34818" ordinal="0" offset="14" sl="22" sc="9" el="22" ec="9" bec="0" bev="0" fileid="4" />
                <SequencePoint vc="8" uspid="34819" ordinal="0" offset="15" sl="23" sc="13" el="23" ec="13" bec="0" bev="0" fileid="4" />
                <SequencePoint vc="0" uspid="34820" ordinal="0" offset="25" sl="24" sc="13" el="24" ec="13" bec="0" bev="0" fileid="4" />
                <SequencePoint vc="0" uspid="34821" ordinal="0" offset="26" sl="25" sc="17" el="25" ec="17" bec="0" bev="0" fileid="4" />
                <SequencePoint vc="0" uspid="34822" ordinal="0" offset="33" sl="26" sc="17" el="26" ec="17" bec="0" bev="0" fileid="4" />
                <SequencePoint vc="0" uspid="34823" ordinal="0" offset="50" sl="27" sc="13" el="27" ec="13" bec="0" bev="0" fileid="4" />
                <SequencePoint vc="8" uspid="34824" ordinal="0" offset="51" sl="28" sc="9" el="28" ec="9" bec="0" bev="0" fileid="4" />
                <SequencePoint vc="8" uspid="34825" ordinal="0" offset="52" sl="29" sc="5" el="29" ec="5" bec="0" bev="0" fileid="4" />
              </SequencePoints>
              <BranchPoints />
            </Method>
            <Method visited="true" cyclomaticComplexity="0" nPathComplexity="0" sequenceCoverage="100.0" branchCoverage="0" crapScore="0" isConstructor="false" isStatic="false" isGetter="false" isSetter="false">
              <Summary numSequencePoints="3" visitedSequencePoints="3" numBranchPoints="0" visitedBranchPoints="0" sequenceCoverage="100.0" branchCoverage="0" maxCyclomaticComplexity="0" minCyclomaticComplexity="0" maxCrapScore="0" minCrapScore="0" visitedClasses="0" numClasses="0" visitedMethods="1" numMethods="1" />
              <MetadataToken>100663313</MetadataToken>
              <Name>System.Void FinalDoor::inside()</Name>
              <FileRef uid="4" />
              <SequencePoints>
                <SequencePoint vc="54" uspid="34826" ordinal="0" offset="0" sl="32" sc="5" el="32" ec="5" bec="0" bev="0" fileid="4" />
                <SequencePoint vc="54" uspid="34827" ordinal="0" offset="1" sl="33" sc="9" el="33" ec="9" bec="0" bev="0" fileid="4" />
                <SequencePoint vc="54" uspid="34828" ordinal="0" offset="8" sl="34" sc="5" el="34" ec="5" bec="0" bev="0" fileid="4" />
              </SequencePoints>
              <BranchPoints />
            </Method>
            <Method visited="true" cyclomaticComplexity="0" nPathComplexity="0" sequenceCoverage="42.86" branchCoverage="0" crapScore="0" isConstructor="false" isStatic="false" isGetter="false" isSetter="false">
              <Summary numSequencePoints="7" visitedSequencePoints="3" numBranchPoints="0" visitedBranchPoints="0" sequenceCoverage="42.86" branchCoverage="0" maxCyclomaticComplexity="0" minCyclomaticComplexity="0" maxCrapScore="0" minCrapScore="0" visitedClasses="0" numClasses="0" visitedMethods="1" numMethods="1" />
              <MetadataToken>100663315</MetadataToken>
              <Name>System.Void FinalDoor::OnTriggerExit(UnityEngine.Collider)</Name>
              <FileRef uid="4" />
              <SequencePoints>
                <SequencePoint vc="8" uspid="34832" ordinal="0" offset="0" sl="42" sc="5" el="42" ec="5" bec="0" bev="0" fileid="4" />
                <SequencePoint vc="8" uspid="34833" ordinal="0" offset="1" sl="43" sc="9" el="43" ec="9" bec="0" bev="0" fileid="4" />
                <SequencePoint vc="0" uspid="34834" ordinal="0" offset="11" sl="44" sc="9" el="44" ec="9" bec="0" bev="0" fileid="4" />
                <SequencePoint vc="0" uspid="34835" ordinal="0" offset="12" sl="45" sc="13" el="45" ec="13" bec="0" bev="0" fileid="4" />
                <SequencePoint vc="0" uspid="34836" ordinal="0" offset="19" sl="46" sc="13" el="46" ec="13" bec="0" bev="0" fileid="4" />
                <SequencePoint vc="0" uspid="34837" ordinal="0" offset="36" sl="47" sc="9" el="47" ec="9" bec="0" bev="0" fileid="4" />
                <SequencePoint vc="8" uspid="34838" ordinal="0" offset="37" sl="48" sc="5" el="48" ec="5" bec="0" bev="0" fileid="4" />
              </SequencePoints>
              <BranchPoints />
            </Method>
            <Method visited="true" cyclomaticComplexity="0" nPathComplexity="0" sequenceCoverage="100.0" branchCoverage="0" crapScore="0" isConstructor="true" isStatic="false" isGetter="false" isSetter="false">
              <Summary numSequencePoints="2" visitedSequencePoints="2" numBranchPoints="0" visitedBranchPoints="0" sequenceCoverage="100.0" branchCoverage="0" maxCyclomaticComplexity="0" minCyclomaticComplexity="0" maxCrapScore="0" minCrapScore="0" visitedClasses="0" numClasses="0" visitedMethods="1" numMethods="1" />
              <MetadataToken>100663316</MetadataToken>
              <Name>FinalDoor::FinalDoor()</Name>
              <FileRef uid="4" />
              <SequencePoints>
                <SequencePoint vc="2" uspid="34839" ordinal="0" offset="0" sl="8" sc="5" el="8" ec="5" bec="0" bev="0" fileid="4" />
                <SequencePoint vc="2" uspid="34840" ordinal="0" offset="7" sl="9" sc="5" el="9" ec="5" bec="0" bev="0" fileid="4" />
              </SequencePoints>
              <BranchPoints />
            </Method>
          </Methods>
        </Class>
        <Class>
          <Summary numSequencePoints="34" visitedSequencePoints="19" numBranchPoints="0" visitedBranchPoints="0" sequenceCoverage="55.88" branchCoverage="0.0" maxCyclomaticComplexity="0" minCyclomaticComplexity="0" maxCrapScore="0" minCrapScore="0" visitedClasses="1" numClasses="1" visitedMethods="5" numMethods="5" />
          <FullName>finalPuzzle</FullName>
          <Methods>
            <Method visited="true" cyclomaticComplexity="0" nPathComplexity="0" sequenceCoverage="100.0" branchCoverage="0" crapScore="0" isConstructor="false" isStatic="false" isGetter="false" isSetter="false">
              <Summary numSequencePoints="5" visitedSequencePoints="5" numBranchPoints="0" visitedBranchPoints="0" sequenceCoverage="100.0" branchCoverage="0" maxCyclomaticComplexity="0" minCyclomaticComplexity="0" maxCrapScore="0" minCrapScore="0" visitedClasses="0" numClasses="0" visitedMethods="1" numMethods="1" />
              <MetadataToken>100663317</MetadataToken>
              <Name>System.Void finalPuzzle::Start()</Name>
              <FileRef uid="5" />
              <SequencePoints>
                <SequencePoint vc="1" uspid="34841" ordinal="0" offset="0" sl="27" sc="5" el="27" ec="5" bec="0" bev="0" fileid="5" />
                <SequencePoint vc="1" uspid="34842" ordinal="0" offset="1" sl="28" sc="9" el="28" ec="9" bec="0" bev="0" fileid="5" />
                <SequencePoint vc="1" uspid="34843" ordinal="0" offset="14" sl="29" sc="9" el="29" ec="9" bec="0" bev="0" fileid="5" />
                <SequencePoint vc="1" uspid="34844" ordinal="0" offset="27" sl="30" sc="9" el="30" ec="9" bec="0" bev="0" fileid="5" />
                <SequencePoint vc="1" uspid="34845" ordinal="0" offset="40" sl="31" sc="5" el="31" ec="5" bec="0" bev="0" fileid="5" />
              </SequencePoints>
              <BranchPoints />
            </Method>
            <Method visited="true" cyclomaticComplexity="0" nPathComplexity="0" sequenceCoverage="25.00" branchCoverage="0" crapScore="0" isConstructor="false" isStatic="false" isGetter="false" isSetter="false">
              <Summary numSequencePoints="20" visitedSequencePoints="5" numBranchPoints="0" visitedBranchPoints="0" sequenceCoverage="25.00" branchCoverage="0" maxCyclomaticComplexity="0" minCyclomaticComplexity="0" maxCrapScore="0" minCrapScore="0" visitedClasses="0" numClasses="0" visitedMethods="1" numMethods="1" />
              <MetadataToken>100663318</MetadataToken>
              <Name>System.Void finalPuzzle::Update()</Name>
              <FileRef uid="5" />
              <SequencePoints>
                <SequencePoint vc="76832" uspid="34846" ordinal="0" offset="0" sl="34" sc="5" el="34" ec="5" bec="0" bev="0" fileid="5" />
                <SequencePoint vc="76832" uspid="34847" ordinal="0" offset="1" sl="35" sc="9" el="35" ec="9" bec="0" bev="0" fileid="5" />
                <SequencePoint vc="0" uspid="34848" ordinal="0" offset="17" sl="36" sc="9" el="36" ec="9" bec="0" bev="0" fileid="5" />
                <SequencePoint vc="0" uspid="34849" ordinal="0" offset="18" sl="37" sc="13" el="37" ec="13" bec="0" bev="0" fileid="5" />
                <SequencePoint vc="0" uspid="34850" ordinal="0" offset="25" sl="38" sc="9" el="38" ec="9" bec="0" bev="0" fileid="5" />
                <SequencePoint vc="76832" uspid="34851" ordinal="0" offset="26" sl="39" sc="9" el="39" ec="9" bec="0" bev="0" fileid="5" />
                <SequencePoint vc="0" uspid="34852" ordinal="0" offset="36" sl="40" sc="9" el="40" ec="9" bec="0" bev="0" fileid="5" />
                <SequencePoint vc="0" uspid="34853" ordinal="0" offset="37" sl="41" sc="13" el="41" ec="13" bec="0" bev="0" fileid="5" />
                <SequencePoint vc="0" uspid="34854" ordinal="0" offset="50" sl="42" sc="13" el="42" ec="13" bec="0" bev="0" fileid="5" />
                <SequencePoint vc="0" uspid="34855" ordinal="0" offset="63" sl="44" sc="13" el="44" ec="13" bec="0" bev="0" fileid="5" />
                <SequencePoint vc="0" uspid="34856" ordinal="0" offset="76" sl="45" sc="13" el="45" ec="13" bec="0" bev="0" fileid="5" />
                <SequencePoint vc="0" uspid="34857" ordinal="0" offset="89" sl="46" sc="13" el="46" ec="13" bec="0" bev="0" fileid="5" />
                <SequencePoint vc="0" uspid="34858" ordinal="0" offset="102" sl="47" sc="13" el="47" ec="13" bec="0" bev="0" fileid="5" />
                <SequencePoint vc="0" uspid="34859" ordinal="0" offset="115" sl="48" sc="9" el="48" ec="9" bec="0" bev="0" fileid="5" />
                <SequencePoint vc="76832" uspid="34860" ordinal="0" offset="116" sl="49" sc="9" el="49" ec="9" bec="0" bev="0" fileid="5" />
                <SequencePoint vc="0" uspid="34861" ordinal="0" offset="132" sl="50" sc="9" el="50" ec="9" bec="0" bev="0" fileid="5" />
                <SequencePoint vc="0" uspid="34862" ordinal="0" offset="133" sl="51" sc="13" el="51" ec="13" bec="0" bev="0" fileid="5" />
                <SequencePoint vc="0" uspid="34863" ordinal="0" offset="146" sl="52" sc="13" el="52" ec="13" bec="0" bev="0" fileid="5" />
                <SequencePoint vc="0" uspid="34864" ordinal="0" offset="159" sl="53" sc="9" el="53" ec="9" bec="0" bev="0" fileid="5" />
                <SequencePoint vc="76832" uspid="34865" ordinal="0" offset="160" sl="54" sc="5" el="54" ec="5" bec="0" bev="0" fileid="5" />
              </SequencePoints>
              <BranchPoints />
            </Method>
            <Method visited="true" cyclomaticComplexity="0" nPathComplexity="0" sequenceCoverage="100.0" branchCoverage="0" crapScore="0" isConstructor="false" isStatic="false" isGetter="false" isSetter="false">
              <Summary numSequencePoints="3" visitedSequencePoints="3" numBranchPoints="0" visitedBranchPoints="0" sequenceCoverage="100.0" branchCoverage="0" maxCyclomaticComplexity="0" minCyclomaticComplexity="0" maxCrapScore="0" minCrapScore="0" visitedClasses="0" numClasses="0" visitedMethods="1" numMethods="1" />
              <MetadataToken>100663319</MetadataToken>
              <Name>System.Void finalPuzzle::decrementFirstPart()</Name>
              <FileRef uid="5" />
              <SequencePoints>
                <SequencePoint vc="1" uspid="34866" ordinal="0" offset="0" sl="57" sc="5" el="57" ec="5" bec="0" bev="0" fileid="5" />
                <SequencePoint vc="1" uspid="34867" ordinal="0" offset="1" sl="58" sc="9" el="58" ec="9" bec="0" bev="0" fileid="5" />
                <SequencePoint vc="1" uspid="34868" ordinal="0" offset="15" sl="59" sc="5" el="59" ec="5" bec="0" bev="0" fileid="5" />
              </SequencePoints>
              <BranchPoints />
            </Method>
            <Method visited="true" cyclomaticComplexity="0" nPathComplexity="0" sequenceCoverage="100.0" branchCoverage="0" crapScore="0" isConstructor="false" isStatic="false" isGetter="false" isSetter="false">
              <Summary numSequencePoints="3" visitedSequencePoints="3" numBranchPoints="0" visitedBranchPoints="0" sequenceCoverage="100.0" branchCoverage="0" maxCyclomaticComplexity="0" minCyclomaticComplexity="0" maxCrapScore="0" minCrapScore="0" visitedClasses="0" numClasses="0" visitedMethods="1" numMethods="1" />
              <MetadataToken>100663320</MetadataToken>
              <Name>System.Void finalPuzzle::incrementFirstPart()</Name>
              <FileRef uid="5" />
              <SequencePoints>
                <SequencePoint vc="4" uspid="34869" ordinal="0" offset="0" sl="62" sc="5" el="62" ec="5" bec="0" bev="0" fileid="5" />
                <SequencePoint vc="4" uspid="34870" ordinal="0" offset="1" sl="63" sc="9" el="63" ec="9" bec="0" bev="0" fileid="5" />
                <SequencePoint vc="4" uspid="34871" ordinal="0" offset="15" sl="64" sc="5" el="64" ec="5" bec="0" bev="0" fileid="5" />
              </SequencePoints>
              <BranchPoints />
            </Method>
            <Method visited="true" cyclomaticComplexity="0" nPathComplexity="0" sequenceCoverage="100.0" branchCoverage="0" crapScore="0" isConstructor="true" isStatic="false" isGetter="false" isSetter="false">
              <Summary numSequencePoints="3" visitedSequencePoints="3" numBranchPoints="0" visitedBranchPoints="0" sequenceCoverage="100.0" branchCoverage="0" maxCyclomaticComplexity="0" minCyclomaticComplexity="0" maxCrapScore="0" minCrapScore="0" visitedClasses="0" numClasses="0" visitedMethods="1" numMethods="1" />
              <MetadataToken>100663323</MetadataToken>
              <Name>finalPuzzle::finalPuzzle()</Name>
              <FileRef uid="5" />
              <SequencePoints>
                <SequencePoint vc="1" uspid="34878" ordinal="0" offset="0" sl="9" sc="5" el="9" ec="5" bec="0" bev="0" fileid="5" />
                <SequencePoint vc="1" uspid="34879" ordinal="0" offset="7" sl="11" sc="5" el="11" ec="5" bec="0" bev="0" fileid="5" />
                <SequencePoint vc="1" uspid="34880" ordinal="0" offset="14" sl="12" sc="5" el="12" ec="5" bec="0" bev="0" fileid="5" />
              </SequencePoints>
              <BranchPoints />
            </Method>
          </Methods>
        </Class>
        <Class>
          <Summary numSequencePoints="26" visitedSequencePoints="16" numBranchPoints="0" visitedBranchPoints="0" sequenceCoverage="61.54" branchCoverage="0.0" maxCyclomaticComplexity="0" minCyclomaticComplexity="0" maxCrapScore="0" minCrapScore="0" visitedClasses="1" numClasses="1" visitedMethods="4" numMethods="4" />
          <FullName>finalPuzzleSockets</FullName>
          <Methods>
            <Method visited="true" cyclomaticComplexity="0" nPathComplexity="0" sequenceCoverage="100.0" branchCoverage="0" crapScore="0" isConstructor="false" isStatic="false" isGetter="false" isSetter="false">
              <Summary numSequencePoints="1" visitedSequencePoints="1" numBranchPoints="0" visitedBranchPoints="0" sequenceCoverage="100.0" branchCoverage="0" maxCyclomaticComplexity="0" minCyclomaticComplexity="0" maxCrapScore="0" minCrapScore="0" visitedClasses="0" numClasses="0" visitedMethods="1" numMethods="1" />
              <MetadataToken>100663324</MetadataToken>
              <Name>System.Void finalPuzzleSockets::Awake()</Name>
              <FileRef uid="6" />
              <SequencePoints>
                <SequencePoint vc="3" uspid="34881" ordinal="0" offset="0" sl="14" sc="29" el="14" ec="29" bec="0" bev="0" fileid="6" />
              </SequencePoints>
              <BranchPoints />
            </Method>
            <Method visited="true" cyclomaticComplexity="0" nPathComplexity="0" sequenceCoverage="72.73" branchCoverage="0" crapScore="0" isConstructor="false" isStatic="false" isGetter="false" isSetter="false">
              <Summary numSequencePoints="11" visitedSequencePoints="8" numBranchPoints="0" visitedBranchPoints="0" sequenceCoverage="72.73" branchCoverage="0" maxCyclomaticComplexity="0" minCyclomaticComplexity="0" maxCrapScore="0" minCrapScore="0" visitedClasses="0" numClasses="0" visitedMethods="1" numMethods="1" />
              <MetadataToken>100663325</MetadataToken>
              <Name>System.Void finalPuzzleSockets::OnEnable()</Name>
              <FileRef uid="6" />
              <SequencePoints>
                <SequencePoint vc="3" uspid="34882" ordinal="0" offset="0" sl="17" sc="5" el="17" ec="5" bec="0" bev="0" fileid="6" />
                <SequencePoint vc="3" uspid="34883" ordinal="0" offset="1" sl="18" sc="9" el="18" ec="9" bec="0" bev="0" fileid="6" />
                <SequencePoint vc="0" uspid="34884" ordinal="0" offset="17" sl="19" sc="9" el="19" ec="9" bec="0" bev="0" fileid="6" />
                <SequencePoint vc="0" uspid="34885" ordinal="0" offset="18" sl="20" sc="13" el="20" ec="13" bec="0" bev="0" fileid="6" />
                <SequencePoint vc="0" uspid="34886" ordinal="0" offset="30" sl="21" sc="9" el="21" ec="9" bec="0" bev="0" fileid="6" />
                <SequencePoint vc="3" uspid="34887" ordinal="0" offset="31" sl="22" sc="9" el="22" ec="9" bec="0" bev="0" fileid="6" />
                <SequencePoint vc="3" uspid="34888" ordinal="0" offset="47" sl="23" sc="9" el="23" ec="9" bec="0" bev="0" fileid="6" />
                <SequencePoint vc="3" uspid="34889" ordinal="0" offset="48" sl="24" sc="13" el="24" ec="13" bec="0" bev="0" fileid="6" />
                <SequencePoint vc="3" uspid="34890" ordinal="0" offset="77" sl="25" sc="13" el="25" ec="13" bec="0" bev="0" fileid="6" />
                <SequencePoint vc="3" uspid="34891" ordinal="0" offset="106" sl="26" sc="9" el="26" ec="9" bec="0" bev="0" fileid="6" />
                <SequencePoint vc="3" uspid="34892" ordinal="0" offset="107" sl="27" sc="5" el="27" ec="5" bec="0" bev="0" fileid="6" />
              </SequencePoints>
              <BranchPoints />
            </Method>
            <Method visited="true" cyclomaticComplexity="0" nPathComplexity="0" sequenceCoverage="57.14" branchCoverage="0" crapScore="0" isConstructor="false" isStatic="false" isGetter="false" isSetter="false">
              <Summary numSequencePoints="7" visitedSequencePoints="4" numBranchPoints="0" visitedBranchPoints="0" sequenceCoverage="57.14" branchCoverage="0" maxCyclomaticComplexity="0" minCyclomaticComplexity="0" maxCrapScore="0" minCrapScore="0" visitedClasses="0" numClasses="0" visitedMethods="1" numMethods="1" />
              <MetadataToken>100663327</MetadataToken>
              <Name>System.Void finalPuzzleSockets::ObjectSnapped(UnityEngine.XR.Interaction.Toolkit.SelectEnterEventArgs)</Name>
              <FileRef uid="6" />
              <SequencePoints>
                <SequencePoint vc="4" uspid="34897" ordinal="0" offset="0" sl="36" sc="5" el="36" ec="5" bec="0" bev="0" fileid="6" />
                <SequencePoint vc="4" uspid="34898" ordinal="0" offset="1" sl="37" sc="9" el="37" ec="9" bec="0" bev="0" fileid="6" />
                <SequencePoint vc="4" uspid="34899" ordinal="0" offset="13" sl="38" sc="9" el="38" ec="9" bec="0" bev="0" fileid="6" />
                <SequencePoint vc="0" uspid="34900" ordinal="0" offset="49" sl="39" sc="9" el="39" ec="9" bec="0" bev="0" fileid="6" />
                <SequencePoint vc="0" uspid="34901" ordinal="0" offset="50" sl="40" sc="13" el="40" ec="13" bec="0" bev="0" fileid="6" />
                <SequencePoint vc="0" uspid="34902" ordinal="0" offset="62" sl="41" sc="9" el="41" ec="9" bec="0" bev="0" fileid="6" />
                <SequencePoint vc="3" uspid="34903" ordinal="0" offset="63" sl="42" sc="5" el="42" ec="5" bec="0" bev="0" fileid="6" />
              </SequencePoints>
              <BranchPoints />
            </Method>
            <Method visited="true" cyclomaticComplexity="0" nPathComplexity="0" sequenceCoverage="42.86" branchCoverage="0" crapScore="0" isConstructor="false" isStatic="false" isGetter="false" isSetter="false">
              <Summary numSequencePoints="7" visitedSequencePoints="3" numBranchPoints="0" visitedBranchPoints="0" sequenceCoverage="42.86" branchCoverage="0" maxCyclomaticComplexity="0" minCyclomaticComplexity="0" maxCrapScore="0" minCrapScore="0" visitedClasses="0" numClasses="0" visitedMethods="1" numMethods="1" />
              <MetadataToken>100663328</MetadataToken>
              <Name>System.Void finalPuzzleSockets::ObjectRemoved(UnityEngine.XR.Interaction.Toolkit.SelectExitEventArgs)</Name>
              <FileRef uid="6" />
              <SequencePoints>
                <SequencePoint vc="1" uspid="34904" ordinal="0" offset="0" sl="44" sc="5" el="44" ec="5" bec="0" bev="0" fileid="6" />
                <SequencePoint vc="1" uspid="34905" ordinal="0" offset="1" sl="45" sc="9" el="45" ec="9" bec="0" bev="0" fileid="6" />
                <SequencePoint vc="1" uspid="34906" ordinal="0" offset="13" sl="46" sc="9" el="46" ec="9" bec="0" bev="0" fileid="6" />
                <SequencePoint vc="0" uspid="34907" ordinal="0" offset="49" sl="47" sc="9" el="47" ec="9" bec="0" bev="0" fileid="6" />
                <SequencePoint vc="0" uspid="34908" ordinal="0" offset="50" sl="48" sc="13" el="48" ec="13" bec="0" bev="0" fileid="6" />
                <SequencePoint vc="0" uspid="34909" ordinal="0" offset="62" sl="49" sc="9" el="49" ec="9" bec="0" bev="0" fileid="6" />
                <SequencePoint vc="0" uspid="34910" ordinal="0" offset="63" sl="50" sc="5" el="50" ec="5" bec="0" bev="0" fileid="6" />
              </SequencePoints>
              <BranchPoints />
            </Method>
          </Methods>
        </Class>
        <Class>
          <Summary numSequencePoints="4" visitedSequencePoints="4" numBranchPoints="0" visitedBranchPoints="0" sequenceCoverage="100.0" branchCoverage="0.0" maxCyclomaticComplexity="0" minCyclomaticComplexity="0" maxCrapScore="0" minCrapScore="0" visitedClasses="1" numClasses="1" visitedMethods="1" numMethods="1" />
          <FullName>inFinalRoom</FullName>
          <Methods>
            <Method visited="true" cyclomaticComplexity="0" nPathComplexity="0" sequenceCoverage="100.0" branchCoverage="0" crapScore="0" isConstructor="false" isStatic="false" isGetter="false" isSetter="false">
              <Summary numSequencePoints="4" visitedSequencePoints="4" numBranchPoints="0" visitedBranchPoints="0" sequenceCoverage="100.0" branchCoverage="0" maxCyclomaticComplexity="0" minCyclomaticComplexity="0" maxCrapScore="0" minCrapScore="0" visitedClasses="0" numClasses="0" visitedMethods="1" numMethods="1" />
              <MetadataToken>100663330</MetadataToken>
              <Name>System.Void inFinalRoom::OnTriggerEnter(UnityEngine.Collider)</Name>
              <FileRef uid="7" />
              <SequencePoints>
                <SequencePoint vc="27" uspid="34911" ordinal="0" offset="0" sl="13" sc="5" el="13" ec="5" bec="0" bev="0" fileid="7" />
                <SequencePoint vc="27" uspid="34912" ordinal="0" offset="1" sl="14" sc="9" el="14" ec="9" bec="0" bev="0" fileid="7" />
                <SequencePoint vc="27" uspid="34913" ordinal="0" offset="13" sl="15" sc="9" el="15" ec="9" bec="0" bev="0" fileid="7" />
                <SequencePoint vc="27" uspid="34914" ordinal="0" offset="25" sl="16" sc="5" el="16" ec="5" bec="0" bev="0" fileid="7" />
              </SequencePoints>
              <BranchPoints />
            </Method>
          </Methods>
        </Class>
        <Class>
          <Summary numSequencePoints="33" visitedSequencePoints="17" numBranchPoints="0" visitedBranchPoints="0" sequenceCoverage="51.52" branchCoverage="0.0" maxCyclomaticComplexity="0" minCyclomaticComplexity="0" maxCrapScore="0" minCrapScore="0" visitedClasses="1" numClasses="1" visitedMethods="4" numMethods="4" />
          <FullName>Timer</FullName>
          <Methods>
            <Method visited="true" cyclomaticComplexity="0" nPathComplexity="0" sequenceCoverage="100.0" branchCoverage="0" crapScore="0" isConstructor="false" isStatic="false" isGetter="false" isSetter="false">
              <Summary numSequencePoints="3" visitedSequencePoints="3" numBranchPoints="0" visitedBranchPoints="0" sequenceCoverage="100.0" branchCoverage="0" maxCyclomaticComplexity="0" minCyclomaticComplexity="0" maxCrapScore="0" minCrapScore="0" visitedClasses="0" numClasses="0" visitedMethods="1" numMethods="1" />
              <MetadataToken>100663332</MetadataToken>
              <Name>System.Void Timer::Start()</Name>
              <FileRef uid="8" />
              <SequencePoints>
                <SequencePoint vc="1" uspid="34915" ordinal="0" offset="0" sl="25" sc="5" el="25" ec="5" bec="0" bev="0" fileid="8" />
                <SequencePoint vc="1" uspid="34916" ordinal="0" offset="1" sl="26" sc="9" el="26" ec="9" bec="0" bev="0" fileid="8" />
                <SequencePoint vc="1" uspid="34917" ordinal="0" offset="14" sl="27" sc="5" el="27" ec="5" bec="0" bev="0" fileid="8" />
              </SequencePoints>
              <BranchPoints />
            </Method>
            <Method visited="true" cyclomaticComplexity="0" nPathComplexity="0" sequenceCoverage="23.53" branchCoverage="0" crapScore="0" isConstructor="false" isStatic="false" isGetter="false" isSetter="false">
              <Summary numSequencePoints="17" visitedSequencePoints="4" numBranchPoints="0" visitedBranchPoints="0" sequenceCoverage="23.53" branchCoverage="0" maxCyclomaticComplexity="0" minCyclomaticComplexity="0" maxCrapScore="0" minCrapScore="0" visitedClasses="0" numClasses="0" visitedMethods="1" numMethods="1" />
              <MetadataToken>100663333</MetadataToken>
              <Name>System.Void Timer::Update()</Name>
              <FileRef uid="8" />
              <SequencePoints>
                <SequencePoint vc="76832" uspid="34918" ordinal="0" offset="0" sl="31" sc="5" el="31" ec="5" bec="0" bev="0" fileid="8" />
                <SequencePoint vc="76832" uspid="34919" ordinal="0" offset="1" sl="32" sc="9" el="32" ec="9" bec="0" bev="0" fileid="8" />
                <SequencePoint vc="0" uspid="34920" ordinal="0" offset="25" sl="33" sc="9" el="33" ec="9" bec="0" bev="0" fileid="8" />
                <SequencePoint vc="0" uspid="34921" ordinal="0" offset="26" sl="34" sc="13" el="34" ec="13" bec="0" bev="0" fileid="8" />
                <SequencePoint vc="0" uspid="34922" ordinal="0" offset="43" sl="35" sc="13" el="35" ec="13" bec="0" bev="0" fileid="8" />
                <SequencePoint vc="0" uspid="34923" ordinal="0" offset="44" sl="36" sc="17" el="36" ec="17" bec="0" bev="0" fileid="8" />
                <SequencePoint vc="0" uspid="34924" ordinal="0" offset="62" sl="37" sc="13" el="37" ec="13" bec="0" bev="0" fileid="8" />
                <SequencePoint vc="0" uspid="34925" ordinal="0" offset="65" sl="39" sc="13" el="39" ec="13" bec="0" bev="0" fileid="8" />
                <SequencePoint vc="0" uspid="34926" ordinal="0" offset="66" sl="40" sc="17" el="40" ec="17" bec="0" bev="0" fileid="8" />
                <SequencePoint vc="0" uspid="34927" ordinal="0" offset="79" sl="41" sc="17" el="41" ec="17" bec="0" bev="0" fileid="8" />
                <SequencePoint vc="0" uspid="34928" ordinal="0" offset="80" sl="42" sc="21" el="42" ec="21" bec="0" bev="0" fileid="8" />
                <SequencePoint vc="0" uspid="34929" ordinal="0" offset="91" sl="43" sc="21" el="43" ec="21" bec="0" bev="0" fileid="8" />
                <SequencePoint vc="0" uspid="34930" ordinal="0" offset="98" sl="44" sc="17" el="44" ec="17" bec="0" bev="0" fileid="8" />
                <SequencePoint vc="0" uspid="34931" ordinal="0" offset="99" sl="45" sc="13" el="45" ec="13" bec="0" bev="0" fileid="8" />
                <SequencePoint vc="0" uspid="34932" ordinal="0" offset="100" sl="46" sc="9" el="46" ec="9" bec="0" bev="0" fileid="8" />
                <SequencePoint vc="76832" uspid="34933" ordinal="0" offset="101" sl="47" sc="9" el="47" ec="9" bec="0" bev="0" fileid="8" />
                <SequencePoint vc="76832" uspid="34934" ordinal="0" offset="114" sl="48" sc="5" el="48" ec="5" bec="0" bev="0" fileid="8" />
              </SequencePoints>
              <BranchPoints />
            </Method>
            <Method visited="true" cyclomaticComplexity="0" nPathComplexity="0" sequenceCoverage="66.67" branchCoverage="0" crapScore="0" isConstructor="false" isStatic="false" isGetter="false" isSetter="false">
              <Summary numSequencePoints="9" visitedSequencePoints="6" numBranchPoints="0" visitedBranchPoints="0" sequenceCoverage="66.67" branchCoverage="0" maxCyclomaticComplexity="0" minCyclomaticComplexity="0" maxCrapScore="0" minCrapScore="0" visitedClasses="0" numClasses="0" visitedMethods="1" numMethods="1" />
              <MetadataToken>100663336</MetadataToken>
              <Name>System.Void Timer::TimeDisplay(System.Single)</Name>
              <FileRef uid="8" />
              <SequencePoints>
                <SequencePoint vc="76832" uspid="34944" ordinal="0" offset="0" sl="64" sc="5" el="64" ec="5" bec="0" bev="0" fileid="8" />
                <SequencePoint vc="76832" uspid="34945" ordinal="0" offset="1" sl="65" sc="9" el="65" ec="9" bec="0" bev="0" fileid="8" />
                <SequencePoint vc="0" uspid="34946" ordinal="0" offset="13" sl="66" sc="9" el="66" ec="9" bec="0" bev="0" fileid="8" />
                <SequencePoint vc="0" uspid="34947" ordinal="0" offset="14" sl="67" sc="13" el="67" ec="13" bec="0" bev="0" fileid="8" />
                <SequencePoint vc="0" uspid="34948" ordinal="0" offset="21" sl="68" sc="9" el="68" ec="9" bec="0" bev="0" fileid="8" />
                <SequencePoint vc="76832" uspid="34949" ordinal="0" offset="22" sl="70" sc="9" el="70" ec="9" bec="0" bev="0" fileid="8" />
                <SequencePoint vc="76832" uspid="34950" ordinal="0" offset="36" sl="71" sc="9" el="71" ec="9" bec="0" bev="0" fileid="8" />
                <SequencePoint vc="76832" uspid="34951" ordinal="0" offset="50" sl="72" sc="9" el="72" ec="9" bec="0" bev="0" fileid="8" />
                <SequencePoint vc="76832" uspid="34952" ordinal="0" offset="84" sl="73" sc="5" el="73" ec="5" bec="0" bev="0" fileid="8" />
              </SequencePoints>
              <BranchPoints />
            </Method>
            <Method visited="true" cyclomaticComplexity="0" nPathComplexity="0" sequenceCoverage="100.0" branchCoverage="0" crapScore="0" isConstructor="true" isStatic="false" isGetter="false" isSetter="false">
              <Summary numSequencePoints="4" visitedSequencePoints="4" numBranchPoints="0" visitedBranchPoints="0" sequenceCoverage="100.0" branchCoverage="0" maxCyclomaticComplexity="0" minCyclomaticComplexity="0" maxCrapScore="0" minCrapScore="0" visitedClasses="0" numClasses="0" visitedMethods="1" numMethods="1" />
              <MetadataToken>100663339</MetadataToken>
              <Name>Timer::Timer()</Name>
              <FileRef uid="8" />
              <SequencePoints>
                <SequencePoint vc="1" uspid="34964" ordinal="0" offset="0" sl="11" sc="5" el="11" ec="5" bec="0" bev="0" fileid="8" />
                <SequencePoint vc="1" uspid="34965" ordinal="0" offset="11" sl="13" sc="5" el="13" ec="5" bec="0" bev="0" fileid="8" />
                <SequencePoint vc="1" uspid="34966" ordinal="0" offset="18" sl="16" sc="5" el="16" ec="5" bec="0" bev="0" fileid="8" />
                <SequencePoint vc="1" uspid="34967" ordinal="0" offset="25" sl="22" sc="5" el="22" ec="5" bec="0" bev="0" fileid="8" />
              </SequencePoints>
              <BranchPoints />
            </Method>
          </Methods>
        </Class>
        <Class>
          <Summary numSequencePoints="6" visitedSequencePoints="6" numBranchPoints="0" visitedBranchPoints="0" sequenceCoverage="100.0" branchCoverage="0.0" maxCyclomaticComplexity="0" minCyclomaticComplexity="0" maxCrapScore="0" minCrapScore="0" visitedClasses="1" numClasses="1" visitedMethods="2" numMethods="2" />
          <FullName>ifManager</FullName>
          <Methods>
            <Method visited="true" cyclomaticComplexity="0" nPathComplexity="0" sequenceCoverage="100.0" branchCoverage="0" crapScore="0" isConstructor="false" isStatic="false" isGetter="false" isSetter="false">
              <Summary numSequencePoints="3" visitedSequencePoints="3" numBranchPoints="0" visitedBranchPoints="0" sequenceCoverage="100.0" branchCoverage="0" maxCyclomaticComplexity="0" minCyclomaticComplexity="0" maxCrapScore="0" minCrapScore="0" visitedClasses="0" numClasses="0" visitedMethods="1" numMethods="1" />
              <MetadataToken>100663342</MetadataToken>
              <Name>System.Void ifManager::Start()</Name>
              <FileRef uid="10" />
              <SequencePoints>
                <SequencePoint vc="1" uspid="34976" ordinal="0" offset="0" sl="12" sc="5" el="12" ec="5" bec="0" bev="0" fileid="10" />
                <SequencePoint vc="1" uspid="34977" ordinal="0" offset="1" sl="13" sc="9" el="13" ec="9" bec="0" bev="0" fileid="10" />
                <SequencePoint vc="1" uspid="34978" ordinal="0" offset="14" sl="14" sc="5" el="14" ec="5" bec="0" bev="0" fileid="10" />
              </SequencePoints>
              <BranchPoints />
            </Method>
            <Method visited="true" cyclomaticComplexity="0" nPathComplexity="0" sequenceCoverage="100.0" branchCoverage="0" crapScore="0" isConstructor="false" isStatic="false" isGetter="false" isSetter="false">
              <Summary numSequencePoints="3" visitedSequencePoints="3" numBranchPoints="0" visitedBranchPoints="0" sequenceCoverage="100.0" branchCoverage="0" maxCyclomaticComplexity="0" minCyclomaticComplexity="0" maxCrapScore="0" minCrapScore="0" visitedClasses="0" numClasses="0" visitedMethods="1" numMethods="1" />
              <MetadataToken>100663344</MetadataToken>
              <Name>System.Void ifManager::removedPiece()</Name>
              <FileRef uid="10" />
              <SequencePoints>
                <SequencePoint vc="1" uspid="34982" ordinal="0" offset="0" sl="22" sc="5" el="22" ec="5" bec="0" bev="0" fileid="10" />
                <SequencePoint vc="1" uspid="34983" ordinal="0" offset="1" sl="23" sc="9" el="23" ec="9" bec="0" bev="0" fileid="10" />
                <SequencePoint vc="1" uspid="34984" ordinal="0" offset="14" sl="24" sc="5" el="24" ec="5" bec="0" bev="0" fileid="10" />
              </SequencePoints>
              <BranchPoints />
            </Method>
          </Methods>
        </Class>
        <Class>
          <Summary numSequencePoints="22" visitedSequencePoints="18" numBranchPoints="0" visitedBranchPoints="0" sequenceCoverage="81.82" branchCoverage="0.0" maxCyclomaticComplexity="0" minCyclomaticComplexity="0" maxCrapScore="0" minCrapScore="0" visitedClasses="1" numClasses="1" visitedMethods="4" numMethods="4" />
          <FullName>IfPuzzle</FullName>
          <Methods>
            <Method visited="true" cyclomaticComplexity="0" nPathComplexity="0" sequenceCoverage="100.0" branchCoverage="0" crapScore="0" isConstructor="false" isStatic="false" isGetter="false" isSetter="false">
              <Summary numSequencePoints="1" visitedSequencePoints="1" numBranchPoints="0" visitedBranchPoints="0" sequenceCoverage="100.0" branchCoverage="0" maxCyclomaticComplexity="0" minCyclomaticComplexity="0" maxCrapScore="0" minCrapScore="0" visitedClasses="0" numClasses="0" visitedMethods="1" numMethods="1" />
              <MetadataToken>100663346</MetadataToken>
              <Name>System.Void IfPuzzle::Awake()</Name>
              <FileRef uid="11" />
              <SequencePoints>
                <SequencePoint vc="2" uspid="34985" ordinal="0" offset="0" sl="13" sc="29" el="13" ec="29" bec="0" bev="0" fileid="11" />
              </SequencePoints>
              <BranchPoints />
            </Method>
            <Method visited="true" cyclomaticComplexity="0" nPathComplexity="0" sequenceCoverage="100.0" branchCoverage="0" crapScore="0" isConstructor="false" isStatic="false" isGetter="false" isSetter="false">
              <Summary numSequencePoints="11" visitedSequencePoints="11" numBranchPoints="0" visitedBranchPoints="0" sequenceCoverage="100.0" branchCoverage="0" maxCyclomaticComplexity="0" minCyclomaticComplexity="0" maxCrapScore="0" minCrapScore="0" visitedClasses="0" numClasses="0" visitedMethods="1" numMethods="1" />
              <MetadataToken>100663347</MetadataToken>
              <Name>System.Void IfPuzzle::OnEnable()</Name>
              <FileRef uid="11" />
              <SequencePoints>
                <SequencePoint vc="2" uspid="34986" ordinal="0" offset="0" sl="16" sc="5" el="16" ec="5" bec="0" bev="0" fileid="11" />
                <SequencePoint vc="2" uspid="34987" ordinal="0" offset="1" sl="17" sc="9" el="17" ec="9" bec="0" bev="0" fileid="11" />
                <SequencePoint vc="1" uspid="34988" ordinal="0" offset="17" sl="18" sc="9" el="18" ec="9" bec="0" bev="0" fileid="11" />
                <SequencePoint vc="1" uspid="34989" ordinal="0" offset="18" sl="19" sc="13" el="19" ec="13" bec="0" bev="0" fileid="11" />
                <SequencePoint vc="1" uspid="34990" ordinal="0" offset="30" sl="20" sc="9" el="20" ec="9" bec="0" bev="0" fileid="11" />
                <SequencePoint vc="2" uspid="34991" ordinal="0" offset="31" sl="21" sc="9" el="21" ec="9" bec="0" bev="0" fileid="11" />
                <SequencePoint vc="1" uspid="34992" ordinal="0" offset="47" sl="22" sc="9" el="22" ec="9" bec="0" bev="0" fileid="11" />
                <SequencePoint vc="1" uspid="34993" ordinal="0" offset="48" sl="23" sc="13" el="23" ec="13" bec="0" bev="0" fileid="11" />
                <SequencePoint vc="1" uspid="34994" ordinal="0" offset="77" sl="24" sc="13" el="24" ec="13" bec="0" bev="0" fileid="11" />
                <SequencePoint vc="1" uspid="34995" ordinal="0" offset="106" sl="25" sc="9" el="25" ec="9" bec="0" bev="0" fileid="11" />
                <SequencePoint vc="2" uspid="34996" ordinal="0" offset="107" sl="26" sc="5" el="26" ec="5" bec="0" bev="0" fileid="11" />
              </SequencePoints>
              <BranchPoints />
            </Method>
            <Method visited="true" cyclomaticComplexity="0" nPathComplexity="0" sequenceCoverage="42.86" branchCoverage="0" crapScore="0" isConstructor="false" isStatic="false" isGetter="false" isSetter="false">
              <Summary numSequencePoints="7" visitedSequencePoints="3" numBranchPoints="0" visitedBranchPoints="0" sequenceCoverage="42.86" branchCoverage="0" maxCyclomaticComplexity="0" minCyclomaticComplexity="0" maxCrapScore="0" minCrapScore="0" visitedClasses="0" numClasses="0" visitedMethods="1" numMethods="1" />
              <MetadataToken>100663349</MetadataToken>
              <Name>System.Void IfPuzzle::ObjectSnapped(UnityEngine.XR.Interaction.Toolkit.SelectEnterEventArgs)</Name>
              <FileRef uid="11" />
              <SequencePoints>
                <SequencePoint vc="1" uspid="35008" ordinal="0" offset="0" sl="42" sc="5" el="42" ec="5" bec="0" bev="0" fileid="11" />
                <SequencePoint vc="1" uspid="35009" ordinal="0" offset="1" sl="43" sc="9" el="43" ec="9" bec="0" bev="0" fileid="11" />
                <SequencePoint vc="1" uspid="35010" ordinal="0" offset="8" sl="44" sc="9" el="44" ec="9" bec="0" bev="0" fileid="11" />
                <SequencePoint vc="0" uspid="35011" ordinal="0" offset="39" sl="45" sc="9" el="45" ec="9" bec="0" bev="0" fileid="11" />
                <SequencePoint vc="0" uspid="35012" ordinal="0" offset="40" sl="46" sc="13" el="46" ec="13" bec="0" bev="0" fileid="11" />
                <SequencePoint vc="0" uspid="35013" ordinal="0" offset="52" sl="47" sc="9" el="47" ec="9" bec="0" bev="0" fileid="11" />
                <SequencePoint vc="0" uspid="35014" ordinal="0" offset="53" sl="48" sc="5" el="48" ec="5" bec="0" bev="0" fileid="11" />
              </SequencePoints>
              <BranchPoints />
            </Method>
            <Method visited="true" cyclomaticComplexity="0" nPathComplexity="0" sequenceCoverage="100.0" branchCoverage="0" crapScore="0" isConstructor="false" isStatic="false" isGetter="false" isSetter="false">
              <Summary numSequencePoints="3" visitedSequencePoints="3" numBranchPoints="0" visitedBranchPoints="0" sequenceCoverage="100.0" branchCoverage="0" maxCyclomaticComplexity="0" minCyclomaticComplexity="0" maxCrapScore="0" minCrapScore="0" visitedClasses="0" numClasses="0" visitedMethods="1" numMethods="1" />
              <MetadataToken>100663350</MetadataToken>
              <Name>System.Void IfPuzzle::ObjectRemoved(UnityEngine.XR.Interaction.Toolkit.SelectExitEventArgs)</Name>
              <FileRef uid="11" />
              <SequencePoints>
                <SequencePoint vc="1" uspid="35015" ordinal="0" offset="0" sl="50" sc="5" el="50" ec="5" bec="0" bev="0" fileid="11" />
                <SequencePoint vc="1" uspid="35016" ordinal="0" offset="1" sl="51" sc="9" el="51" ec="9" bec="0" bev="0" fileid="11" />
                <SequencePoint vc="1" uspid="35017" ordinal="0" offset="13" sl="52" sc="5" el="52" ec="5" bec="0" bev="0" fileid="11" />
              </SequencePoints>
              <BranchPoints />
            </Method>
          </Methods>
        </Class>
        <Class>
          <Summary numSequencePoints="13" visitedSequencePoints="9" numBranchPoints="0" visitedBranchPoints="0" sequenceCoverage="69.23" branchCoverage="0.0" maxCyclomaticComplexity="0" minCyclomaticComplexity="0" maxCrapScore="0" minCrapScore="0" visitedClasses="1" numClasses="1" visitedMethods="3" numMethods="3" />
          <FullName>keyMainScript</FullName>
          <Methods>
            <Method visited="true" cyclomaticComplexity="0" nPathComplexity="0" sequenceCoverage="50.00" branchCoverage="0" crapScore="0" isConstructor="false" isStatic="false" isGetter="false" isSetter="false">
              <Summary numSequencePoints="8" visitedSequencePoints="4" numBranchPoints="0" visitedBranchPoints="0" sequenceCoverage="50.00" branchCoverage="0" maxCyclomaticComplexity="0" minCyclomaticComplexity="0" maxCrapScore="0" minCrapScore="0" visitedClasses="0" numClasses="0" visitedMethods="1" numMethods="1" />
              <MetadataToken>100663352</MetadataToken>
              <Name>System.Void keyMainScript::IncrementKeys()</Name>
              <FileRef uid="12" />
              <SequencePoints>
                <SequencePoint vc="3" uspid="35018" ordinal="0" offset="0" sl="15" sc="5" el="15" ec="5" bec="0" bev="0" fileid="12" />
                <SequencePoint vc="3" uspid="35019" ordinal="0" offset="1" sl="16" sc="9" el="16" ec="9" bec="0" bev="0" fileid="12" />
                <SequencePoint vc="3" uspid="35020" ordinal="0" offset="15" sl="17" sc="9" el="17" ec="9" bec="0" bev="0" fileid="12" />
                <SequencePoint vc="0" uspid="35021" ordinal="0" offset="31" sl="18" sc="9" el="18" ec="9" bec="0" bev="0" fileid="12" />
                <SequencePoint vc="0" uspid="35022" ordinal="0" offset="32" sl="19" sc="13" el="19" ec="13" bec="0" bev="0" fileid="12" />
                <SequencePoint vc="0" uspid="35023" ordinal="0" offset="44" sl="20" sc="13" el="20" ec="13" bec="0" bev="0" fileid="12" />
                <SequencePoint vc="0" uspid="35024" ordinal="0" offset="56" sl="21" sc="9" el="21" ec="9" bec="0" bev="0" fileid="12" />
                <SequencePoint vc="3" uspid="35025" ordinal="0" offset="57" sl="22" sc="5" el="22" ec="5" bec="0" bev="0" fileid="12" />
              </SequencePoints>
              <BranchPoints />
            </Method>
            <Method visited="true" cyclomaticComplexity="0" nPathComplexity="0" sequenceCoverage="100.0" branchCoverage="0" crapScore="0" isConstructor="false" isStatic="false" isGetter="false" isSetter="false">
              <Summary numSequencePoints="3" visitedSequencePoints="3" numBranchPoints="0" visitedBranchPoints="0" sequenceCoverage="100.0" branchCoverage="0" maxCyclomaticComplexity="0" minCyclomaticComplexity="0" maxCrapScore="0" minCrapScore="0" visitedClasses="0" numClasses="0" visitedMethods="1" numMethods="1" />
              <MetadataToken>100663353</MetadataToken>
              <Name>System.Void keyMainScript::DecrementKeys()</Name>
              <FileRef uid="12" />
              <SequencePoints>
                <SequencePoint vc="3" uspid="35026" ordinal="0" offset="0" sl="25" sc="5" el="25" ec="5" bec="0" bev="0" fileid="12" />
                <SequencePoint vc="3" uspid="35027" ordinal="0" offset="1" sl="26" sc="9" el="26" ec="9" bec="0" bev="0" fileid="12" />
                <SequencePoint vc="3" uspid="35028" ordinal="0" offset="15" sl="27" sc="5" el="27" ec="5" bec="0" bev="0" fileid="12" />
              </SequencePoints>
              <BranchPoints />
            </Method>
            <Method visited="true" cyclomaticComplexity="0" nPathComplexity="0" sequenceCoverage="100.0" branchCoverage="0" crapScore="0" isConstructor="true" isStatic="false" isGetter="false" isSetter="false">
              <Summary numSequencePoints="2" visitedSequencePoints="2" numBranchPoints="0" visitedBranchPoints="0" sequenceCoverage="100.0" branchCoverage="0" maxCyclomaticComplexity="0" minCyclomaticComplexity="0" maxCrapScore="0" minCrapScore="0" visitedClasses="0" numClasses="0" visitedMethods="1" numMethods="1" />
              <MetadataToken>100663354</MetadataToken>
              <Name>keyMainScript::keyMainScript()</Name>
              <FileRef uid="12" />
              <SequencePoints>
                <SequencePoint vc="1" uspid="35029" ordinal="0" offset="0" sl="7" sc="5" el="7" ec="5" bec="0" bev="0" fileid="12" />
                <SequencePoint vc="1" uspid="35030" ordinal="0" offset="7" sl="8" sc="5" el="8" ec="5" bec="0" bev="0" fileid="12" />
              </SequencePoints>
              <BranchPoints />
            </Method>
          </Methods>
        </Class>
        <Class>
          <Summary numSequencePoints="52" visitedSequencePoints="11" numBranchPoints="0" visitedBranchPoints="0" sequenceCoverage="21.15" branchCoverage="0.0" maxCyclomaticComplexity="0" minCyclomaticComplexity="0" maxCrapScore="0" minCrapScore="0" visitedClasses="1" numClasses="1" visitedMethods="2" numMethods="2" />
          <FullName>KeyDetector</FullName>
          <Methods>
            <Method visited="true" cyclomaticComplexity="0" nPathComplexity="0" sequenceCoverage="100.0" branchCoverage="0" crapScore="0" isConstructor="false" isStatic="false" isGetter="false" isSetter="false">
              <Summary numSequencePoints="8" visitedSequencePoints="8" numBranchPoints="0" visitedBranchPoints="0" sequenceCoverage="100.0" branchCoverage="0" maxCyclomaticComplexity="0" minCyclomaticComplexity="0" maxCrapScore="0" minCrapScore="0" visitedClasses="0" numClasses="0" visitedMethods="1" numMethods="1" />
              <MetadataToken>100663355</MetadataToken>
              <Name>System.Void KeyDetector::Start()</Name>
              <FileRef uid="13" />
              <SequencePoints>
                <SequencePoint vc="4" uspid="35031" ordinal="0" offset="0" sl="20" sc="5" el="20" ec="5" bec="0" bev="0" fileid="13" />
                <SequencePoint vc="4" uspid="35032" ordinal="0" offset="1" sl="21" sc="9" el="21" ec="9" bec="0" bev="0" fileid="13" />
                <SequencePoint vc="4" uspid="35033" ordinal="0" offset="7" sl="22" sc="9" el="22" ec="9" bec="0" bev="0" fileid="13" />
                <SequencePoint vc="4" uspid="35034" ordinal="0" offset="28" sl="23" sc="9" el="23" ec="9" bec="0" bev="0" fileid="13" />
                <SequencePoint vc="4" uspid="35035" ordinal="0" offset="29" sl="24" sc="13" el="24" ec="13" bec="0" bev="0" fileid="13" />
                <SequencePoint vc="4" uspid="35036" ordinal="0" offset="51" sl="26" sc="13" el="26" ec="13" bec="0" bev="0" fileid="13" />
                <SequencePoint vc="4" uspid="35037" ordinal="0" offset="73" sl="28" sc="9" el="28" ec="9" bec="0" bev="0" fileid="13" />
                <SequencePoint vc="4" uspid="35038" ordinal="0" offset="74" sl="29" sc="5" el="29" ec="5" bec="0" bev="0" fileid="13" />
              </SequencePoints>
              <BranchPoints />
            </Method>
            <Method visited="true" cyclomaticComplexity="0" nPathComplexity="0" sequenceCoverage="6.82" branchCoverage="0" crapScore="0" isConstructor="false" isStatic="false" isGetter="false" isSetter="false">
              <Summary numSequencePoints="44" visitedSequencePoints="3" numBranchPoints="0" visitedBranchPoints="0" sequenceCoverage="6.82" branchCoverage="0" maxCyclomaticComplexity="0" minCyclomaticComplexity="0" maxCrapScore="0" minCrapScore="0" visitedClasses="0" numClasses="0" visitedMethods="1" numMethods="1" />
              <MetadataToken>100663356</MetadataToken>
              <Name>System.Void KeyDetector::OnTriggerEnter(UnityEngine.Collider)</Name>
              <FileRef uid="13" />
              <SequencePoints>
                <SequencePoint vc="14" uspid="35039" ordinal="0" offset="0" sl="32" sc="5" el="32" ec="5" bec="0" bev="0" fileid="13" />
                <SequencePoint vc="14" uspid="35040" ordinal="0" offset="1" sl="33" sc="9" el="33" ec="9" bec="0" bev="0" fileid="13" />
                <SequencePoint vc="0" uspid="35041" ordinal="0" offset="20" sl="34" sc="9" el="34" ec="9" bec="0" bev="0" fileid="13" />
                <SequencePoint vc="0" uspid="35042" ordinal="0" offset="21" sl="35" sc="13" el="35" ec="13" bec="0" bev="0" fileid="13" />
                <SequencePoint vc="0" uspid="35043" ordinal="0" offset="28" sl="36" sc="13" el="36" ec="13" bec="0" bev="0" fileid="13" />
                <SequencePoint vc="0" uspid="35044" ordinal="0" offset="42" sl="37" sc="13" el="37" ec="13" bec="0" bev="0" fileid="13" />
                <SequencePoint vc="0" uspid="35045" ordinal="0" offset="43" sl="38" sc="17" el="38" ec="17" bec="0" bev="0" fileid="13" />
                <SequencePoint vc="0" uspid="35046" ordinal="0" offset="55" sl="40" sc="17" el="40" ec="17" bec="0" bev="0" fileid="13" />
                <SequencePoint vc="0" uspid="35047" ordinal="0" offset="62" sl="42" sc="17" el="42" ec="17" bec="0" bev="0" fileid="13" />
                <SequencePoint vc="0" uspid="35048" ordinal="0" offset="65" sl="43" sc="17" el="43" ec="17" bec="0" bev="0" fileid="13" />
                <SequencePoint vc="0" uspid="35049" ordinal="0" offset="85" sl="45" sc="17" el="45" ec="17" bec="0" bev="0" fileid="13" />
                <SequencePoint vc="0" uspid="35050" ordinal="0" offset="96" sl="46" sc="17" el="46" ec="17" bec="0" bev="0" fileid="13" />
                <SequencePoint vc="0" uspid="35051" ordinal="0" offset="97" sl="47" sc="21" el="47" ec="21" bec="0" bev="0" fileid="13" />
                <SequencePoint vc="0" uspid="35052" ordinal="0" offset="114" sl="48" sc="17" el="48" ec="17" bec="0" bev="0" fileid="13" />
                <SequencePoint vc="0" uspid="35053" ordinal="0" offset="115" sl="51" sc="17" el="51" ec="17" bec="0" bev="0" fileid="13" />
                <SequencePoint vc="0" uspid="35054" ordinal="0" offset="137" sl="52" sc="17" el="52" ec="17" bec="0" bev="0" fileid="13" />
                <SequencePoint vc="0" uspid="35055" ordinal="0" offset="138" sl="53" sc="21" el="53" ec="21" bec="0" bev="0" fileid="13" />
                <SequencePoint vc="0" uspid="35056" ordinal="0" offset="163" sl="54" sc="21" el="54" ec="21" bec="0" bev="0" fileid="13" />
                <SequencePoint vc="0" uspid="35057" ordinal="0" offset="164" sl="55" sc="25" el="55" ec="25" bec="0" bev="0" fileid="13" />
                <SequencePoint vc="0" uspid="35058" ordinal="0" offset="211" sl="56" sc="21" el="56" ec="21" bec="0" bev="0" fileid="13" />
                <SequencePoint vc="0" uspid="35059" ordinal="0" offset="212" sl="57" sc="17" el="57" ec="17" bec="0" bev="0" fileid="13" />
                <SequencePoint vc="0" uspid="35060" ordinal="0" offset="218" sl="58" sc="22" el="58" ec="22" bec="0" bev="0" fileid="13" />
                <SequencePoint vc="0" uspid="35061" ordinal="0" offset="240" sl="59" sc="17" el="59" ec="17" bec="0" bev="0" fileid="13" />
                <SequencePoint vc="0" uspid="35062" ordinal="0" offset="241" sl="60" sc="21" el="60" ec="21" bec="0" bev="0" fileid="13" />
                <SequencePoint vc="0" uspid="35063" ordinal="0" offset="266" sl="61" sc="21" el="61" ec="21" bec="0" bev="0" fileid="13" />
                <SequencePoint vc="0" uspid="35064" ordinal="0" offset="267" sl="62" sc="25" el="62" ec="25" bec="0" bev="0" fileid="13" />
                <SequencePoint vc="0" uspid="35065" ordinal="0" offset="296" sl="63" sc="25" el="63" ec="25" bec="0" bev="0" fileid="13" />
                <SequencePoint vc="0" uspid="35066" ordinal="0" offset="304" sl="64" sc="25" el="64" ec="25" bec="0" bev="0" fileid="13" />
                <SequencePoint vc="0" uspid="35067" ordinal="0" offset="305" sl="65" sc="29" el="65" ec="29" bec="0" bev="0" fileid="13" />
                <SequencePoint vc="0" uspid="35068" ordinal="0" offset="322" sl="66" sc="25" el="66" ec="25" bec="0" bev="0" fileid="13" />
                <SequencePoint vc="0" uspid="35069" ordinal="0" offset="325" sl="68" sc="25" el="68" ec="25" bec="0" bev="0" fileid="13" />
                <SequencePoint vc="0" uspid="35070" ordinal="0" offset="326" sl="69" sc="29" el="69" ec="29" bec="0" bev="0" fileid="13" />
                <SequencePoint vc="0" uspid="35071" ordinal="0" offset="343" sl="70" sc="25" el="70" ec="25" bec="0" bev="0" fileid="13" />
                <SequencePoint vc="0" uspid="35072" ordinal="0" offset="344" sl="71" sc="21" el="71" ec="21" bec="0" bev="0" fileid="13" />
                <SequencePoint vc="0" uspid="35073" ordinal="0" offset="345" sl="72" sc="17" el="72" ec="17" bec="0" bev="0" fileid="13" />
                <SequencePoint vc="0" uspid="35074" ordinal="0" offset="348" sl="74" sc="17" el="74" ec="17" bec="0" bev="0" fileid="13" />
                <SequencePoint vc="0" uspid="35075" ordinal="0" offset="349" sl="75" sc="21" el="75" ec="21" bec="0" bev="0" fileid="13" />
                <SequencePoint vc="0" uspid="35076" ordinal="0" offset="374" sl="76" sc="21" el="76" ec="21" bec="0" bev="0" fileid="13" />
[...]
              </SequencePoints>
              <BranchPoints />
            </Method>
            <Method visited="true" cyclomaticComplexity="0" nPathComplexity="0" sequenceCoverage="100.0" branchCoverage="0" crapScore="0" isConstructor="false" isStatic="false" isGetter="false" isSetter="false">
              <Summary numSequencePoints="3" visitedSequencePoints="3" numBranchPoints="0" visitedBranchPoints="0" sequenceCoverage="100.0" branchCoverage="0" maxCyclomaticComplexity="0" minCyclomaticComplexity="0" maxCrapScore="0" minCrapScore="0" visitedClasses="0" numClasses="0" visitedMethods="1" numMethods="1" />
              <MetadataToken>100663378</MetadataToken>
              <Name>System.Void LoopManager::outsideRemoved()</Name>
              <FileRef uid="18" />
              <SequencePoints>
                <SequencePoint vc="1" uspid="35181" ordinal="0" offset="0" sl="50" sc="5" el="50" ec="5" bec="0" bev="0" fileid="18" />
                <SequencePoint vc="1" uspid="35182" ordinal="0" offset="1" sl="51" sc="9" el="51" ec="9" bec="0" bev="0" fileid="18" />
                <SequencePoint vc="1" uspid="35183" ordinal="0" offset="8" sl="52" sc="5" el="52" ec="5" bec="0" bev="0" fileid="18" />
              </SequencePoints>
              <BranchPoints />
            </Method>
            <Method visited="true" cyclomaticComplexity="0" nPathComplexity="0" sequenceCoverage="100.0" branchCoverage="0" crapScore="0" isConstructor="false" isStatic="false" isGetter="false" isSetter="false">
              <Summary numSequencePoints="3" visitedSequencePoints="3" numBranchPoints="0" visitedBranchPoints="0" sequenceCoverage="100.0" branchCoverage="0" maxCyclomaticComplexity="0" minCyclomaticComplexity="0" maxCrapScore="0" minCrapScore="0" visitedClasses="0" numClasses="0" visitedMethods="1" numMethods="1" />
              <MetadataToken>100663381</MetadataToken>
              <Name>System.Void LoopManager::insideRemoved()</Name>
              <FileRef uid="18" />
              <SequencePoints>
                <SequencePoint vc="1" uspid="35190" ordinal="0" offset="0" sl="64" sc="5" el="64" ec="5" bec="0" bev="0" fileid="18" />
                <SequencePoint vc="1" uspid="35191" ordinal="0" offset="1" sl="65" sc="9" el="65" ec="9" bec="0" bev="0" fileid="18" />
                <SequencePoint vc="1" uspid="35192" ordinal="0" offset="8" sl="66" sc="5" el="66" ec="5" bec="0" bev="0" fileid="18" />
              </SequencePoints>
              <BranchPoints />
            </Method>
            <Method visited="true" cyclomaticComplexity="0" nPathComplexity="0" sequenceCoverage="100.0" branchCoverage="0" crapScore="0" isConstructor="true" isStatic="false" isGetter="false" isSetter="false">
              <Summary numSequencePoints="4" visitedSequencePoints="4" numBranchPoints="0" visitedBranchPoints="0" sequenceCoverage="100.0" branchCoverage="0" maxCyclomaticComplexity="0" minCyclomaticComplexity="0" maxCrapScore="0" minCrapScore="0" visitedClasses="0" numClasses="0" visitedMethods="1" numMethods="1" />
              <MetadataToken>100663383</MetadataToken>
              <Name>LoopManager::LoopManager()</Name>
              <FileRef uid="18" />
              <SequencePoints>
                <SequencePoint vc="1" uspid="35213" ordinal="0" offset="0" sl="12" sc="22" el="12" ec="22" bec="0" bev="0" fileid="18" />
                <SequencePoint vc="1" uspid="35214" ordinal="0" offset="7" sl="13" sc="22" el="13" ec="22" bec="0" bev="0" fileid="18" />
                <SequencePoint vc="1" uspid="35215" ordinal="0" offset="14" sl="15" sc="5" el="15" ec="5" bec="0" bev="0" fileid="18" />
                <SequencePoint vc="1" uspid="35216" ordinal="0" offset="21" sl="16" sc="5" el="16" ec="5" bec="0" bev="0" fileid="18" />
              </SequencePoints>
              <BranchPoints />
            </Method>
          </Methods>
        </Class>
        <Class>
          <Summary numSequencePoints="26" visitedSequencePoints="15" numBranchPoints="0" visitedBranchPoints="0" sequenceCoverage="57.69" branchCoverage="0.0" maxCyclomaticComplexity="0" minCyclomaticComplexity="0" maxCrapScore="0" minCrapScore="0" visitedClasses="1" numClasses="1" visitedMethods="4" numMethods="4" />
          <FullName>OutsidePiece</FullName>
          <Methods>
            <Method visited="true" cyclomaticComplexity="0" nPathComplexity="0" sequenceCoverage="100.0" branchCoverage="0" crapScore="0" isConstructor="false" isStatic="false" isGetter="false" isSetter="false">
              <Summary numSequencePoints="1" visitedSequencePoints="1" numBranchPoints="0" visitedBranchPoints="0" sequenceCoverage="100.0" branchCoverage="0" maxCyclomaticComplexity="0" minCyclomaticComplexity="0" maxCrapScore="0" minCrapScore="0" visitedClasses="0" numClasses="0" visitedMethods="1" numMethods="1" />
              <MetadataToken>100663384</MetadataToken>
              <Name>System.Void OutsidePiece::Awake()</Name>
              <FileRef uid="19" />
              <SequencePoints>
                <SequencePoint vc="1" uspid="35217" ordinal="0" offset="0" sl="16" sc="29" el="16" ec="29" bec="0" bev="0" fileid="19" />
              </SequencePoints>
              <BranchPoints />
            </Method>
            <Method visited="true" cyclomaticComplexity="0" nPathComplexity="0" sequenceCoverage="72.73" branchCoverage="0" crapScore="0" isConstructor="false" isStatic="false" isGetter="false" isSetter="false">
              <Summary numSequencePoints="11" visitedSequencePoints="8" numBranchPoints="0" visitedBranchPoints="0" sequenceCoverage="72.73" branchCoverage="0" maxCyclomaticComplexity="0" minCyclomaticComplexity="0" maxCrapScore="0" minCrapScore="0" visitedClasses="0" numClasses="0" visitedMethods="1" numMethods="1" />
              <MetadataToken>100663385</MetadataToken>
              <Name>System.Void OutsidePiece::OnEnable()</Name>
              <FileRef uid="19" />
              <SequencePoints>
                <SequencePoint vc="1" uspid="35218" ordinal="0" offset="0" sl="19" sc="5" el="19" ec="5" bec="0" bev="0" fileid="19" />
                <SequencePoint vc="1" uspid="35219" ordinal="0" offset="1" sl="20" sc="9" el="20" ec="9" bec="0" bev="0" fileid="19" />
                <SequencePoint vc="0" uspid="35220" ordinal="0" offset="17" sl="21" sc="9" el="21" ec="9" bec="0" bev="0" fileid="19" />
                <SequencePoint vc="0" uspid="35221" ordinal="0" offset="18" sl="22" sc="13" el="22" ec="13" bec="0" bev="0" fileid="19" />
                <SequencePoint vc="0" uspid="35222" ordinal="0" offset="30" sl="23" sc="9" el="23" ec="9" bec="0" bev="0" fileid="19" />
                <SequencePoint vc="1" uspid="35223" ordinal="0" offset="31" sl="24" sc="9" el="24" ec="9" bec="0" bev="0" fileid="19" />
                <SequencePoint vc="1" uspid="35224" ordinal="0" offset="47" sl="25" sc="9" el="25" ec="9" bec="0" bev="0" fileid="19" />
                <SequencePoint vc="1" uspid="35225" ordinal="0" offset="48" sl="26" sc="13" el="26" ec="13" bec="0" bev="0" fileid="19" />
                <SequencePoint vc="1" uspid="35226" ordinal="0" offset="77" sl="27" sc="13" el="27" ec="13" bec="0" bev="0" fileid="19" />
                <SequencePoint vc="1" uspid="35227" ordinal="0" offset="106" sl="28" sc="9" el="28" ec="9" bec="0" bev="0" fileid="19" />
                <SequencePoint vc="1" uspid="35228" ordinal="0" offset="107" sl="29" sc="5" el="29" ec="5" bec="0" bev="0" fileid="19" />
              </SequencePoints>
              <BranchPoints />
            </Method>
            <Method visited="true" cyclomaticComplexity="0" nPathComplexity="0" sequenceCoverage="27.27" branchCoverage="0" crapScore="0" isConstructor="false" isStatic="false" isGetter="false" isSetter="false">
              <Summary numSequencePoints="11" visitedSequencePoints="3" numBranchPoints="0" visitedBranchPoints="0" sequenceCoverage="27.27" branchCoverage="0" maxCyclomaticComplexity="0" minCyclomaticComplexity="0" maxCrapScore="0" minCrapScore="0" visitedClasses="0" numClasses="0" visitedMethods="1" numMethods="1" />
              <MetadataToken>100663387</MetadataToken>
              <Name>System.Void OutsidePiece::ObjectSnapped(UnityEngine.XR.Interaction.Toolkit.SelectEnterEventArgs)</Name>
              <FileRef uid="19" />
              <SequencePoints>
                <SequencePoint vc="1" uspid="35233" ordinal="0" offset="0" sl="38" sc="5" el="38" ec="5" bec="0" bev="0" fileid="19" />
                <SequencePoint vc="1" uspid="35234" ordinal="0" offset="1" sl="39" sc="9" el="39" ec="9" bec="0" bev="0" fileid="19" />
                <SequencePoint vc="1" uspid="35235" ordinal="0" offset="8" sl="40" sc="9" el="40" ec="9" bec="0" bev="0" fileid="19" />
                <SequencePoint vc="0" uspid="35236" ordinal="0" offset="39" sl="41" sc="9" el="41" ec="9" bec="0" bev="0" fileid="19" />
                <SequencePoint vc="0" uspid="35237" ordinal="0" offset="40" sl="42" sc="13" el="42" ec="13" bec="0" bev="0" fileid="19" />
                <SequencePoint vc="0" uspid="35238" ordinal="0" offset="52" sl="43" sc="9" el="43" ec="9" bec="0" bev="0" fileid="19" />
                <SequencePoint vc="0" uspid="35239" ordinal="0" offset="55" sl="43" sc="16" el="43" ec="16" bec="0" bev="0" fileid="19" />
                <SequencePoint vc="0" uspid="35240" ordinal="0" offset="86" sl="44" sc="9" el="44" ec="9" bec="0" bev="0" fileid="19" />
                <SequencePoint vc="0" uspid="35241" ordinal="0" offset="87" sl="45" sc="13" el="45" ec="13" bec="0" bev="0" fileid="19" />
                <SequencePoint vc="0" uspid="35242" ordinal="0" offset="99" sl="46" sc="9" el="46" ec="9" bec="0" bev="0" fileid="19" />
                <SequencePoint vc="0" uspid="35243" ordinal="0" offset="100" sl="47" sc="5" el="47" ec="5" bec="0" bev="0" fileid="19" />
              </SequencePoints>
              <BranchPoints />
            </Method>
            <Method visited="true" cyclomaticComplexity="0" nPathComplexity="0" sequenceCoverage="100.0" branchCoverage="0" crapScore="0" isConstructor="false" isStatic="false" isGetter="false" isSetter="false">
              <Summary numSequencePoints="3" visitedSequencePoints="3" numBranchPoints="0" visitedBranchPoints="0" sequenceCoverage="100.0" branchCoverage="0" maxCyclomaticComplexity="0" minCyclomaticComplexity="0" maxCrapScore="0" minCrapScore="0" visitedClasses="0" numClasses="0" visitedMethods="1" numMethods="1" />
              <MetadataToken>100663388</MetadataToken>
              <Name>System.Void OutsidePiece::ObjectRemoved(UnityEngine.XR.Interaction.Toolkit.SelectExitEventArgs)</Name>
              <FileRef uid="19" />
              <SequencePoints>
                <SequencePoint vc="1" uspid="35244" ordinal="0" offset="0" sl="49" sc="5" el="49" ec="5" bec="0" bev="0" fileid="19" />
                <SequencePoint vc="1" uspid="35245" ordinal="0" offset="1" sl="50" sc="9" el="50" ec="9" bec="0" bev="0" fileid="19" />
                <SequencePoint vc="1" uspid="35246" ordinal="0" offset="13" sl="51" sc="5" el="51" ec="5" bec="0" bev="0" fileid="19" />
              </SequencePoints>
              <BranchPoints />
            </Method>
          </Methods>
        </Class>
        <Class>
          <Summary numSequencePoints="7" visitedSequencePoints="4" numBranchPoints="0" visitedBranchPoints="0" sequenceCoverage="57.14" branchCoverage="0.0" maxCyclomaticComplexity="0" minCyclomaticComplexity="0" maxCrapScore="0" minCrapScore="0" visitedClasses="1" numClasses="1" visitedMethods="1" numMethods="1" />
          <FullName>BestTime</FullName>
          <Methods>
            <Method visited="true" cyclomaticComplexity="0" nPathComplexity="0" sequenceCoverage="57.14" branchCoverage="0" crapScore="0" isConstructor="false" isStatic="false" isGetter="false" isSetter="false">
              <Summary numSequencePoints="7" visitedSequencePoints="4" numBranchPoints="0" visitedBranchPoints="0" sequenceCoverage="57.14" branchCoverage="0" maxCyclomaticComplexity="0" minCyclomaticComplexity="0" maxCrapScore="0" minCrapScore="0" visitedClasses="0" numClasses="0" visitedMethods="1" numMethods="1" />
              <MetadataToken>100663390</MetadataToken>
              <Name>System.Void BestTime::Start()</Name>
              <FileRef uid="20" />
              <SequencePoints>
                <SequencePoint vc="1" uspid="35247" ordinal="0" offset="0" sl="14" sc="5" el="14" ec="5" bec="0" bev="0" fileid="20" />
                <SequencePoint vc="1" uspid="35248" ordinal="0" offset="1" sl="15" sc="9" el="15" ec="9" bec="0" bev="0" fileid="20" />
                <SequencePoint vc="1" uspid="35249" ordinal="0" offset="7" sl="16" sc="9" el="16" ec="9" bec="0" bev="0" fileid="20" />
                <SequencePoint vc="0" uspid="35250" ordinal="0" offset="28" sl="17" sc="9" el="17" ec="9" bec="0" bev="0" fileid="20" />
                <SequencePoint vc="0" uspid="35251" ordinal="0" offset="29" sl="18" sc="13" el="18" ec="13" bec="0" bev="0" fileid="20" />
                <SequencePoint vc="0" uspid="35252" ordinal="0" offset="41" sl="19" sc="9" el="19" ec="9" bec="0" bev="0" fileid="20" />
                <SequencePoint vc="1" uspid="35253" ordinal="0" offset="42" sl="20" sc="5" el="20" ec="5" bec="0" bev="0" fileid="20" />
              </SequencePoints>
              <BranchPoints />
            </Method>
          </Methods>
        </Class>
        <Class>
          <Summary numSequencePoints="20" visitedSequencePoints="17" numBranchPoints="0" visitedBranchPoints="0" sequenceCoverage="85.00" branchCoverage="0.0" maxCyclomaticComplexity="0" minCyclomaticComplexity="0" maxCrapScore="0" minCrapScore="0" visitedClasses="1" numClasses="1" visitedMethods="4" numMethods="4" />
          <FullName>Clock</FullName>
          <Methods>
            <Method visited="true" cyclomaticComplexity="0" nPathComplexity="0" sequenceCoverage="100.0" branchCoverage="0" crapScore="0" isConstructor="false" isStatic="false" isGetter="false" isSetter="false">
              <Summary numSequencePoints="3" visitedSequencePoints="3" numBranchPoints="0" visitedBranchPoints="0" sequenceCoverage="100.0" branchCoverage="0" maxCyclomaticComplexity="0" minCyclomaticComplexity="0" maxCrapScore="0" minCrapScore="0" visitedClasses="0" numClasses="0" visitedMethods="1" numMethods="1" />
              <MetadataToken>100663394</MetadataToken>
              <Name>System.Void Clock::Start()</Name>
              <FileRef uid="21" />
              <SequencePoints>
                <SequencePoint vc="1" uspid="35269" ordinal="0" offset="0" sl="19" sc="5" el="19" ec="5" bec="0" bev="0" fileid="21" />
                <SequencePoint vc="1" uspid="35270" ordinal="0" offset="1" sl="20" sc="9" el="20" ec="9" bec="0" bev="0" fileid="21" />
                <SequencePoint vc="1" uspid="35271" ordinal="0" offset="8" sl="21" sc="5" el="21" ec="5" bec="0" bev="0" fileid="21" />
              </SequencePoints>
              <BranchPoints />
            </Method>
            <Method visited="true" cyclomaticComplexity="0" nPathComplexity="0" sequenceCoverage="100.0" branchCoverage="0" crapScore="0" isConstructor="false" isStatic="false" isGetter="false" isSetter="false">
              <Summary numSequencePoints="7" visitedSequencePoints="7" numBranchPoints="0" visitedBranchPoints="0" sequenceCoverage="100.0" branchCoverage="0" maxCyclomaticComplexity="0" minCyclomaticComplexity="0" maxCrapScore="0" minCrapScore="0" visitedClasses="0" numClasses="0" visitedMethods="1" numMethods="1" />
              <MetadataToken>100663395</MetadataToken>
              <Name>System.Void Clock::Update()</Name>
              <FileRef uid="21" />
              <SequencePoints>
                <SequencePoint vc="76832" uspid="35272" ordinal="0" offset="0" sl="24" sc="5" el="24" ec="5" bec="0" bev="0" fileid="21" />
                <SequencePoint vc="76832" uspid="35273" ordinal="0" offset="1" sl="25" sc="9" el="25" ec="9" bec="0" bev="0" fileid="21" />
                <SequencePoint vc="76832" uspid="35274" ordinal="0" offset="14" sl="26" sc="9" el="26" ec="9" bec="0" bev="0" fileid="21" />
                <SequencePoint vc="76832" uspid="35275" ordinal="0" offset="15" sl="27" sc="13" el="27" ec="13" bec="0" bev="0" fileid="21" />
                <SequencePoint vc="76832" uspid="35276" ordinal="0" offset="33" sl="28" sc="13" el="28" ec="13" bec="0" bev="0" fileid="21" />
                <SequencePoint vc="76832" uspid="35277" ordinal="0" offset="46" sl="29" sc="9" el="29" ec="9" bec="0" bev="0" fileid="21" />
                <SequencePoint vc="76832" uspid="35278" ordinal="0" offset="47" sl="30" sc="5" el="30" ec="5" bec="0" bev="0" fileid="21" />
              </SequencePoints>
              <BranchPoints />
            </Method>
            <Method visited="true" cyclomaticComplexity="0" nPathComplexity="0" sequenceCoverage="66.67" branchCoverage="0" crapScore="0" isConstructor="false" isStatic="false" isGetter="false" isSetter="false">
              <Summary numSequencePoints="9" visitedSequencePoints="6" numBranchPoints="0" visitedBranchPoints="0" sequenceCoverage="66.67" branchCoverage="0" maxCyclomaticComplexity="0" minCyclomaticComplexity="0" maxCrapScore="0" minCrapScore="0" visitedClasses="0" numClasses="0" visitedMethods="1" numMethods="1" />
              <MetadataToken>100663396</MetadataToken>
              <Name>System.Void Clock::TimeDisplay(System.Single)</Name>
              <FileRef uid="21" />
              <SequencePoints>
                <SequencePoint vc="76832" uspid="35279" ordinal="0" offset="0" sl="33" sc="5" el="33" ec="5" bec="0" bev="0" fileid="21" />
                <SequencePoint vc="76832" uspid="35280" ordinal="0" offset="1" sl="34" sc="9" el="34" ec="9" bec="0" bev="0" fileid="21" />
                <SequencePoint vc="0" uspid="35281" ordinal="0" offset="13" sl="35" sc="9" el="35" ec="9" bec="0" bev="0" fileid="21" />
                <SequencePoint vc="0" uspid="35282" ordinal="0" offset="14" sl="36" sc="13" el="36" ec="13" bec="0" bev="0" fileid="21" />
                <SequencePoint vc="0" uspid="35283" ordinal="0" offset="21" sl="37" sc="9" el="37" ec="9" bec="0" bev="0" fileid="21" />
                <SequencePoint vc="76832" uspid="35284" ordinal="0" offset="22" sl="39" sc="9" el="39" ec="9" bec="0" bev="0" fileid="21" />
                <SequencePoint vc="76832" uspid="35285" ordinal="0" offset="36" sl="40" sc="9" el="40" ec="9" bec="0" bev="0" fileid="21" />
                <SequencePoint vc="76832" uspid="35286" ordinal="0" offset="50" sl="41" sc="9" el="41" ec="9" bec="0" bev="0" fileid="21" />
                <SequencePoint vc="76832" uspid="35287" ordinal="0" offset="84" sl="42" sc="5" el="42" ec="5" bec="0" bev="0" fileid="21" />
              </SequencePoints>
              <BranchPoints />
            </Method>
            <Method visited="true" cyclomaticComplexity="0" nPathComplexity="0" sequenceCoverage="100.0" branchCoverage="0" crapScore="0" isConstructor="true" isStatic="false" isGetter="false" isSetter="false">
              <Summary numSequencePoints="1" visitedSequencePoints="1" numBranchPoints="0" visitedBranchPoints="0" sequenceCoverage="100.0" branchCoverage="0" maxCyclomaticComplexity="0" minCyclomaticComplexity="0" maxCrapScore="0" minCrapScore="0" visitedClasses="0" numClasses="0" visitedMethods="1" numMethods="1" />
              <MetadataToken>100663399</MetadataToken>
              <Name>Clock::Clock()</Name>
              <FileRef uid="21" />
              <SequencePoints>
                <SequencePoint vc="1" uspid="35295" ordinal="0" offset="0" sl="9" sc="5" el="9" ec="5" bec="0" bev="0" fileid="21" />
              </SequencePoints>
              <BranchPoints />
            </Method>
          </Methods>
        </Class>
      </Classes>
    </Module>
  </Modules>
</CoverageSession>