<?xml version="1.0" encoding="utf-8"?>
<CoverageSession xmlns:xsd="http://www.w3.org/2001/XMLSchema" xmlns:xsi="http://www.w3.org/2001/XMLSchema-instance" Version="0.0.0.0">
  <Summary numSequencePoints="409" visitedSequencePoints="252" numBranchPoints="0" visitedBranchPoints="0" sequenceCoverage="61.61" branchCoverage="0.0" maxCyclomaticComplexity="0" minCyclomaticComplexity="0" maxCrapScore="0" minCrapScore="0" visitedClasses="20" numClasses="20" visitedMethods="68" numMethods="68" />
  <Modules>
    <Module>
      <Summary numSequencePoints="409" visitedSequencePoints="252" numBranchPoints="0" visitedBranchPoints="0" sequenceCoverage="61.61" branchCoverage="0.0" maxCyclomaticComplexity="0" minCyclomaticComplexity="0" maxCrapScore="0" minCrapScore="0" visitedClasses="20" numClasses="20" visitedMethods="68" numMethods="68" />
      <ModuleTime>0001-01-01T00:00:00</ModuleTime>
      <ModuleName>Test</ModuleName>
      <Files>
        <File uid="1" fullPath="D:/--UnityProject/VR/VRExplorer_subjects/Edutainment-Escape-Room/Assets/Scripts/Test/Audio/AudioTrigger.cs" />
        <File uid="2" fullPath="D:/--UnityProject/VR/VRExplorer_subjects/Edutainment-Escape-Room/Assets/Scripts/Test/Door Events/DoorAnimationEvent.cs" />
        <File uid="3" fullPath="D:/--UnityProject/VR/VRExplorer_subjects/Edutainment-Escape-Room/Assets/Scripts/Test/Door Events/ExitDoor.cs" />
        <File uid="4" fullPath="D:/--UnityProject/VR/VRExplorer_subjects/Edutainment-Escape-Room/Assets/Scripts/Test/Door Events/FinalDoor.cs" />
        <File uid="5" fullPath="D:/--UnityProject/VR/VRExplorer_subjects/Edutainment-Escape-Room/Assets/Scripts/Test/Final Puzzle Room/finalPuzzle.cs" />
        <File uid="6" fullPath="D:/--UnityProject/VR/VRExplorer_subjects/Edutainment-Escape-Room/Assets/Scripts/Test/Final Puzzle Room/finalPuzzleSockets.cs" />
        <File uid="7" fullPath="D:/--UnityProject/VR/VRExplorer_subjects/Edutainment-Escape-Room/Assets/Scripts/Test/Final Puzzle Room/inFinalRoom.cs" />
        <File uid="8" fullPath="D:/--UnityProject/VR/VRExplorer_subjects/Edutainment-Escape-Room/Assets/Scripts/Test/Final Puzzle Room/Timer.cs" />
        <File uid="9" fullPath="D:/--UnityProject/VR/VRExplorer_subjects/Edutainment-Escape-Room/Assets/Scripts/Test/Final Puzzle Room/Victory.cs" />
        <File uid="10" fullPath="D:/--UnityProject/VR/VRExplorer_subjects/Edutainment-Escape-Room/Assets/Scripts/Test/IfPuzzle/ifManager.cs" />
        <File uid="11" fullPath="D:/--UnityProject/VR/VRExplorer_subjects/Edutainment-Escape-Room/Assets/Scripts/Test/IfPuzzle/IfPuzzle.cs" />
        <File uid="12" fullPath="D:/--UnityProject/VR/VRExplorer_subjects/Edutainment-Escape-Room/Assets/Scripts/Test/KeyHole/keyMainScript.cs" />
        <File uid="13" fullPath="D:/--UnityProject/VR/VRExplorer_subjects/Edutainment-Escape-Room/Assets/Scripts/Test/Keypad/KeyDetector.cs" />
        <File uid="14" fullPath="D:/--UnityProject/VR/VRExplorer_subjects/Edutainment-Escape-Room/Assets/Scripts/Test/Keypad/KeyFeedback.cs" />
        <File uid="15" fullPath="D:/--UnityProject/VR/VRExplorer_subjects/Edutainment-Escape-Room/Assets/Scripts/Test/Keypad/KeyPadControll.cs" />
        <File uid="16" fullPath="D:/--UnityProject/VR/VRExplorer_subjects/Edutainment-Escape-Room/Assets/Scripts/Test/LoopTask/ButtonVR.cs" />
        <File uid="17" fullPath="D:/--UnityProject/VR/VRExplorer_subjects/Edutainment-Escape-Room/Assets/Scripts/Test/LoopTask/InsidePiece.cs" />
        <File uid="18" fullPath="D:/--UnityProject/VR/VRExplorer_subjects/Edutainment-Escape-Room/Assets/Scripts/Test/LoopTask/LoopManager.cs" />
        <File uid="19" fullPath="D:/--UnityProject/VR/VRExplorer_subjects/Edutainment-Escape-Room/Assets/Scripts/Test/LoopTask/OutsidePiece.cs" />
        <File uid="20" fullPath="D:/--UnityProject/VR/VRExplorer_subjects/Edutainment-Escape-Room/Assets/Scripts/Test/Time/BestTime.cs" />
        <File uid="21" fullPath="D:/--UnityProject/VR/VRExplorer_subjects/Edutainment-Escape-Room/Assets/Scripts/Test/Time/Clock.cs" />
      </Files>
      <Classes>
        <Class>
          <Summary numSequencePoints="14" visitedSequencePoints="11" numBranchPoints="0" visitedBranchPoints="0" sequenceCoverage="78.57" branchCoverage="0.0" maxCyclomaticComplexity="0" minCyclomaticComplexity="0" maxCrapScore="0" minCrapScore="0" visitedClasses="1" numClasses="1" visitedMethods="3" numMethods="3" />
          <FullName>AudioTrigger</FullName>
          <Methods>
            <Method visited="true" cyclomaticComplexity="0" nPathComplexity="0" sequenceCoverage="50.00" branchCoverage="0" crapScore="0" isConstructor="false" isStatic="false" isGetter="false" isSetter="false">
              <Summary numSequencePoints="6" visitedSequencePoints="3" numBranchPoints="0" visitedBranchPoints="0" sequenceCoverage="50.00" branchCoverage="0" maxCyclomaticComplexity="0" minCyclomaticComplexity="0" maxCrapScore="0" minCrapScore="0" visitedClasses="0" numClasses="0" visitedMethods="1" numMethods="1" />
              <MetadataToken>100663297</MetadataToken>
              <Name>System.Void AudioTrigger::Update()</Name>
              <FileRef uid="1" />
              <SequencePoints>
                <SequencePoint vc="87402" uspid="39640" ordinal="0" offset="0" sl="12" sc="5" el="12" ec="5" bec="0" bev="0" fileid="1" />
                <SequencePoint vc="87402" uspid="39641" ordinal="0" offset="1" sl="13" sc="9" el="13" ec="9" bec="0" bev="0" fileid="1" />
                <SequencePoint vc="0" uspid="39642" ordinal="0" offset="19" sl="14" sc="9" el="14" ec="9" bec="0" bev="0" fileid="1" />
                <SequencePoint vc="0" uspid="39643" ordinal="0" offset="20" sl="15" sc="13" el="15" ec="13" bec="0" bev="0" fileid="1" />
                <SequencePoint vc="0" uspid="39644" ordinal="0" offset="32" sl="16" sc="9" el="16" ec="9" bec="0" bev="0" fileid="1" />
                <SequencePoint vc="87402" uspid="39645" ordinal="0" offset="33" sl="17" sc="5" el="17" ec="5" bec="0" bev="0" fileid="1" />
              </SequencePoints>
              <BranchPoints />
            </Method>
            <Method visited="true" cyclomaticComplexity="0" nPathComplexity="0" sequenceCoverage="100.0" branchCoverage="0" crapScore="0" isConstructor="false" isStatic="false" isGetter="false" isSetter="false">
              <Summary numSequencePoints="7" visitedSequencePoints="7" numBranchPoints="0" visitedBranchPoints="0" sequenceCoverage="100.0" branchCoverage="0" maxCyclomaticComplexity="0" minCyclomaticComplexity="0" maxCrapScore="0" minCrapScore="0" visitedClasses="0" numClasses="0" visitedMethods="1" numMethods="1" />
              <MetadataToken>100663298</MetadataToken>
              <Name>System.Void AudioTrigger::OnTriggerEnter(UnityEngine.Collider)</Name>
              <FileRef uid="1" />
              <SequencePoints>
                <SequencePoint vc="2" uspid="39646" ordinal="0" offset="0" sl="20" sc="5" el="20" ec="5" bec="0" bev="0" fileid="1" />
                <SequencePoint vc="2" uspid="39647" ordinal="0" offset="1" sl="21" sc="9" el="21" ec="9" bec="0" bev="0" fileid="1" />
                <SequencePoint vc="1" uspid="39648" ordinal="0" offset="14" sl="22" sc="9" el="22" ec="9" bec="0" bev="0" fileid="1" />
                <SequencePoint vc="1" uspid="39649" ordinal="0" offset="15" sl="23" sc="13" el="23" ec="13" bec="0" bev="0" fileid="1" />
                <SequencePoint vc="1" uspid="39650" ordinal="0" offset="27" sl="24" sc="13" el="24" ec="13" bec="0" bev="0" fileid="1" />
                <SequencePoint vc="1" uspid="39651" ordinal="0" offset="41" sl="25" sc="9" el="25" ec="9" bec="0" bev="0" fileid="1" />
                <SequencePoint vc="2" uspid="39652" ordinal="0" offset="42" sl="26" sc="5" el="26" ec="5" bec="0" bev="0" fileid="1" />
              </SequencePoints>
              <BranchPoints />
            </Method>
            <Method visited="true" cyclomaticComplexity="0" nPathComplexity="0" sequenceCoverage="100.0" branchCoverage="0" crapScore="0" isConstructor="true" isStatic="false" isGetter="false" isSetter="false">
              <Summary numSequencePoints="1" visitedSequencePoints="1" numBranchPoints="0" visitedBranchPoints="0" sequenceCoverage="100.0" branchCoverage="0" maxCyclomaticComplexity="0" minCyclomaticComplexity="0" maxCrapScore="0" minCrapScore="0" visitedClasses="0" numClasses="0" visitedMethods="1" numMethods="1" />
              <MetadataToken>100663299</MetadataToken>
              <Name>AudioTrigger::AudioTrigger()</Name>
              <FileRef uid="1" />
              <SequencePoints>
                <SequencePoint vc="1" uspid="39653" ordinal="0" offset="0" sl="9" sc="5" el="9" ec="5" bec="0" bev="0" fileid="1" />
              </SequencePoints>
              <BranchPoints />
            </Method>
          </Methods>
        </Class>
        <Class>
          <Summary numSequencePoints="27" visitedSequencePoints="27" numBranchPoints="0" visitedBranchPoints="0" sequenceCoverage="100.0" branchCoverage="0.0" maxCyclomaticComplexity="0" minCyclomaticComplexity="0" maxCrapScore="0" minCrapScore="0" visitedClasses="1" numClasses="1" visitedMethods="7" numMethods="7" />
          <FullName>DoorAnimationEvent</FullName>
          <Methods>
            <Method visited="true" cyclomaticComplexity="0" nPathComplexity="0" sequenceCoverage="100.0" branchCoverage="0" crapScore="0" isConstructor="false" isStatic="false" isGetter="false" isSetter="false">
              <Summary numSequencePoints="3" visitedSequencePoints="3" numBranchPoints="0" visitedBranchPoints="0" sequenceCoverage="100.0" branchCoverage="0" maxCyclomaticComplexity="0" minCyclomaticComplexity="0" maxCrapScore="0" minCrapScore="0" visitedClasses="0" numClasses="0" visitedMethods="1" numMethods="1" />
              <MetadataToken>100663300</MetadataToken>
              <Name>System.Void DoorAnimationEvent::Start()</Name>
              <FileRef uid="2" />
              <SequencePoints>
                <SequencePoint vc="6" uspid="39654" ordinal="0" offset="0" sl="14" sc="5" el="14" ec="5" bec="0" bev="0" fileid="2" />
                <SequencePoint vc="6" uspid="39655" ordinal="0" offset="1" sl="15" sc="9" el="15" ec="9" bec="0" bev="0" fileid="2" />
                <SequencePoint vc="6" uspid="39656" ordinal="0" offset="13" sl="16" sc="5" el="16" ec="5" bec="0" bev="0" fileid="2" />
              </SequencePoints>
              <BranchPoints />
            </Method>
            <Method visited="true" cyclomaticComplexity="0" nPathComplexity="0" sequenceCoverage="100.0" branchCoverage="0" crapScore="0" isConstructor="false" isStatic="false" isGetter="false" isSetter="false">
              <Summary numSequencePoints="2" visitedSequencePoints="2" numBranchPoints="0" visitedBranchPoints="0" sequenceCoverage="100.0" branchCoverage="0" maxCyclomaticComplexity="0" minCyclomaticComplexity="0" maxCrapScore="0" minCrapScore="0" visitedClasses="0" numClasses="0" visitedMethods="1" numMethods="1" />
              <MetadataToken>100663301</MetadataToken>
              <Name>System.Void DoorAnimationEvent::Update()</Name>
              <FileRef uid="2" />
              <SequencePoints>
                <SequencePoint vc="524412" uspid="39657" ordinal="0" offset="0" sl="20" sc="5" el="20" ec="5" bec="0" bev="0" fileid="2" />
                <SequencePoint vc="524412" uspid="39658" ordinal="0" offset="1" sl="22" sc="5" el="22" ec="5" bec="0" bev="0" fileid="2" />
              </SequencePoints>
              <BranchPoints />
            </Method>
            <Method visited="true" cyclomaticComplexity="0" nPathComplexity="0" sequenceCoverage="100.0" branchCoverage="0" crapScore="0" isConstructor="false" isStatic="false" isGetter="false" isSetter="false">
              <Summary numSequencePoints="6" visitedSequencePoints="6" numBranchPoints="0" visitedBranchPoints="0" sequenceCoverage="100.0" branchCoverage="0" maxCyclomaticComplexity="0" minCyclomaticComplexity="0" maxCrapScore="0" minCrapScore="0" visitedClasses="0" numClasses="0" visitedMethods="1" numMethods="1" />
              <MetadataToken>100663302</MetadataToken>
              <Name>System.Void DoorAnimationEvent::OnTriggerEnter(UnityEngine.Collider)</Name>
              <FileRef uid="2" />
              <SequencePoints>
                <SequencePoint vc="12" uspid="39659" ordinal="0" offset="0" sl="25" sc="5" el="25" ec="5" bec="0" bev="0" fileid="2" />
                <SequencePoint vc="12" uspid="39660" ordinal="0" offset="1" sl="26" sc="9" el="26" ec="9" bec="0" bev="0" fileid="2" />
                <SequencePoint vc="6" uspid="39661" ordinal="0" offset="14" sl="27" sc="9" el="27" ec="9" bec="0" bev="0" fileid="2" />
                <SequencePoint vc="6" uspid="39662" ordinal="0" offset="15" sl="28" sc="13" el="28" ec="13" bec="0" bev="0" fileid="2" />
                <SequencePoint vc="6" uspid="39663" ordinal="0" offset="22" sl="30" sc="9" el="30" ec="9" bec="0" bev="0" fileid="2" />
                <SequencePoint vc="12" uspid="39664" ordinal="0" offset="23" sl="31" sc="5" el="31" ec="5" bec="0" bev="0" fileid="2" />
              </SequencePoints>
              <BranchPoints />
            </Method>
            <Method visited="true" cyclomaticComplexity="0" nPathComplexity="0" sequenceCoverage="100.0" branchCoverage="0" crapScore="0" isConstructor="false" isStatic="false" isGetter="false" isSetter="false">
              <Summary numSequencePoints="4" visitedSequencePoints="4" numBranchPoints="0" visitedBranchPoints="0" sequenceCoverage="100.0" branchCoverage="0" maxCyclomaticComplexity="0" minCyclomaticComplexity="0" maxCrapScore="0" minCrapScore="0" visitedClasses="0" numClasses="0" visitedMethods="1" numMethods="1" />
              <MetadataToken>100663303</MetadataToken>
              <Name>System.Void DoorAnimationEvent::openDoors()</Name>
              <FileRef uid="2" />
              <SequencePoints>
                <SequencePoint vc="6" uspid="39665" ordinal="0" offset="0" sl="34" sc="5" el="34" ec="5" bec="0" bev="0" fileid="2" />
                <SequencePoint vc="6" uspid="39666" ordinal="0" offset="1" sl="35" sc="9" el="35" ec="9" bec="0" bev="0" fileid="2" />
                <SequencePoint vc="6" uspid="39667" ordinal="0" offset="8" sl="36" sc="9" el="36" ec="9" bec="0" bev="0" fileid="2" />
                <SequencePoint vc="6" uspid="39668" ordinal="0" offset="25" sl="37" sc="5" el="37" ec="5" bec="0" bev="0" fileid="2" />
              </SequencePoints>
              <BranchPoints />
            </Method>
            <Method visited="true" cyclomaticComplexity="0" nPathComplexity="0" sequenceCoverage="100.0" branchCoverage="0" crapScore="0" isConstructor="false" isStatic="false" isGetter="false" isSetter="false">
              <Summary numSequencePoints="6" visitedSequencePoints="6" numBranchPoints="0" visitedBranchPoints="0" sequenceCoverage="100.0" branchCoverage="0" maxCyclomaticComplexity="0" minCyclomaticComplexity="0" maxCrapScore="0" minCrapScore="0" visitedClasses="0" numClasses="0" visitedMethods="1" numMethods="1" />
              <MetadataToken>100663304</MetadataToken>
              <Name>System.Void DoorAnimationEvent::OnTriggerExit(UnityEngine.Collider)</Name>
              <FileRef uid="2" />
              <SequencePoints>
                <SequencePoint vc="12" uspid="39669" ordinal="0" offset="0" sl="39" sc="5" el="39" ec="5" bec="0" bev="0" fileid="2" />
                <SequencePoint vc="12" uspid="39670" ordinal="0" offset="1" sl="40" sc="9" el="40" ec="9" bec="0" bev="0" fileid="2" />
                <SequencePoint vc="12" uspid="39671" ordinal="0" offset="11" sl="41" sc="9" el="41" ec="9" bec="0" bev="0" fileid="2" />
                <SequencePoint vc="12" uspid="39672" ordinal="0" offset="12" sl="42" sc="13" el="42" ec="13" bec="0" bev="0" fileid="2" />
                <SequencePoint vc="12" uspid="39673" ordinal="0" offset="29" sl="43" sc="9" el="43" ec="9" bec="0" bev="0" fileid="2" />
                <SequencePoint vc="12" uspid="39674" ordinal="0" offset="30" sl="44" sc="5" el="44" ec="5" bec="0" bev="0" fileid="2" />
              </SequencePoints>
              <BranchPoints />
            </Method>
            <Method visited="true" cyclomaticComplexity="0" nPathComplexity="0" sequenceCoverage="100.0" branchCoverage="0" crapScore="0" isConstructor="false" isStatic="false" isGetter="false" isSetter="false">
              <Summary numSequencePoints="4" visitedSequencePoints="4" numBranchPoints="0" visitedBranchPoints="0" sequenceCoverage="100.0" branchCoverage="0" maxCyclomaticComplexity="0" minCyclomaticComplexity="0" maxCrapScore="0" minCrapScore="0" visitedClasses="0" numClasses="0" visitedMethods="1" numMethods="1" />
              <MetadataToken>100663305</MetadataToken>
              <Name>System.Void DoorAnimationEvent::closeDoors()</Name>
              <FileRef uid="2" />
              <SequencePoints>
                <SequencePoint vc="12" uspid="39675" ordinal="0" offset="0" sl="47" sc="5" el="47" ec="5" bec="0" bev="0" fileid="2" />
                <SequencePoint vc="12" uspid="39676" ordinal="0" offset="1" sl="48" sc="9" el="48" ec="9" bec="0" bev="0" fileid="2" />
                <SequencePoint vc="12" uspid="39677" ordinal="0" offset="8" sl="49" sc="9" el="49" ec="9" bec="0" bev="0" fileid="2" />
                <SequencePoint vc="12" uspid="39678" ordinal="0" offset="25" sl="50" sc="5" el="50" ec="5" bec="0" bev="0" fileid="2" />
              </SequencePoints>
              <BranchPoints />
            </Method>
            <Method visited="true" cyclomaticComplexity="0" nPathComplexity="0" sequenceCoverage="100.0" branchCoverage="0" crapScore="0" isConstructor="true" isStatic="false" isGetter="false" isSetter="false">
              <Summary numSequencePoints="2" visitedSequencePoints="2" numBranchPoints="0" visitedBranchPoints="0" sequenceCoverage="100.0" branchCoverage="0" maxCyclomaticComplexity="0" minCyclomaticComplexity="0" maxCrapScore="0" minCrapScore="0" visitedClasses="0" numClasses="0" visitedMethods="1" numMethods="1" />
              <MetadataToken>100663306</MetadataToken>
              <Name>DoorAnimationEvent::DoorAnimationEvent()</Name>
              <FileRef uid="2" />
              <SequencePoints>
                <SequencePoint vc="6" uspid="39679" ordinal="0" offset="0" sl="7" sc="5" el="7" ec="5" bec="0" bev="0" fileid="2" />
                <SequencePoint vc="6" uspid="39680" ordinal="0" offset="7" sl="10" sc="5" el="10" ec="5" bec="0" bev="0" fileid="2" />
              </SequencePoints>
              <BranchPoints />
            </Method>
          </Methods>
        </Class>
        <Class>
          <Summary numSequencePoints="12" visitedSequencePoints="7" numBranchPoints="0" visitedBranchPoints="0" sequenceCoverage="58.33" branchCoverage="0.0" maxCyclomaticComplexity="0" minCyclomaticComplexity="0" maxCrapScore="0" minCrapScore="0" visitedClasses="1" numClasses="1" visitedMethods="3" numMethods="3" />
          <FullName>ExitDoor</FullName>
          <Methods>
            <Method visited="true" cyclomaticComplexity="0" nPathComplexity="0" sequenceCoverage="100.0" branchCoverage="0" crapScore="0" isConstructor="false" isStatic="false" isGetter="false" isSetter="false">
              <Summary numSequencePoints="3" visitedSequencePoints="3" numBranchPoints="0" visitedBranchPoints="0" sequenceCoverage="100.0" branchCoverage="0" maxCyclomaticComplexity="0" minCyclomaticComplexity="0" maxCrapScore="0" minCrapScore="0" visitedClasses="0" numClasses="0" visitedMethods="1" numMethods="1" />
              <MetadataToken>100663307</MetadataToken>
              <Name>System.Void ExitDoor::Start()</Name>
              <FileRef uid="3" />
              <SequencePoints>
                <SequencePoint vc="1" uspid="39681" ordinal="0" offset="0" sl="15" sc="5" el="15" ec="5" bec="0" bev="0" fileid="3" />
                <SequencePoint vc="1" uspid="39682" ordinal="0" offset="1" sl="16" sc="9" el="16" ec="9" bec="0" bev="0" fileid="3" />
                <SequencePoint vc="1" uspid="39683" ordinal="0" offset="13" sl="17" sc="5" el="17" ec="5" bec="0" bev="0" fileid="3" />
              </SequencePoints>
              <BranchPoints />
            </Method>
            <Method visited="true" cyclomaticComplexity="0" nPathComplexity="0" sequenceCoverage="37.50" branchCoverage="0" crapScore="0" isConstructor="false" isStatic="false" isGetter="false" isSetter="false">
              <Summary numSequencePoints="8" visitedSequencePoints="3" numBranchPoints="0" visitedBranchPoints="0" sequenceCoverage="37.50" branchCoverage="0" maxCyclomaticComplexity="0" minCyclomaticComplexity="0" maxCrapScore="0" minCrapScore="0" visitedClasses="0" numClasses="0" visitedMethods="1" numMethods="1" />
              <MetadataToken>100663309</MetadataToken>
              <Name>System.Void ExitDoor::OnTriggerEnter(UnityEngine.Collider)</Name>
              <FileRef uid="3" />
              <SequencePoints>
                <SequencePoint vc="1" uspid="39691" ordinal="0" offset="0" sl="29" sc="5" el="29" ec="5" bec="0" bev="0" fileid="3" />
                <SequencePoint vc="1" uspid="39692" ordinal="0" offset="1" sl="30" sc="9" el="30" ec="9" bec="0" bev="0" fileid="3" />
                <SequencePoint vc="0" uspid="39693" ordinal="0" offset="11" sl="31" sc="9" el="31" ec="9" bec="0" bev="0" fileid="3" />
                <SequencePoint vc="0" uspid="39694" ordinal="0" offset="12" sl="32" sc="13" el="32" ec="13" bec="0" bev="0" fileid="3" />
                <SequencePoint vc="0" uspid="39695" ordinal="0" offset="19" sl="33" sc="13" el="33" ec="13" bec="0" bev="0" fileid="3" />
                <SequencePoint vc="0" uspid="39696" ordinal="0" offset="36" sl="34" sc="13" el="34" ec="13" bec="0" bev="0" fileid="3" />
                <SequencePoint vc="0" uspid="39697" ordinal="0" offset="48" sl="35" sc="9" el="35" ec="9" bec="0" bev="0" fileid="3" />
                <SequencePoint vc="1" uspid="39698" ordinal="0" offset="49" sl="36" sc="5" el="36" ec="5" bec="0" bev="0" fileid="3" />
              </SequencePoints>
              <BranchPoints />
            </Method>
            <Method visited="true" cyclomaticComplexity="0" nPathComplexity="0" sequenceCoverage="100.0" branchCoverage="0" crapScore="0" isConstructor="true" isStatic="false" isGetter="false" isSetter="false">
              <Summary numSequencePoints="1" visitedSequencePoints="1" numBranchPoints="0" visitedBranchPoints="0" sequenceCoverage="100.0" branchCoverage="0" maxCyclomaticComplexity="0" minCyclomaticComplexity="0" maxCrapScore="0" minCrapScore="0" visitedClasses="0" numClasses="0" visitedMethods="1" numMethods="1" />
              <MetadataToken>100663310</MetadataToken>
              <Name>ExitDoor::ExitDoor()</Name>
              <FileRef uid="3" />
              <SequencePoints>
                <SequencePoint vc="1" uspid="39699" ordinal="0" offset="0" sl="8" sc="5" el="8" ec="5" bec="0" bev="0" fileid="3" />
              </SequencePoints>
              <BranchPoints />
            </Method>
          </Methods>
        </Class>
        <Class>
          <Summary numSequencePoints="25" visitedSequencePoints="17" numBranchPoints="0" visitedBranchPoints="0" sequenceCoverage="68.00" branchCoverage="0.0" maxCyclomaticComplexity="0" minCyclomaticComplexity="0" maxCrapScore="0" minCrapScore="0" visitedClasses="1" numClasses="1" visitedMethods="5" numMethods="5" />
          <FullName>FinalDoor</FullName>
          <Methods>
            <Method visited="true" cyclomaticComplexity="0" nPathComplexity="0" sequenceCoverage="100.0" branchCoverage="0" crapScore="0" isConstructor="false" isStatic="false" isGetter="false" isSetter="false">
              <Summary numSequencePoints="3" visitedSequencePoints="3" numBranchPoints="0" visitedBranchPoints="0" sequenceCoverage="100.0" branchCoverage="0" maxCyclomaticComplexity="0" minCyclomaticComplexity="0" maxCrapScore="0" minCrapScore="0" visitedClasses="0" numClasses="0" visitedMethods="1" numMethods="1" />
              <MetadataToken>100663311</MetadataToken>
              <Name>System.Void FinalDoor::Start()</Name>
              <FileRef uid="4" />
              <SequencePoints>
                <SequencePoint vc="2" uspid="39700" ordinal="0" offset="0" sl="14" sc="5" el="14" ec="5" bec="0" bev="0" fileid="4" />
                <SequencePoint vc="2" uspid="39701" ordinal="0" offset="1" sl="15" sc="9" el="15" ec="9" bec="0" bev="0" fileid="4" />
                <SequencePoint vc="2" uspid="39702" ordinal="0" offset="13" sl="16" sc="5" el="16" ec="5" bec="0" bev="0" fileid="4" />
              </SequencePoints>
              <BranchPoints />
            </Method>
            <Method visited="true" cyclomaticComplexity="0" nPathComplexity="0" sequenceCoverage="60.00" branchCoverage="0" crapScore="0" isConstructor="false" isStatic="false" isGetter="false" isSetter="false">
              <Summary numSequencePoints="10" visitedSequencePoints="6" numBranchPoints="0" visitedBranchPoints="0" sequenceCoverage="60.00" branchCoverage="0" maxCyclomaticComplexity="0" minCyclomaticComplexity="0" maxCrapScore="0" minCrapScore="0" visitedClasses="0" numClasses="0" visitedMethods="1" numMethods="1" />
              <MetadataToken>100663312</MetadataToken>
              <Name>System.Void FinalDoor::OnTriggerEnter(UnityEngine.Collider)</Name>
              <FileRef uid="4" />
              <SequencePoints>
                <SequencePoint vc="8" uspid="39703" ordinal="0" offset="0" sl="20" sc="5" el="20" ec="5" bec="0" bev="0" fileid="4" />
                <SequencePoint vc="8" uspid="39704" ordinal="0" offset="1" sl="21" sc="9" el="21" ec="9" bec="0" bev="0" fileid="4" />
                <SequencePoint vc="8" uspid="39705" ordinal="0" offset="14" sl="22" sc="9" el="22" ec="9" bec="0" bev="0" fileid="4" />
                <SequencePoint vc="8" uspid="39706" ordinal="0" offset="15" sl="23" sc="13" el="23" ec="13" bec="0" bev="0" fileid="4" />
                <SequencePoint vc="0" uspid="39707" ordinal="0" offset="25" sl="24" sc="13" el="24" ec="13" bec="0" bev="0" fileid="4" />
                <SequencePoint vc="0" uspid="39708" ordinal="0" offset="26" sl="25" sc="17" el="25" ec="17" bec="0" bev="0" fileid="4" />
                <SequencePoint vc="0" uspid="39709" ordinal="0" offset="33" sl="26" sc="17" el="26" ec="17" bec="0" bev="0" fileid="4" />
                <SequencePoint vc="0" uspid="39710" ordinal="0" offset="50" sl="27" sc="13" el="27" ec="13" bec="0" bev="0" fileid="4" />
                <SequencePoint vc="8" uspid="39711" ordinal="0" offset="51" sl="28" sc="9" el="28" ec="9" bec="0" bev="0" fileid="4" />
                <SequencePoint vc="8" uspid="39712" ordinal="0" offset="52" sl="29" sc="5" el="29" ec="5" bec="0" bev="0" fileid="4" />
              </SequencePoints>
              <BranchPoints />
            </Method>
            <Method visited="true" cyclomaticComplexity="0" nPathComplexity="0" sequenceCoverage="100.0" branchCoverage="0" crapScore="0" isConstructor="false" isStatic="false" isGetter="false" isSetter="false">
              <Summary numSequencePoints="3" visitedSequencePoints="3" numBranchPoints="0" visitedBranchPoints="0" sequenceCoverage="100.0" branchCoverage="0" maxCyclomaticComplexity="0" minCyclomaticComplexity="0" maxCrapScore="0" minCrapScore="0" visitedClasses="0" numClasses="0" visitedMethods="1" numMethods="1" />
              <MetadataToken>100663313</MetadataToken>
              <Name>System.Void FinalDoor::inside()</Name>
              <FileRef uid="4" />
              <SequencePoints>
                <SequencePoint vc="54" uspid="39713" ordinal="0" offset="0" sl="32" sc="5" el="32" ec="5" bec="0" bev="0" fileid="4" />
                <SequencePoint vc="54" uspid="39714" ordinal="0" offset="1" sl="33" sc="9" el="33" ec="9" bec="0" bev="0" fileid="4" />
                <SequencePoint vc="54" uspid="39715" ordinal="0" offset="8" sl="34" sc="5" el="34" ec="5" bec="0" bev="0" fileid="4" />
              </SequencePoints>
              <BranchPoints />
            </Method>
            <Method visited="true" cyclomaticComplexity="0" nPathComplexity="0" sequenceCoverage="42.86" branchCoverage="0" crapScore="0" isConstructor="false" isStatic="false" isGetter="false" isSetter="false">
              <Summary numSequencePoints="7" visitedSequencePoints="3" numBranchPoints="0" visitedBranchPoints="0" sequenceCoverage="42.86" branchCoverage="0" maxCyclomaticComplexity="0" minCyclomaticComplexity="0" maxCrapScore="0" minCrapScore="0" visitedClasses="0" numClasses="0" visitedMethods="1" numMethods="1" />
              <MetadataToken>100663315</MetadataToken>
              <Name>System.Void FinalDoor::OnTriggerExit(UnityEngine.Collider)</Name>
              <FileRef uid="4" />
              <SequencePoints>
                <SequencePoint vc="8" uspid="39719" ordinal="0" offset="0" sl="42" sc="5" el="42" ec="5" bec="0" bev="0" fileid="4" />
                <SequencePoint vc="8" uspid="39720" ordinal="0" offset="1" sl="43" sc="9" el="43" ec="9" bec="0" bev="0" fileid="4" />
                <SequencePoint vc="0" uspid="39721" ordinal="0" offset="11" sl="44" sc="9" el="44" ec="9" bec="0" bev="0" fileid="4" />
                <SequencePoint vc="0" uspid="39722" ordinal="0" offset="12" sl="45" sc="13" el="45" ec="13" bec="0" bev="0" fileid="4" />
                <SequencePoint vc="0" uspid="39723" ordinal="0" offset="19" sl="46" sc="13" el="46" ec="13" bec="0" bev="0" fileid="4" />
                <SequencePoint vc="0" uspid="39724" ordinal="0" offset="36" sl="47" sc="9" el="47" ec="9" bec="0" bev="0" fileid="4" />
                <SequencePoint vc="8" uspid="39725" ordinal="0" offset="37" sl="48" sc="5" el="48" ec="5" bec="0" bev="0" fileid="4" />
              </SequencePoints>
              <BranchPoints />
            </Method>
            <Method visited="true" cyclomaticComplexity="0" nPathComplexity="0" sequenceCoverage="100.0" branchCoverage="0" crapScore="0" isConstructor="true" isStatic="false" isGetter="false" isSetter="false">
              <Summary numSequencePoints="2" visitedSequencePoints="2" numBranchPoints="0" visitedBranchPoints="0" sequenceCoverage="100.0" branchCoverage="0" maxCyclomaticComplexity="0" minCyclomaticComplexity="0" maxCrapScore="0" minCrapScore="0" visitedClasses="0" numClasses="0" visitedMethods="1" numMethods="1" />
              <MetadataToken>100663316</MetadataToken>
              <Name>FinalDoor::FinalDoor()</Name>
              <FileRef uid="4" />
              <SequencePoints>
                <SequencePoint vc="2" uspid="39726" ordinal="0" offset="0" sl="8" sc="5" el="8" ec="5" bec="0" bev="0" fileid="4" />
                <SequencePoint vc="2" uspid="39727" ordinal="0" offset="7" sl="9" sc="5" el="9" ec="5" bec="0" bev="0" fileid="4" />
              </SequencePoints>
              <BranchPoints />
            </Method>
          </Methods>
        </Class>
        <Class>
          <Summary numSequencePoints="34" visitedSequencePoints="19" numBranchPoints="0" visitedBranchPoints="0" sequenceCoverage="55.88" branchCoverage="0.0" maxCyclomaticComplexity="0" minCyclomaticComplexity="0" maxCrapScore="0" minCrapScore="0" visitedClasses="1" numClasses="1" visitedMethods="5" numMethods="5" />
          <FullName>finalPuzzle</FullName>
          <Methods>
            <Method visited="true" cyclomaticComplexity="0" nPathComplexity="0" sequenceCoverage="100.0" branchCoverage="0" crapScore="0" isConstructor="false" isStatic="false" isGetter="false" isSetter="false">
              <Summary numSequencePoints="5" visitedSequencePoints="5" numBranchPoints="0" visitedBranchPoints="0" sequenceCoverage="100.0" branchCoverage="0" maxCyclomaticComplexity="0" minCyclomaticComplexity="0" maxCrapScore="0" minCrapScore="0" visitedClasses="0" numClasses="0" visitedMethods="1" numMethods="1" />
              <MetadataToken>100663317</MetadataToken>
              <Name>System.Void finalPuzzle::Start()</Name>
              <FileRef uid="5" />
              <SequencePoints>
                <SequencePoint vc="1" uspid="39728" ordinal="0" offset="0" sl="27" sc="5" el="27" ec="5" bec="0" bev="0" fileid="5" />
                <SequencePoint vc="1" uspid="39729" ordinal="0" offset="1" sl="28" sc="9" el="28" ec="9" bec="0" bev="0" fileid="5" />
                <SequencePoint vc="1" uspid="39730" ordinal="0" offset="14" sl="29" sc="9" el="29" ec="9" bec="0" bev="0" fileid="5" />
                <SequencePoint vc="1" uspid="39731" ordinal="0" offset="27" sl="30" sc="9" el="30" ec="9" bec="0" bev="0" fileid="5" />
                <SequencePoint vc="1" uspid="39732" ordinal="0" offset="40" sl="31" sc="5" el="31" ec="5" bec="0" bev="0" fileid="5" />
              </SequencePoints>
              <BranchPoints />
            </Method>
            <Method visited="true" cyclomaticComplexity="0" nPathComplexity="0" sequenceCoverage="25.00" branchCoverage="0" crapScore="0" isConstructor="false" isStatic="false" isGetter="false" isSetter="false">
              <Summary numSequencePoints="20" visitedSequencePoints="5" numBranchPoints="0" visitedBranchPoints="0" sequenceCoverage="25.00" branchCoverage="0" maxCyclomaticComplexity="0" minCyclomaticComplexity="0" maxCrapScore="0" minCrapScore="0" visitedClasses="0" numClasses="0" visitedMethods="1" numMethods="1" />
              <MetadataToken>100663318</MetadataToken>
              <Name>System.Void finalPuzzle::Update()</Name>
              <FileRef uid="5" />
              <SequencePoints>
                <SequencePoint vc="87402" uspid="39733" ordinal="0" offset="0" sl="34" sc="5" el="34" ec="5" bec="0" bev="0" fileid="5" />
                <SequencePoint vc="87402" uspid="39734" ordinal="0" offset="1" sl="35" sc="9" el="35" ec="9" bec="0" bev="0" fileid="5" />
                <SequencePoint vc="0" uspid="39735" ordinal="0" offset="17" sl="36" sc="9" el="36" ec="9" bec="0" bev="0" fileid="5" />
                <SequencePoint vc="0" uspid="39736" ordinal="0" offset="18" sl="37" sc="13" el="37" ec="13" bec="0" bev="0" fileid="5" />
                <SequencePoint vc="0" uspid="39737" ordinal="0" offset="25" sl="38" sc="9" el="38" ec="9" bec="0" bev="0" fileid="5" />
                <SequencePoint vc="87402" uspid="39738" ordinal="0" offset="26" sl="39" sc="9" el="39" ec="9" bec="0" bev="0" fileid="5" />
                <SequencePoint vc="0" uspid="39739" ordinal="0" offset="36" sl="40" sc="9" el="40" ec="9" bec="0" bev="0" fileid="5" />
                <SequencePoint vc="0" uspid="39740" ordinal="0" offset="37" sl="41" sc="13" el="41" ec="13" bec="0" bev="0" fileid="5" />
                <SequencePoint vc="0" uspid="39741" ordinal="0" offset="50" sl="42" sc="13" el="42" ec="13" bec="0" bev="0" fileid="5" />
                <SequencePoint vc="0" uspid="39742" ordinal="0" offset="63" sl="44" sc="13" el="44" ec="13" bec="0" bev="0" fileid="5" />
                <SequencePoint vc="0" uspid="39743" ordinal="0" offset="76" sl="45" sc="13" el="45" ec="13" bec="0" bev="0" fileid="5" />
                <SequencePoint vc="0" uspid="39744" ordinal="0" offset="89" sl="46" sc="13" el="46" ec="13" bec="0" bev="0" fileid="5" />
                <SequencePoint vc="0" uspid="39745" ordinal="0" offset="102" sl="47" sc="13" el="47" ec="13" bec="0" bev="0" fileid="5" />
                <SequencePoint vc="0" uspid="39746" ordinal="0" offset="115" sl="48" sc="9" el="48" ec="9" bec="0" bev="0" fileid="5" />
                <SequencePoint vc="87402" uspid="39747" ordinal="0" offset="116" sl="49" sc="9" el="49" ec="9" bec="0" bev="0" fileid="5" />
                <SequencePoint vc="0" uspid="39748" ordinal="0" offset="132" sl="50" sc="9" el="50" ec="9" bec="0" bev="0" fileid="5" />
                <SequencePoint vc="0" uspid="39749" ordinal="0" offset="133" sl="51" sc="13" el="51" ec="13" bec="0" bev="0" fileid="5" />
                <SequencePoint vc="0" uspid="39750" ordinal="0" offset="146" sl="52" sc="13" el="52" ec="13" bec="0" bev="0" fileid="5" />
                <SequencePoint vc="0" uspid="39751" ordinal="0" offset="159" sl="53" sc="9" el="53" ec="9" bec="0" bev="0" fileid="5" />
                <SequencePoint vc="87402" uspid="39752" ordinal="0" offset="160" sl="54" sc="5" el="54" ec="5" bec="0" bev="0" fileid="5" />
              </SequencePoints>
              <BranchPoints />
            </Method>
            <Method visited="true" cyclomaticComplexity="0" nPathComplexity="0" sequenceCoverage="100.0" branchCoverage="0" crapScore="0" isConstructor="false" isStatic="false" isGetter="false" isSetter="false">
              <Summary numSequencePoints="3" visitedSequencePoints="3" numBranchPoints="0" visitedBranchPoints="0" sequenceCoverage="100.0" branchCoverage="0" maxCyclomaticComplexity="0" minCyclomaticComplexity="0" maxCrapScore="0" minCrapScore="0" visitedClasses="0" numClasses="0" visitedMethods="1" numMethods="1" />
              <MetadataToken>100663319</MetadataToken>
              <Name>System.Void finalPuzzle::decrementFirstPart()</Name>
              <FileRef uid="5" />
              <SequencePoints>
                <SequencePoint vc="1" uspid="39753" ordinal="0" offset="0" sl="57" sc="5" el="57" ec="5" bec="0" bev="0" fileid="5" />
                <SequencePoint vc="1" uspid="39754" ordinal="0" offset="1" sl="58" sc="9" el="58" ec="9" bec="0" bev="0" fileid="5" />
                <SequencePoint vc="1" uspid="39755" ordinal="0" offset="15" sl="59" sc="5" el="59" ec="5" bec="0" bev="0" fileid="5" />
              </SequencePoints>
              <BranchPoints />
            </Method>
            <Method visited="true" cyclomaticComplexity="0" nPathComplexity="0" sequenceCoverage="100.0" branchCoverage="0" crapScore="0" isConstructor="false" isStatic="false" isGetter="false" isSetter="false">
              <Summary numSequencePoints="3" visitedSequencePoints="3" numBranchPoints="0" visitedBranchPoints="0" sequenceCoverage="100.0" branchCoverage="0" maxCyclomaticComplexity="0" minCyclomaticComplexity="0" maxCrapScore="0" minCrapScore="0" visitedClasses="0" numClasses="0" visitedMethods="1" numMethods="1" />
              <MetadataToken>100663320</MetadataToken>
              <Name>System.Void finalPuzzle::incrementFirstPart()</Name>
              <FileRef uid="5" />
              <SequencePoints>
                <SequencePoint vc="4" uspid="39756" ordinal="0" offset="0" sl="62" sc="5" el="62" ec="5" bec="0" bev="0" fileid="5" />
                <SequencePoint vc="4" uspid="39757" ordinal="0" offset="1" sl="63" sc="9" el="63" ec="9" bec="0" bev="0" fileid="5" />
                <SequencePoint vc="4" uspid="39758" ordinal="0" offset="15" sl="64" sc="5" el="64" ec="5" bec="0" bev="0" fileid="5" />
              </SequencePoints>
              <BranchPoints />
            </Method>
            <Method visited="true" cyclomaticComplexity="0" nPathComplexity="0" sequenceCoverage="100.0" branchCoverage="0" crapScore="0" isConstructor="true" isStatic="false" isGetter="false" isSetter="false">
              <Summary numSequencePoints="3" visitedSequencePoints="3" numBranchPoints="0" visitedBranchPoints="0" sequenceCoverage="100.0" branchCoverage="0" maxCyclomaticComplexity="0" minCyclomaticComplexity="0" maxCrapScore="0" minCrapScore="0" visitedClasses="0" numClasses="0" visitedMethods="1" numMethods="1" />
              <MetadataToken>100663323</MetadataToken>
              <Name>finalPuzzle::finalPuzzle()</Name>
              <FileRef uid="5" />
              <SequencePoints>
                <SequencePoint vc="1" uspid="39765" ordinal="0" offset="0" sl="9" sc="5" el="9" ec="5" bec="0" bev="0" fileid="5" />
                <SequencePoint vc="1" uspid="39766" ordinal="0" offset="7" sl="11" sc="5" el="11" ec="5" bec="0" bev="0" fileid="5" />
                <SequencePoint vc="1" uspid="39767" ordinal="0" offset="14" sl="12" sc="5" el="12" ec="5" bec="0" bev="0" fileid="5" />
              </SequencePoints>
              <BranchPoints />
            </Method>
          </Methods>
        </Class>
        <Class>
          <Summary numSequencePoints="26" visitedSequencePoints="16" numBranchPoints="0" visitedBranchPoints="0" sequenceCoverage="61.54" branchCoverage="0.0" maxCyclomaticComplexity="0" minCyclomaticComplexity="0" maxCrapScore="0" minCrapScore="0" visitedClasses="1" numClasses="1" visitedMethods="4" numMethods="4" />
          <FullName>finalPuzzleSockets</FullName>
          <Methods>
            <Method visited="true" cyclomaticComplexity="0" nPathComplexity="0" sequenceCoverage="100.0" branchCoverage="0" crapScore="0" isConstructor="false" isStatic="false" isGetter="false" isSetter="false">
              <Summary numSequencePoints="1" visitedSequencePoints="1" numBranchPoints="0" visitedBranchPoints="0" sequenceCoverage="100.0" branchCoverage="0" maxCyclomaticComplexity="0" minCyclomaticComplexity="0" maxCrapScore="0" minCrapScore="0" visitedClasses="0" numClasses="0" visitedMethods="1" numMethods="1" />
              <MetadataToken>100663324</MetadataToken>
              <Name>System.Void finalPuzzleSockets::Awake()</Name>
              <FileRef uid="6" />
              <SequencePoints>
                <SequencePoint vc="3" uspid="39768" ordinal="0" offset="0" sl="14" sc="29" el="14" ec="29" bec="0" bev="0" fileid="6" />
              </SequencePoints>
              <BranchPoints />
            </Method>
            <Method visited="true" cyclomaticComplexity="0" nPathComplexity="0" sequenceCoverage="72.73" branchCoverage="0" crapScore="0" isConstructor="false" isStatic="false" isGetter="false" isSetter="false">
              <Summary numSequencePoints="11" visitedSequencePoints="8" numBranchPoints="0" visitedBranchPoints="0" sequenceCoverage="72.73" branchCoverage="0" maxCyclomaticComplexity="0" minCyclomaticComplexity="0" maxCrapScore="0" minCrapScore="0" visitedClasses="0" numClasses="0" visitedMethods="1" numMethods="1" />
              <MetadataToken>100663325</MetadataToken>
              <Name>System.Void finalPuzzleSockets::OnEnable()</Name>
              <FileRef uid="6" />
              <SequencePoints>
                <SequencePoint vc="3" uspid="39769" ordinal="0" offset="0" sl="17" sc="5" el="17" ec="5" bec="0" bev="0" fileid="6" />
                <SequencePoint vc="3" uspid="39770" ordinal="0" offset="1" sl="18" sc="9" el="18" ec="9" bec="0" bev="0" fileid="6" />
                <SequencePoint vc="0" uspid="39771" ordinal="0" offset="17" sl="19" sc="9" el="19" ec="9" bec="0" bev="0" fileid="6" />
                <SequencePoint vc="0" uspid="39772" ordinal="0" offset="18" sl="20" sc="13" el="20" ec="13" bec="0" bev="0" fileid="6" />
                <SequencePoint vc="0" uspid="39773" ordinal="0" offset="30" sl="21" sc="9" el="21" ec="9" bec="0" bev="0" fileid="6" />
                <SequencePoint vc="3" uspid="39774" ordinal="0" offset="31" sl="22" sc="9" el="22" ec="9" bec="0" bev="0" fileid="6" />
                <SequencePoint vc="3" uspid="39775" ordinal="0" offset="47" sl="23" sc="9" el="23" ec="9" bec="0" bev="0" fileid="6" />
                <SequencePoint vc="3" uspid="39776" ordinal="0" offset="48" sl="24" sc="13" el="24" ec="13" bec="0" bev="0" fileid="6" />
                <SequencePoint vc="3" uspid="39777" ordinal="0" offset="77" sl="25" sc="13" el="25" ec="13" bec="0" bev="0" fileid="6" />
                <SequencePoint vc="3" uspid="39778" ordinal="0" offset="106" sl="26" sc="9" el="26" ec="9" bec="0" bev="0" fileid="6" />
                <SequencePoint vc="3" uspid="39779" ordinal="0" offset="107" sl="27" sc="5" el="27" ec="5" bec="0" bev="0" fileid="6" />
              </SequencePoints>
              <BranchPoints />
            </Method>
            <Method visited="true" cyclomaticComplexity="0" nPathComplexity="0" sequenceCoverage="57.14" branchCoverage="0" crapScore="0" isConstructor="false" isStatic="false" isGetter="false" isSetter="false">
              <Summary numSequencePoints="7" visitedSequencePoints="4" numBranchPoints="0" visitedBranchPoints="0" sequenceCoverage="57.14" branchCoverage="0" maxCyclomaticComplexity="0" minCyclomaticComplexity="0" maxCrapScore="0" minCrapScore="0" visitedClasses="0" numClasses="0" visitedMethods="1" numMethods="1" />
              <MetadataToken>100663327</MetadataToken>
              <Name>System.Void finalPuzzleSockets::ObjectSnapped(UnityEngine.XR.Interaction.Toolkit.SelectEnterEventArgs)</Name>
              <FileRef uid="6" />
              <SequencePoints>
                <SequencePoint vc="4" uspid="39784" ordinal="0" offset="0" sl="36" sc="5" el="36" ec="5" bec="0" bev="0" fileid="6" />
                <SequencePoint vc="4" uspid="39785" ordinal="0" offset="1" sl="37" sc="9" el="37" ec="9" bec="0" bev="0" fileid="6" />
                <SequencePoint vc="4" uspid="39786" ordinal="0" offset="13" sl="38" sc="9" el="38" ec="9" bec="0" bev="0" fileid="6" />
                <SequencePoint vc="0" uspid="39787" ordinal="0" offset="49" sl="39" sc="9" el="39" ec="9" bec="0" bev="0" fileid="6" />
                <SequencePoint vc="0" uspid="39788" ordinal="0" offset="50" sl="40" sc="13" el="40" ec="13" bec="0" bev="0" fileid="6" />
                <SequencePoint vc="0" uspid="39789" ordinal="0" offset="62" sl="41" sc="9" el="41" ec="9" bec="0" bev="0" fileid="6" />
                <SequencePoint vc="3" uspid="39790" ordinal="0" offset="63" sl="42" sc="5" el="42" ec="5" bec="0" bev="0" fileid="6" />
              </SequencePoints>
              <BranchPoints />
            </Method>
            <Method visited="true" cyclomaticComplexity="0" nPathComplexity="0" sequenceCoverage="42.86" branchCoverage="0" crapScore="0" isConstructor="false" isStatic="false" isGetter="false" isSetter="false">
              <Summary numSequencePoints="7" visitedSequencePoints="3" numBranchPoints="0" visitedBranchPoints="0" sequenceCoverage="42.86" branchCoverage="0" maxCyclomaticComplexity="0" minCyclomaticComplexity="0" maxCrapScore="0" minCrapScore="0" visitedClasses="0" numClasses="0" visitedMethods="1" numMethods="1" />
              <MetadataToken>100663328</MetadataToken>
              <Name>System.Void finalPuzzleSockets::ObjectRemoved(UnityEngine.XR.Interaction.Toolkit.SelectExitEventArgs)</Name>
              <FileRef uid="6" />
              <SequencePoints>
                <SequencePoint vc="1" uspid="39791" ordinal="0" offset="0" sl="44" sc="5" el="44" ec="5" bec="0" bev="0" fileid="6" />
                <SequencePoint vc="1" uspid="39792" ordinal="0" offset="1" sl="45" sc="9" el="45" ec="9" bec="0" bev="0" fileid="6" />
                <SequencePoint vc="1" uspid="39793" ordinal="0" offset="13" sl="46" sc="9" el="46" ec="9" bec="0" bev="0" fileid="6" />
                <SequencePoint vc="0" uspid="39794" ordinal="0" offset="49" sl="47" sc="9" el="47" ec="9" bec="0" bev="0" fileid="6" />
                <SequencePoint vc="0" uspid="39795" ordinal="0" offset="50" sl="48" sc="13" el="48" ec="13" bec="0" bev="0" fileid="6" />
                <SequencePoint vc="0" uspid="39796" ordinal="0" offset="62" sl="49" sc="9" el="49" ec="9" bec="0" bev="0" fileid="6" />
                <SequencePoint vc="0" uspid="39797" ordinal="0" offset="63" sl="50" sc="5" el="50" ec="5" bec="0" bev="0" fileid="6" />
              </SequencePoints>
              <BranchPoints />
            </Method>
          </Methods>
        </Class>
        <Class>
          <Summary numSequencePoints="4" visitedSequencePoints="4" numBranchPoints="0" visitedBranchPoints="0" sequenceCoverage="100.0" branchCoverage="0.0" maxCyclomaticComplexity="0" minCyclomaticComplexity="0" maxCrapScore="0" minCrapScore="0" visitedClasses="1" numClasses="1" visitedMethods="1" numMethods="1" />
          <FullName>inFinalRoom</FullName>
          <Methods>
            <Method visited="true" cyclomaticComplexity="0" nPathComplexity="0" sequenceCoverage="100.0" branchCoverage="0" crapScore="0" isConstructor="false" isStatic="false" isGetter="false" isSetter="false">
              <Summary numSequencePoints="4" visitedSequencePoints="4" numBranchPoints="0" visitedBranchPoints="0" sequenceCoverage="100.0" branchCoverage="0" maxCyclomaticComplexity="0" minCyclomaticComplexity="0" maxCrapScore="0" minCrapScore="0" visitedClasses="0" numClasses="0" visitedMethods="1" numMethods="1" />
              <MetadataToken>100663330</MetadataToken>
              <Name>System.Void inFinalRoom::OnTriggerEnter(UnityEngine.Collider)</Name>
              <FileRef uid="7" />
              <SequencePoints>
                <SequencePoint vc="27" uspid="39798" ordinal="0" offset="0" sl="13" sc="5" el="13" ec="5" bec="0" bev="0" fileid="7" />
                <SequencePoint vc="27" uspid="39799" ordinal="0" offset="1" sl="14" sc="9" el="14" ec="9" bec="0" bev="0" fileid="7" />
                <SequencePoint vc="27" uspid="39800" ordinal="0" offset="13" sl="15" sc="9" el="15" ec="9" bec="0" bev="0" fileid="7" />
                <SequencePoint vc="27" uspid="39801" ordinal="0" offset="25" sl="16" sc="5" el="16" ec="5" bec="0" bev="0" fileid="7" />
              </SequencePoints>
              <BranchPoints />
            </Method>
          </Methods>
        </Class>
        <Class>
          <Summary numSequencePoints="33" visitedSequencePoints="17" numBranchPoints="0" visitedBranchPoints="0" sequenceCoverage="51.52" branchCoverage="0.0" maxCyclomaticComplexity="0" minCyclomaticComplexity="0" maxCrapScore="0" minCrapScore="0" visitedClasses="1" numClasses="1" visitedMethods="4" numMethods="4" />
          <FullName>Timer</FullName>
          <Methods>
            <Method visited="true" cyclomaticComplexity="0" nPathComplexity="0" sequenceCoverage="100.0" branchCoverage="0" crapScore="0" isConstructor="false" isStatic="false" isGetter="false" isSetter="false">
              <Summary numSequencePoints="3" visitedSequencePoints="3" numBranchPoints="0" visitedBranchPoints="0" sequenceCoverage="100.0" branchCoverage="0" maxCyclomaticComplexity="0" minCyclomaticComplexity="0" maxCrapScore="0" minCrapScore="0" visitedClasses="0" numClasses="0" visitedMethods="1" numMethods="1" />
              <MetadataToken>100663332</MetadataToken>
              <Name>System.Void Timer::Start()</Name>
              <FileRef uid="8" />
              <SequencePoints>
                <SequencePoint vc="1" uspid="39802" ordinal="0" offset="0" sl="25" sc="5" el="25" ec="5" bec="0" bev="0" fileid="8" />
                <SequencePoint vc="1" uspid="39803" ordinal="0" offset="1" sl="26" sc="9" el="26" ec="9" bec="0" bev="0" fileid="8" />
                <SequencePoint vc="1" uspid="39804" ordinal="0" offset="14" sl="27" sc="5" el="27" ec="5" bec="0" bev="0" fileid="8" />
              </SequencePoints>
              <BranchPoints />
            </Method>
            <Method visited="true" cyclomaticComplexity="0" nPathComplexity="0" sequenceCoverage="23.53" branchCoverage="0" crapScore="0" isConstructor="false" isStatic="false" isGetter="false" isSetter="false">
              <Summary numSequencePoints="17" visitedSequencePoints="4" numBranchPoints="0" visitedBranchPoints="0" sequenceCoverage="23.53" branchCoverage="0" maxCyclomaticComplexity="0" minCyclomaticComplexity="0" maxCrapScore="0" minCrapScore="0" visitedClasses="0" numClasses="0" visitedMethods="1" numMethods="1" />
              <MetadataToken>100663333</MetadataToken>
              <Name>System.Void Timer::Update()</Name>
              <FileRef uid="8" />
              <SequencePoints>
                <SequencePoint vc="87402" uspid="39805" ordinal="0" offset="0" sl="31" sc="5" el="31" ec="5" bec="0" bev="0" fileid="8" />
                <SequencePoint vc="87402" uspid="39806" ordinal="0" offset="1" sl="32" sc="9" el="32" ec="9" bec="0" bev="0" fileid="8" />
                <SequencePoint vc="0" uspid="39807" ordinal="0" offset="25" sl="33" sc="9" el="33" ec="9" bec="0" bev="0" fileid="8" />
                <SequencePoint vc="0" uspid="39808" ordinal="0" offset="26" sl="34" sc="13" el="34" ec="13" bec="0" bev="0" fileid="8" />
                <SequencePoint vc="0" uspid="39809" ordinal="0" offset="43" sl="35" sc="13" el="35" ec="13" bec="0" bev="0" fileid="8" />
                <SequencePoint vc="0" uspid="39810" ordinal="0" offset="44" sl="36" sc="17" el="36" ec="17" bec="0" bev="0" fileid="8" />
                <SequencePoint vc="0" uspid="39811" ordinal="0" offset="62" sl="37" sc="13" el="37" ec="13" bec="0" bev="0" fileid="8" />
                <SequencePoint vc="0" uspid="39812" ordinal="0" offset="65" sl="39" sc="13" el="39" ec="13" bec="0" bev="0" fileid="8" />
                <SequencePoint vc="0" uspid="39813" ordinal="0" offset="66" sl="40" sc="17" el="40" ec="17" bec="0" bev="0" fileid="8" />
                <SequencePoint vc="0" uspid="39814" ordinal="0" offset="79" sl="41" sc="17" el="41" ec="17" bec="0" bev="0" fileid="8" />
                <SequencePoint vc="0" uspid="39815" ordinal="0" offset="80" sl="42" sc="21" el="42" ec="21" bec="0" bev="0" fileid="8" />
                <SequencePoint vc="0" uspid="39816" ordinal="0" offset="91" sl="43" sc="21" el="43" ec="21" bec="0" bev="0" fileid="8" />
                <SequencePoint vc="0" uspid="39817" ordinal="0" offset="98" sl="44" sc="17" el="44" ec="17" bec="0" bev="0" fileid="8" />
                <SequencePoint vc="0" uspid="39818" ordinal="0" offset="99" sl="45" sc="13" el="45" ec="13" bec="0" bev="0" fileid="8" />
                <SequencePoint vc="0" uspid="39819" ordinal="0" offset="100" sl="46" sc="9" el="46" ec="9" bec="0" bev="0" fileid="8" />
                <SequencePoint vc="87402" uspid="39820" ordinal="0" offset="101" sl="47" sc="9" el="47" ec="9" bec="0" bev="0" fileid="8" />
                <SequencePoint vc="87402" uspid="39821" ordinal="0" offset="114" sl="48" sc="5" el="48" ec="5" bec="0" bev="0" fileid="8" />
              </SequencePoints>
              <BranchPoints />
            </Method>
            <Method visited="true" cyclomaticComplexity="0" nPathComplexity="0" sequenceCoverage="66.67" branchCoverage="0" crapScore="0" isConstructor="false" isStatic="false" isGetter="false" isSetter="false">
              <Summary numSequencePoints="9" visitedSequencePoints="6" numBranchPoints="0" visitedBranchPoints="0" sequenceCoverage="66.67" branchCoverage="0" maxCyclomaticComplexity="0" minCyclomaticComplexity="0" maxCrapScore="0" minCrapScore="0" visitedClasses="0" numClasses="0" visitedMethods="1" numMethods="1" />
              <MetadataToken>100663336</MetadataToken>
              <Name>System.Void Timer::TimeDisplay(System.Single)</Name>
              <FileRef uid="8" />
              <SequencePoints>
                <SequencePoint vc="87402" uspid="39831" ordinal="0" offset="0" sl="64" sc="5" el="64" ec="5" bec="0" bev="0" fileid="8" />
                <SequencePoint vc="87402" uspid="39832" ordinal="0" offset="1" sl="65" sc="9" el="65" ec="9" bec="0" bev="0" fileid="8" />
                <SequencePoint vc="0" uspid="39833" ordinal="0" offset="13" sl="66" sc="9" el="66" ec="9" bec="0" bev="0" fileid="8" />
                <SequencePoint vc="0" uspid="39834" ordinal="0" offset="14" sl="67" sc="13" el="67" ec="13" bec="0" bev="0" fileid="8" />
                <SequencePoint vc="0" uspid="39835" ordinal="0" offset="21" sl="68" sc="9" el="68" ec="9" bec="0" bev="0" fileid="8" />
                <SequencePoint vc="87402" uspid="39836" ordinal="0" offset="22" sl="70" sc="9" el="70" ec="9" bec="0" bev="0" fileid="8" />
                <SequencePoint vc="87402" uspid="39837" ordinal="0" offset="36" sl="71" sc="9" el="71" ec="9" bec="0" bev="0" fileid="8" />
                <SequencePoint vc="87402" uspid="39838" ordinal="0" offset="50" sl="72" sc="9" el="72" ec="9" bec="0" bev="0" fileid="8" />
                <SequencePoint vc="87402" uspid="39839" ordinal="0" offset="84" sl="73" sc="5" el="73" ec="5" bec="0" bev="0" fileid="8" />
              </SequencePoints>
              <BranchPoints />
            </Method>
            <Method visited="true" cyclomaticComplexity="0" nPathComplexity="0" sequenceCoverage="100.0" branchCoverage="0" crapScore="0" isConstructor="true" isStatic="false" isGetter="false" isSetter="false">
              <Summary numSequencePoints="4" visitedSequencePoints="4" numBranchPoints="0" visitedBranchPoints="0" sequenceCoverage="100.0" branchCoverage="0" maxCyclomaticComplexity="0" minCyclomaticComplexity="0" maxCrapScore="0" minCrapScore="0" visitedClasses="0" numClasses="0" visitedMethods="1" numMethods="1" />
              <MetadataToken>100663339</MetadataToken>
              <Name>Timer::Timer()</Name>
              <FileRef uid="8" />
              <SequencePoints>
                <SequencePoint vc="1" uspid="39851" ordinal="0" offset="0" sl="11" sc="5" el="11" ec="5" bec="0" bev="0" fileid="8" />
                <SequencePoint vc="1" uspid="39852" ordinal="0" offset="11" sl="13" sc="5" el="13" ec="5" bec="0" bev="0" fileid="8" />
                <SequencePoint vc="1" uspid="39853" ordinal="0" offset="18" sl="16" sc="5" el="16" ec="5" bec="0" bev="0" fileid="8" />
                <SequencePoint vc="1" uspid="39854" ordinal="0" offset="25" sl="22" sc="5" el="22" ec="5" bec="0" bev="0" fileid="8" />
              </SequencePoints>
              <BranchPoints />
            </Method>
          </Methods>
        </Class>
        <Class>
          <Summary numSequencePoints="6" visitedSequencePoints="6" numBranchPoints="0" visitedBranchPoints="0" sequenceCoverage="100.0" branchCoverage="0.0" maxCyclomaticComplexity="0" minCyclomaticComplexity="0" maxCrapScore="0" minCrapScore="0" visitedClasses="1" numClasses="1" visitedMethods="2" numMethods="2" />
          <FullName>ifManager</FullName>
          <Methods>
            <Method visited="true" cyclomaticComplexity="0" nPathComplexity="0" sequenceCoverage="100.0" branchCoverage="0" crapScore="0" isConstructor="false" isStatic="false" isGetter="false" isSetter="false">
              <Summary numSequencePoints="3" visitedSequencePoints="3" numBranchPoints="0" visitedBranchPoints="0" sequenceCoverage="100.0" branchCoverage="0" maxCyclomaticComplexity="0" minCyclomaticComplexity="0" maxCrapScore="0" minCrapScore="0" visitedClasses="0" numClasses="0" visitedMethods="1" numMethods="1" />
              <MetadataToken>100663342</MetadataToken>
              <Name>System.Void ifManager::Start()</Name>
              <FileRef uid="10" />
              <SequencePoints>
                <SequencePoint vc="1" uspid="39863" ordinal="0" offset="0" sl="12" sc="5" el="12" ec="5" bec="0" bev="0" fileid="10" />
                <SequencePoint vc="1" uspid="39864" ordinal="0" offset="1" sl="13" sc="9" el="13" ec="9" bec="0" bev="0" fileid="10" />
                <SequencePoint vc="1" uspid="39865" ordinal="0" offset="14" sl="14" sc="5" el="14" ec="5" bec="0" bev="0" fileid="10" />
              </SequencePoints>
              <BranchPoints />
            </Method>
            <Method visited="true" cyclomaticComplexity="0" nPathComplexity="0" sequenceCoverage="100.0" branchCoverage="0" crapScore="0" isConstructor="false" isStatic="false" isGetter="false" isSetter="false">
              <Summary numSequencePoints="3" visitedSequencePoints="3" numBranchPoints="0" visitedBranchPoints="0" sequenceCoverage="100.0" branchCoverage="0" maxCyclomaticComplexity="0" minCyclomaticComplexity="0" maxCrapScore="0" minCrapScore="0" visitedClasses="0" numClasses="0" visitedMethods="1" numMethods="1" />
              <MetadataToken>100663344</MetadataToken>
              <Name>System.Void ifManager::removedPiece()</Name>
              <FileRef uid="10" />
              <SequencePoints>
                <SequencePoint vc="1" uspid="39869" ordinal="0" offset="0" sl="22" sc="5" el="22" ec="5" bec="0" bev="0" fileid="10" />
                <SequencePoint vc="1" uspid="39870" ordinal="0" offset="1" sl="23" sc="9" el="23" ec="9" bec="0" bev="0" fileid="10" />
                <SequencePoint vc="1" uspid="39871" ordinal="0" offset="14" sl="24" sc="5" el="24" ec="5" bec="0" bev="0" fileid="10" />
              </SequencePoints>
              <BranchPoints />
            </Method>
          </Methods>
        </Class>
        <Class>
          <Summary numSequencePoints="22" visitedSequencePoints="18" numBranchPoints="0" visitedBranchPoints="0" sequenceCoverage="81.82" branchCoverage="0.0" maxCyclomaticComplexity="0" minCyclomaticComplexity="0" maxCrapScore="0" minCrapScore="0" visitedClasses="1" numClasses="1" visitedMethods="4" numMethods="4" />
          <FullName>IfPuzzle</FullName>
          <Methods>
            <Method visited="true" cyclomaticComplexity="0" nPathComplexity="0" sequenceCoverage="100.0" branchCoverage="0" crapScore="0" isConstructor="false" isStatic="false" isGetter="false" isSetter="false">
              <Summary numSequencePoints="1" visitedSequencePoints="1" numBranchPoints="0" visitedBranchPoints="0" sequenceCoverage="100.0" branchCoverage="0" maxCyclomaticComplexity="0" minCyclomaticComplexity="0" maxCrapScore="0" minCrapScore="0" visitedClasses="0" numClasses="0" visitedMethods="1" numMethods="1" />
              <MetadataToken>100663346</MetadataToken>
              <Name>System.Void IfPuzzle::Awake()</Name>
              <FileRef uid="11" />
              <SequencePoints>
                <SequencePoint vc="2" uspid="39872" ordinal="0" offset="0" sl="13" sc="29" el="13" ec="29" bec="0" bev="0" fileid="11" />
              </SequencePoints>
              <BranchPoints />
            </Method>
            <Method visited="true" cyclomaticComplexity="0" nPathComplexity="0" sequenceCoverage="100.0" branchCoverage="0" crapScore="0" isConstructor="false" isStatic="false" isGetter="false" isSetter="false">
              <Summary numSequencePoints="11" visitedSequencePoints="11" numBranchPoints="0" visitedBranchPoints="0" sequenceCoverage="100.0" branchCoverage="0" maxCyclomaticComplexity="0" minCyclomaticComplexity="0" maxCrapScore="0" minCrapScore="0" visitedClasses="0" numClasses="0" visitedMethods="1" numMethods="1" />
              <MetadataToken>100663347</MetadataToken>
              <Name>System.Void IfPuzzle::OnEnable()</Name>
              <FileRef uid="11" />
              <SequencePoints>
                <SequencePoint vc="2" uspid="39873" ordinal="0" offset="0" sl="16" sc="5" el="16" ec="5" bec="0" bev="0" fileid="11" />
                <SequencePoint vc="2" uspid="39874" ordinal="0" offset="1" sl="17" sc="9" el="17" ec="9" bec="0" bev="0" fileid="11" />
                <SequencePoint vc="1" uspid="39875" ordinal="0" offset="17" sl="18" sc="9" el="18" ec="9" bec="0" bev="0" fileid="11" />
                <SequencePoint vc="1" uspid="39876" ordinal="0" offset="18" sl="19" sc="13" el="19" ec="13" bec="0" bev="0" fileid="11" />
                <SequencePoint vc="1" uspid="39877" ordinal="0" offset="30" sl="20" sc="9" el="20" ec="9" bec="0" bev="0" fileid="11" />
                <SequencePoint vc="2" uspid="39878" ordinal="0" offset="31" sl="21" sc="9" el="21" ec="9" bec="0" bev="0" fileid="11" />
                <SequencePoint vc="1" uspid="39879" ordinal="0" offset="47" sl="22" sc="9" el="22" ec="9" bec="0" bev="0" fileid="11" />
                <SequencePoint vc="1" uspid="39880" ordinal="0" offset="48" sl="23" sc="13" el="23" ec="13" bec="0" bev="0" fileid="11" />
                <SequencePoint vc="1" uspid="39881" ordinal="0" offset="77" sl="24" sc="13" el="24" ec="13" bec="0" bev="0" fileid="11" />
                <SequencePoint vc="1" uspid="39882" ordinal="0" offset="106" sl="25" sc="9" el="25" ec="9" bec="0" bev="0" fileid="11" />
                <SequencePoint vc="2" uspid="39883" ordinal="0" offset="107" sl="26" sc="5" el="26" ec="5" bec="0" bev="0" fileid="11" />
              </SequencePoints>
              <BranchPoints />
            </Method>
            <Method visited="true" cyclomaticComplexity="0" nPathComplexity="0" sequenceCoverage="42.86" branchCoverage="0" crapScore="0" isConstructor="false" isStatic="false" isGetter="false" isSetter="false">
              <Summary numSequencePoints="7" visitedSequencePoints="3" numBranchPoints="0" visitedBranchPoints="0" sequenceCoverage="42.86" branchCoverage="0" maxCyclomaticComplexity="0" minCyclomaticComplexity="0" maxCrapScore="0" minCrapScore="0" visitedClasses="0" numClasses="0" visitedMethods="1" numMethods="1" />
              <MetadataToken>100663349</MetadataToken>
              <Name>System.Void IfPuzzle::ObjectSnapped(UnityEngine.XR.Interaction.Toolkit.SelectEnterEventArgs)</Name>
              <FileRef uid="11" />
              <SequencePoints>
                <SequencePoint vc="1" uspid="39895" ordinal="0" offset="0" sl="42" sc="5" el="42" ec="5" bec="0" bev="0" fileid="11" />
                <SequencePoint vc="1" uspid="39896" ordinal="0" offset="1" sl="43" sc="9" el="43" ec="9" bec="0" bev="0" fileid="11" />
                <SequencePoint vc="1" uspid="39897" ordinal="0" offset="8" sl="44" sc="9" el="44" ec="9" bec="0" bev="0" fileid="11" />
                <SequencePoint vc="0" uspid="39898" ordinal="0" offset="39" sl="45" sc="9" el="45" ec="9" bec="0" bev="0" fileid="11" />
                <SequencePoint vc="0" uspid="39899" ordinal="0" offset="40" sl="46" sc="13" el="46" ec="13" bec="0" bev="0" fileid="11" />
                <SequencePoint vc="0" uspid="39900" ordinal="0" offset="52" sl="47" sc="9" el="47" ec="9" bec="0" bev="0" fileid="11" />
                <SequencePoint vc="0" uspid="39901" ordinal="0" offset="53" sl="48" sc="5" el="48" ec="5" bec="0" bev="0" fileid="11" />
              </SequencePoints>
              <BranchPoints />
            </Method>
            <Method visited="true" cyclomaticComplexity="0" nPathComplexity="0" sequenceCoverage="100.0" branchCoverage="0" crapScore="0" isConstructor="false" isStatic="false" isGetter="false" isSetter="false">
              <Summary numSequencePoints="3" visitedSequencePoints="3" numBranchPoints="0" visitedBranchPoints="0" sequenceCoverage="100.0" branchCoverage="0" maxCyclomaticComplexity="0" minCyclomaticComplexity="0" maxCrapScore="0" minCrapScore="0" visitedClasses="0" numClasses="0" visitedMethods="1" numMethods="1" />
              <MetadataToken>100663350</MetadataToken>
              <Name>System.Void IfPuzzle::ObjectRemoved(UnityEngine.XR.Interaction.Toolkit.SelectExitEventArgs)</Name>
              <FileRef uid="11" />
              <SequencePoints>
                <SequencePoint vc="1" uspid="39902" ordinal="0" offset="0" sl="50" sc="5" el="50" ec="5" bec="0" bev="0" fileid="11" />
                <SequencePoint vc="1" uspid="39903" ordinal="0" offset="1" sl="51" sc="9" el="51" ec="9" bec="0" bev="0" fileid="11" />
                <SequencePoint vc="1" uspid="39904" ordinal="0" offset="13" sl="52" sc="5" el="52" ec="5" bec="0" bev="0" fileid="11" />
              </SequencePoints>
              <BranchPoints />
            </Method>
          </Methods>
        </Class>
        <Class>
          <Summary numSequencePoints="13" visitedSequencePoints="9" numBranchPoints="0" visitedBranchPoints="0" sequenceCoverage="69.23" branchCoverage="0.0" maxCyclomaticComplexity="0" minCyclomaticComplexity="0" maxCrapScore="0" minCrapScore="0" visitedClasses="1" numClasses="1" visitedMethods="3" numMethods="3" />
          <FullName>keyMainScript</FullName>
          <Methods>
            <Method visited="true" cyclomaticComplexity="0" nPathComplexity="0" sequenceCoverage="50.00" branchCoverage="0" crapScore="0" isConstructor="false" isStatic="false" isGetter="false" isSetter="false">
              <Summary numSequencePoints="8" visitedSequencePoints="4" numBranchPoints="0" visitedBranchPoints="0" sequenceCoverage="50.00" branchCoverage="0" maxCyclomaticComplexity="0" minCyclomaticComplexity="0" maxCrapScore="0" minCrapScore="0" visitedClasses="0" numClasses="0" visitedMethods="1" numMethods="1" />
              <MetadataToken>100663352</MetadataToken>
              <Name>System.Void keyMainScript::IncrementKeys()</Name>
              <FileRef uid="12" />
              <SequencePoints>
                <SequencePoint vc="3" uspid="39905" ordinal="0" offset="0" sl="15" sc="5" el="15" ec="5" bec="0" bev="0" fileid="12" />
                <SequencePoint vc="3" uspid="39906" ordinal="0" offset="1" sl="16" sc="9" el="16" ec="9" bec="0" bev="0" fileid="12" />
                <SequencePoint vc="3" uspid="39907" ordinal="0" offset="15" sl="17" sc="9" el="17" ec="9" bec="0" bev="0" fileid="12" />
                <SequencePoint vc="0" uspid="39908" ordinal="0" offset="31" sl="18" sc="9" el="18" ec="9" bec="0" bev="0" fileid="12" />
                <SequencePoint vc="0" uspid="39909" ordinal="0" offset="32" sl="19" sc="13" el="19" ec="13" bec="0" bev="0" fileid="12" />
                <SequencePoint vc="0" uspid="39910" ordinal="0" offset="44" sl="20" sc="13" el="20" ec="13" bec="0" bev="0" fileid="12" />
                <SequencePoint vc="0" uspid="39911" ordinal="0" offset="56" sl="21" sc="9" el="21" ec="9" bec="0" bev="0" fileid="12" />
                <SequencePoint vc="3" uspid="39912" ordinal="0" offset="57" sl="22" sc="5" el="22" ec="5" bec="0" bev="0" fileid="12" />
              </SequencePoints>
              <BranchPoints />
            </Method>
            <Method visited="true" cyclomaticComplexity="0" nPathComplexity="0" sequenceCoverage="100.0" branchCoverage="0" crapScore="0" isConstructor="false" isStatic="false" isGetter="false" isSetter="false">
              <Summary numSequencePoints="3" visitedSequencePoints="3" numBranchPoints="0" visitedBranchPoints="0" sequenceCoverage="100.0" branchCoverage="0" maxCyclomaticComplexity="0" minCyclomaticComplexity="0" maxCrapScore="0" minCrapScore="0" visitedClasses="0" numClasses="0" visitedMethods="1" numMethods="1" />
              <MetadataToken>100663353</MetadataToken>
              <Name>System.Void keyMainScript::DecrementKeys()</Name>
              <FileRef uid="12" />
              <SequencePoints>
                <SequencePoint vc="3" uspid="39913" ordinal="0" offset="0" sl="25" sc="5" el="25" ec="5" bec="0" bev="0" fileid="12" />
                <SequencePoint vc="3" uspid="39914" ordinal="0" offset="1" sl="26" sc="9" el="26" ec="9" bec="0" bev="0" fileid="12" />
                <SequencePoint vc="3" uspid="39915" ordinal="0" offset="15" sl="27" sc="5" el="27" ec="5" bec="0" bev="0" fileid="12" />
              </SequencePoints>
              <BranchPoints />
            </Method>
            <Method visited="true" cyclomaticComplexity="0" nPathComplexity="0" sequenceCoverage="100.0" branchCoverage="0" crapScore="0" isConstructor="true" isStatic="false" isGetter="false" isSetter="false">
              <Summary numSequencePoints="2" visitedSequencePoints="2" numBranchPoints="0" visitedBranchPoints="0" sequenceCoverage="100.0" branchCoverage="0" maxCyclomaticComplexity="0" minCyclomaticComplexity="0" maxCrapScore="0" minCrapScore="0" visitedClasses="0" numClasses="0" visitedMethods="1" numMethods="1" />
              <MetadataToken>100663354</MetadataToken>
              <Name>keyMainScript::keyMainScript()</Name>
              <FileRef uid="12" />
              <SequencePoints>
                <SequencePoint vc="1" uspid="39916" ordinal="0" offset="0" sl="7" sc="5" el="7" ec="5" bec="0" bev="0" fileid="12" />
                <SequencePoint vc="1" uspid="39917" ordinal="0" offset="7" sl="8" sc="5" el="8" ec="5" bec="0" bev="0" fileid="12" />
              </SequencePoints>
              <BranchPoints />
            </Method>
          </Methods>
        </Class>
        <Class>
          <Summary numSequencePoints="52" visitedSequencePoints="11" numBranchPoints="0" visitedBranchPoints="0" sequenceCoverage="21.15" branchCoverage="0.0" maxCyclomaticComplexity="0" minCyclomaticComplexity="0" maxCrapScore="0" minCrapScore="0" visitedClasses="1" numClasses="1" visitedMethods="2" numMethods="2" />
          <FullName>KeyDetector</FullName>
          <Methods>
            <Method visited="true" cyclomaticComplexity="0" nPathComplexity="0" sequenceCoverage="100.0" branchCoverage="0" crapScore="0" isConstructor="false" isStatic="false" isGetter="false" isSetter="false">
              <Summary numSequencePoints="8" visitedSequencePoints="8" numBranchPoints="0" visitedBranchPoints="0" sequenceCoverage="100.0" branchCoverage="0" maxCyclomaticComplexity="0" minCyclomaticComplexity="0" maxCrapScore="0" minCrapScore="0" visitedClasses="0" numClasses="0" visitedMethods="1" numMethods="1" />
              <MetadataToken>100663355</MetadataToken>
              <Name>System.Void KeyDetector::Start()</Name>
              <FileRef uid="13" />
              <SequencePoints>
                <SequencePoint vc="4" uspid="39918" ordinal="0" offset="0" sl="20" sc="5" el="20" ec="5" bec="0" bev="0" fileid="13" />
                <SequencePoint vc="4" uspid="39919" ordinal="0" offset="1" sl="21" sc="9" el="21" ec="9" bec="0" bev="0" fileid="13" />
                <SequencePoint vc="4" uspid="39920" ordinal="0" offset="7" sl="22" sc="9" el="22" ec="9" bec="0" bev="0" fileid="13" />
                <SequencePoint vc="4" uspid="39921" ordinal="0" offset="28" sl="23" sc="9" el="23" ec="9" bec="0" bev="0" fileid="13" />
                <SequencePoint vc="4" uspid="39922" ordinal="0" offset="29" sl="24" sc="13" el="24" ec="13" bec="0" bev="0" fileid="13" />
                <SequencePoint vc="4" uspid="39923" ordinal="0" offset="51" sl="26" sc="13" el="26" ec="13" bec="0" bev="0" fileid="13" />
                <SequencePoint vc="4" uspid="39924" ordinal="0" offset="73" sl="28" sc="9" el="28" ec="9" bec="0" bev="0" fileid="13" />
                <SequencePoint vc="4" uspid="39925" ordinal="0" offset="74" sl="29" sc="5" el="29" ec="5" bec="0" bev="0" fileid="13" />
              </SequencePoints>
              <BranchPoints />
            </Method>
            <Method visited="true" cyclomaticComplexity="0" nPathComplexity="0" sequenceCoverage="6.82" branchCoverage="0" crapScore="0" isConstructor="false" isStatic="false" isGetter="false" isSetter="false">
              <Summary numSequencePoints="44" visitedSequencePoints="3" numBranchPoints="0" visitedBranchPoints="0" sequenceCoverage="6.82" branchCoverage="0" maxCyclomaticComplexity="0" minCyclomaticComplexity="0" maxCrapScore="0" minCrapScore="0" visitedClasses="0" numClasses="0" visitedMethods="1" numMethods="1" />
              <MetadataToken>100663356</MetadataToken>
              <Name>System.Void KeyDetector::OnTriggerEnter(UnityEngine.Collider)</Name>
              <FileRef uid="13" />
              <SequencePoints>
                <SequencePoint vc="14" uspid="39926" ordinal="0" offset="0" sl="32" sc="5" el="32" ec="5" bec="0" bev="0" fileid="13" />
                <SequencePoint vc="14" uspid="39927" ordinal="0" offset="1" sl="33" sc="9" el="33" ec="9" bec="0" bev="0" fileid="13" />
                <SequencePoint vc="0" uspid="39928" ordinal="0" offset="20" sl="34" sc="9" el="34" ec="9" bec="0" bev="0" fileid="13" />
                <SequencePoint vc="0" uspid="39929" ordinal="0" offset="21" sl="35" sc="13" el="35" ec="13" bec="0" bev="0" fileid="13" />
                <SequencePoint vc="0" uspid="39930" ordinal="0" offset="28" sl="36" sc="13" el="36" ec="13" bec="0" bev="0" fileid="13" />
                <SequencePoint vc="0" uspid="39931" ordinal="0" offset="42" sl="37" sc="13" el="37" ec="13" bec="0" bev="0" fileid="13" />
                <SequencePoint vc="0" uspid="39932" ordinal="0" offset="43" sl="38" sc="17" el="38" ec="17" bec="0" bev="0" fileid="13" />
                <SequencePoint vc="0" uspid="39933" ordinal="0" offset="55" sl="40" sc="17" el="40" ec="17" bec="0" bev="0" fileid="13" />
                <SequencePoint vc="0" uspid="39934" ordinal="0" offset="62" sl="42" sc="17" el="42" ec="17" bec="0" bev="0" fileid="13" />
                <SequencePoint vc="0" uspid="39935" ordinal="0" offset="65" sl="43" sc="17" el="43" ec="17" bec="0" bev="0" fileid="13" />
                <SequencePoint vc="0" uspid="39936" ordinal="0" offset="85" sl="45" sc="17" el="45" ec="17" bec="0" bev="0" fileid="13" />
                <SequencePoint vc="0" uspid="39937" ordinal="0" offset="96" sl="46" sc="17" el="46" ec="17" bec="0" bev="0" fileid="13" />
                <SequencePoint vc="0" uspid="39938" ordinal="0" offset="97" sl="47" sc="21" el="47" ec="21" bec="0" bev="0" fileid="13" />
                <SequencePoint vc="0" uspid="39939" ordinal="0" offset="114" sl="48" sc="17" el="48" ec="17" bec="0" bev="0" fileid="13" />
                <SequencePoint vc="0" uspid="39940" ordinal="0" offset="115" sl="51" sc="17" el="51" ec="17" bec="0" bev="0" fileid="13" />
                <SequencePoint vc="0" uspid="39941" ordinal="0" offset="137" sl="52" sc="17" el="52" ec="17" bec="0" bev="0" fileid="13" />
                <SequencePoint vc="0" uspid="39942" ordinal="0" offset="138" sl="53" sc="21" el="53" ec="21" bec="0" bev="0" fileid="13" />
                <SequencePoint vc="0" uspid="39943" ordinal="0" offset="163" sl="54" sc="21" el="54" ec="21" bec="0" bev="0" fileid="13" />
                <SequencePoint vc="0" uspid="39944" ordinal="0" offset="164" sl="55" sc="25" el="55" ec="25" bec="0" bev="0" fileid="13" />
                <SequencePoint vc="0" uspid="39945" ordinal="0" offset="211" sl="56" sc="21" el="56" ec="21" bec="0" bev="0" fileid="13" />
                <SequencePoint vc="0" uspid="39946" ordinal="0" offset="212" sl="57" sc="17" el="57" ec="17" bec="0" bev="0" fileid="13" />
                <SequencePoint vc="0" uspid="39947" ordinal="0" offset="218" sl="58" sc="22" el="58" ec="22" bec="0" bev="0" fileid="13" />
                <SequencePoint vc="0" uspid="39948" ordinal="0" offset="240" sl="59" sc="17" el="59" ec="17" bec="0" bev="0" fileid="13" />
                <SequencePoint vc="0" uspid="39949" ordinal="0" offset="241" sl="60" sc="21" el="60" ec="21" bec="0" bev="0" fileid="13" />
                <SequencePoint vc="0" uspid="39950" ordinal="0" offset="266" sl="61" sc="21" el="61" ec="21" bec="0" bev="0" fileid="13" />
                <SequencePoint vc="0" uspid="39951" ordinal="0" offset="267" sl="62" sc="25" el="62" ec="25" bec="0" bev="0" fileid="13" />
                <SequencePoint vc="0" uspid="39952" ordinal="0" offset="296" sl="63" sc="25" el="63" ec="25" bec="0" bev="0" fileid="13" />
                <SequencePoint vc="0" uspid="39953" ordinal="0" offset="304" sl="64" sc="25" el="64" ec="25" bec="0" bev="0" fileid="13" />
                <SequencePoint vc="0" uspid="39954" ordinal="0" offset="305" sl="65" sc="29" el="65" ec="29" bec="0" bev="0" fileid="13" />
                <SequencePoint vc="0" uspid="39955" ordinal="0" offset="322" sl="66" sc="25" el="66" ec="25" bec="0" bev="0" fileid="13" />
                <SequencePoint vc="0" uspid="39956" ordinal="0" offset="325" sl="68" sc="25" el="68" ec="25" bec="0" bev="0" fileid="13" />
                <SequencePoint vc="0" uspid="39957" ordinal="0" offset="326" sl="69" sc="29" el="69" ec="29" bec="0" bev="0" fileid="13" />
                <SequencePoint vc="0" uspid="39958" ordinal="0" offset="343" sl="70" sc="25" el="70" ec="25" bec="0" bev="0" fileid="13" />
                <SequencePoint vc="0" uspid="39959" ordinal="0" offset="344" sl="71" sc="21" el="71" ec="21" bec="0" bev="0" fileid="13" />
                <SequencePoint vc="0" uspid="39960" ordinal="0" offset="345" sl="72" sc="17" el="72" ec="17" bec="0" bev="0" fileid="13" />
                <SequencePoint vc="0" uspid="39961" ordinal="0" offset="348" sl="74" sc="17" el="74" ec="17" bec="0" bev="0" fileid="13" />
                <SequencePoint vc="0" uspid="39962" ordinal="0" offset="349" sl="75" sc="21" el="75" ec="21" bec="0" bev="0" fileid="13" />
                <SequencePoint vc="0" uspid="39963" ordinal="0" offset="374" sl="76" sc="21" el="76" ec="21" bec="0" bev="0" fileid="13" />
[...]
              </SequencePoints>
              <BranchPoints />
            </Method>
            <Method visited="true" cyclomaticComplexity="0" nPathComplexity="0" sequenceCoverage="100.0" branchCoverage="0" crapScore="0" isConstructor="false" isStatic="false" isGetter="false" isSetter="false">
              <Summary numSequencePoints="3" visitedSequencePoints="3" numBranchPoints="0" visitedBranchPoints="0" sequenceCoverage="100.0" branchCoverage="0" maxCyclomaticComplexity="0" minCyclomaticComplexity="0" maxCrapScore="0" minCrapScore="0" visitedClasses="0" numClasses="0" visitedMethods="1" numMethods="1" />
              <MetadataToken>100663378</MetadataToken>
              <Name>System.Void LoopManager::outsideRemoved()</Name>
              <FileRef uid="18" />
              <SequencePoints>
                <SequencePoint vc="1" uspid="40068" ordinal="0" offset="0" sl="50" sc="5" el="50" ec="5" bec="0" bev="0" fileid="18" />
                <SequencePoint vc="1" uspid="40069" ordinal="0" offset="1" sl="51" sc="9" el="51" ec="9" bec="0" bev="0" fileid="18" />
                <SequencePoint vc="1" uspid="40070" ordinal="0" offset="8" sl="52" sc="5" el="52" ec="5" bec="0" bev="0" fileid="18" />
              </SequencePoints>
              <BranchPoints />
            </Method>
            <Method visited="true" cyclomaticComplexity="0" nPathComplexity="0" sequenceCoverage="100.0" branchCoverage="0" crapScore="0" isConstructor="false" isStatic="false" isGetter="false" isSetter="false">
              <Summary numSequencePoints="3" visitedSequencePoints="3" numBranchPoints="0" visitedBranchPoints="0" sequenceCoverage="100.0" branchCoverage="0" maxCyclomaticComplexity="0" minCyclomaticComplexity="0" maxCrapScore="0" minCrapScore="0" visitedClasses="0" numClasses="0" visitedMethods="1" numMethods="1" />
              <MetadataToken>100663381</MetadataToken>
              <Name>System.Void LoopManager::insideRemoved()</Name>
              <FileRef uid="18" />
              <SequencePoints>
                <SequencePoint vc="1" uspid="40077" ordinal="0" offset="0" sl="64" sc="5" el="64" ec="5" bec="0" bev="0" fileid="18" />
                <SequencePoint vc="1" uspid="40078" ordinal="0" offset="1" sl="65" sc="9" el="65" ec="9" bec="0" bev="0" fileid="18" />
                <SequencePoint vc="1" uspid="40079" ordinal="0" offset="8" sl="66" sc="5" el="66" ec="5" bec="0" bev="0" fileid="18" />
              </SequencePoints>
              <BranchPoints />
            </Method>
            <Method visited="true" cyclomaticComplexity="0" nPathComplexity="0" sequenceCoverage="100.0" branchCoverage="0" crapScore="0" isConstructor="true" isStatic="false" isGetter="false" isSetter="false">
              <Summary numSequencePoints="4" visitedSequencePoints="4" numBranchPoints="0" visitedBranchPoints="0" sequenceCoverage="100.0" branchCoverage="0" maxCyclomaticComplexity="0" minCyclomaticComplexity="0" maxCrapScore="0" minCrapScore="0" visitedClasses="0" numClasses="0" visitedMethods="1" numMethods="1" />
              <MetadataToken>100663383</MetadataToken>
              <Name>LoopManager::LoopManager()</Name>
              <FileRef uid="18" />
              <SequencePoints>
                <SequencePoint vc="1" uspid="40100" ordinal="0" offset="0" sl="12" sc="22" el="12" ec="22" bec="0" bev="0" fileid="18" />
                <SequencePoint vc="1" uspid="40101" ordinal="0" offset="7" sl="13" sc="22" el="13" ec="22" bec="0" bev="0" fileid="18" />
                <SequencePoint vc="1" uspid="40102" ordinal="0" offset="14" sl="15" sc="5" el="15" ec="5" bec="0" bev="0" fileid="18" />
                <SequencePoint vc="1" uspid="40103" ordinal="0" offset="21" sl="16" sc="5" el="16" ec="5" bec="0" bev="0" fileid="18" />
              </SequencePoints>
              <BranchPoints />
            </Method>
          </Methods>
        </Class>
        <Class>
          <Summary numSequencePoints="26" visitedSequencePoints="15" numBranchPoints="0" visitedBranchPoints="0" sequenceCoverage="57.69" branchCoverage="0.0" maxCyclomaticComplexity="0" minCyclomaticComplexity="0" maxCrapScore="0" minCrapScore="0" visitedClasses="1" numClasses="1" visitedMethods="4" numMethods="4" />
          <FullName>OutsidePiece</FullName>
          <Methods>
            <Method visited="true" cyclomaticComplexity="0" nPathComplexity="0" sequenceCoverage="100.0" branchCoverage="0" crapScore="0" isConstructor="false" isStatic="false" isGetter="false" isSetter="false">
              <Summary numSequencePoints="1" visitedSequencePoints="1" numBranchPoints="0" visitedBranchPoints="0" sequenceCoverage="100.0" branchCoverage="0" maxCyclomaticComplexity="0" minCyclomaticComplexity="0" maxCrapScore="0" minCrapScore="0" visitedClasses="0" numClasses="0" visitedMethods="1" numMethods="1" />
              <MetadataToken>100663384</MetadataToken>
              <Name>System.Void OutsidePiece::Awake()</Name>
              <FileRef uid="19" />
              <SequencePoints>
                <SequencePoint vc="1" uspid="40104" ordinal="0" offset="0" sl="16" sc="29" el="16" ec="29" bec="0" bev="0" fileid="19" />
              </SequencePoints>
              <BranchPoints />
            </Method>
            <Method visited="true" cyclomaticComplexity="0" nPathComplexity="0" sequenceCoverage="72.73" branchCoverage="0" crapScore="0" isConstructor="false" isStatic="false" isGetter="false" isSetter="false">
              <Summary numSequencePoints="11" visitedSequencePoints="8" numBranchPoints="0" visitedBranchPoints="0" sequenceCoverage="72.73" branchCoverage="0" maxCyclomaticComplexity="0" minCyclomaticComplexity="0" maxCrapScore="0" minCrapScore="0" visitedClasses="0" numClasses="0" visitedMethods="1" numMethods="1" />
              <MetadataToken>100663385</MetadataToken>
              <Name>System.Void OutsidePiece::OnEnable()</Name>
              <FileRef uid="19" />
              <SequencePoints>
                <SequencePoint vc="1" uspid="40105" ordinal="0" offset="0" sl="19" sc="5" el="19" ec="5" bec="0" bev="0" fileid="19" />
                <SequencePoint vc="1" uspid="40106" ordinal="0" offset="1" sl="20" sc="9" el="20" ec="9" bec="0" bev="0" fileid="19" />
                <SequencePoint vc="0" uspid="40107" ordinal="0" offset="17" sl="21" sc="9" el="21" ec="9" bec="0" bev="0" fileid="19" />
                <SequencePoint vc="0" uspid="40108" ordinal="0" offset="18" sl="22" sc="13" el="22" ec="13" bec="0" bev="0" fileid="19" />
                <SequencePoint vc="0" uspid="40109" ordinal="0" offset="30" sl="23" sc="9" el="23" ec="9" bec="0" bev="0" fileid="19" />
                <SequencePoint vc="1" uspid="40110" ordinal="0" offset="31" sl="24" sc="9" el="24" ec="9" bec="0" bev="0" fileid="19" />
                <SequencePoint vc="1" uspid="40111" ordinal="0" offset="47" sl="25" sc="9" el="25" ec="9" bec="0" bev="0" fileid="19" />
                <SequencePoint vc="1" uspid="40112" ordinal="0" offset="48" sl="26" sc="13" el="26" ec="13" bec="0" bev="0" fileid="19" />
                <SequencePoint vc="1" uspid="40113" ordinal="0" offset="77" sl="27" sc="13" el="27" ec="13" bec="0" bev="0" fileid="19" />
                <SequencePoint vc="1" uspid="40114" ordinal="0" offset="106" sl="28" sc="9" el="28" ec="9" bec="0" bev="0" fileid="19" />
                <SequencePoint vc="1" uspid="40115" ordinal="0" offset="107" sl="29" sc="5" el="29" ec="5" bec="0" bev="0" fileid="19" />
              </SequencePoints>
              <BranchPoints />
            </Method>
            <Method visited="true" cyclomaticComplexity="0" nPathComplexity="0" sequenceCoverage="27.27" branchCoverage="0" crapScore="0" isConstructor="false" isStatic="false" isGetter="false" isSetter="false">
              <Summary numSequencePoints="11" visitedSequencePoints="3" numBranchPoints="0" visitedBranchPoints="0" sequenceCoverage="27.27" branchCoverage="0" maxCyclomaticComplexity="0" minCyclomaticComplexity="0" maxCrapScore="0" minCrapScore="0" visitedClasses="0" numClasses="0" visitedMethods="1" numMethods="1" />
              <MetadataToken>100663387</MetadataToken>
              <Name>System.Void OutsidePiece::ObjectSnapped(UnityEngine.XR.Interaction.Toolkit.SelectEnterEventArgs)</Name>
              <FileRef uid="19" />
              <SequencePoints>
                <SequencePoint vc="1" uspid="40120" ordinal="0" offset="0" sl="38" sc="5" el="38" ec="5" bec="0" bev="0" fileid="19" />
                <SequencePoint vc="1" uspid="40121" ordinal="0" offset="1" sl="39" sc="9" el="39" ec="9" bec="0" bev="0" fileid="19" />
                <SequencePoint vc="1" uspid="40122" ordinal="0" offset="8" sl="40" sc="9" el="40" ec="9" bec="0" bev="0" fileid="19" />
                <SequencePoint vc="0" uspid="40123" ordinal="0" offset="39" sl="41" sc="9" el="41" ec="9" bec="0" bev="0" fileid="19" />
                <SequencePoint vc="0" uspid="40124" ordinal="0" offset="40" sl="42" sc="13" el="42" ec="13" bec="0" bev="0" fileid="19" />
                <SequencePoint vc="0" uspid="40125" ordinal="0" offset="52" sl="43" sc="9" el="43" ec="9" bec="0" bev="0" fileid="19" />
                <SequencePoint vc="0" uspid="40126" ordinal="0" offset="55" sl="43" sc="16" el="43" ec="16" bec="0" bev="0" fileid="19" />
                <SequencePoint vc="0" uspid="40127" ordinal="0" offset="86" sl="44" sc="9" el="44" ec="9" bec="0" bev="0" fileid="19" />
                <SequencePoint vc="0" uspid="40128" ordinal="0" offset="87" sl="45" sc="13" el="45" ec="13" bec="0" bev="0" fileid="19" />
                <SequencePoint vc="0" uspid="40129" ordinal="0" offset="99" sl="46" sc="9" el="46" ec="9" bec="0" bev="0" fileid="19" />
                <SequencePoint vc="0" uspid="40130" ordinal="0" offset="100" sl="47" sc="5" el="47" ec="5" bec="0" bev="0" fileid="19" />
              </SequencePoints>
              <BranchPoints />
            </Method>
            <Method visited="true" cyclomaticComplexity="0" nPathComplexity="0" sequenceCoverage="100.0" branchCoverage="0" crapScore="0" isConstructor="false" isStatic="false" isGetter="false" isSetter="false">
              <Summary numSequencePoints="3" visitedSequencePoints="3" numBranchPoints="0" visitedBranchPoints="0" sequenceCoverage="100.0" branchCoverage="0" maxCyclomaticComplexity="0" minCyclomaticComplexity="0" maxCrapScore="0" minCrapScore="0" visitedClasses="0" numClasses="0" visitedMethods="1" numMethods="1" />
              <MetadataToken>100663388</MetadataToken>
              <Name>System.Void OutsidePiece::ObjectRemoved(UnityEngine.XR.Interaction.Toolkit.SelectExitEventArgs)</Name>
              <FileRef uid="19" />
              <SequencePoints>
                <SequencePoint vc="1" uspid="40131" ordinal="0" offset="0" sl="49" sc="5" el="49" ec="5" bec="0" bev="0" fileid="19" />
                <SequencePoint vc="1" uspid="40132" ordinal="0" offset="1" sl="50" sc="9" el="50" ec="9" bec="0" bev="0" fileid="19" />
                <SequencePoint vc="1" uspid="40133" ordinal="0" offset="13" sl="51" sc="5" el="51" ec="5" bec="0" bev="0" fileid="19" />
              </SequencePoints>
              <BranchPoints />
            </Method>
          </Methods>
        </Class>
        <Class>
          <Summary numSequencePoints="7" visitedSequencePoints="4" numBranchPoints="0" visitedBranchPoints="0" sequenceCoverage="57.14" branchCoverage="0.0" maxCyclomaticComplexity="0" minCyclomaticComplexity="0" maxCrapScore="0" minCrapScore="0" visitedClasses="1" numClasses="1" visitedMethods="1" numMethods="1" />
          <FullName>BestTime</FullName>
          <Methods>
            <Method visited="true" cyclomaticComplexity="0" nPathComplexity="0" sequenceCoverage="57.14" branchCoverage="0" crapScore="0" isConstructor="false" isStatic="false" isGetter="false" isSetter="false">
              <Summary numSequencePoints="7" visitedSequencePoints="4" numBranchPoints="0" visitedBranchPoints="0" sequenceCoverage="57.14" branchCoverage="0" maxCyclomaticComplexity="0" minCyclomaticComplexity="0" maxCrapScore="0" minCrapScore="0" visitedClasses="0" numClasses="0" visitedMethods="1" numMethods="1" />
              <MetadataToken>100663390</MetadataToken>
              <Name>System.Void BestTime::Start()</Name>
              <FileRef uid="20" />
              <SequencePoints>
                <SequencePoint vc="1" uspid="40134" ordinal="0" offset="0" sl="14" sc="5" el="14" ec="5" bec="0" bev="0" fileid="20" />
                <SequencePoint vc="1" uspid="40135" ordinal="0" offset="1" sl="15" sc="9" el="15" ec="9" bec="0" bev="0" fileid="20" />
                <SequencePoint vc="1" uspid="40136" ordinal="0" offset="7" sl="16" sc="9" el="16" ec="9" bec="0" bev="0" fileid="20" />
                <SequencePoint vc="0" uspid="40137" ordinal="0" offset="28" sl="17" sc="9" el="17" ec="9" bec="0" bev="0" fileid="20" />
                <SequencePoint vc="0" uspid="40138" ordinal="0" offset="29" sl="18" sc="13" el="18" ec="13" bec="0" bev="0" fileid="20" />
                <SequencePoint vc="0" uspid="40139" ordinal="0" offset="41" sl="19" sc="9" el="19" ec="9" bec="0" bev="0" fileid="20" />
                <SequencePoint vc="1" uspid="40140" ordinal="0" offset="42" sl="20" sc="5" el="20" ec="5" bec="0" bev="0" fileid="20" />
              </SequencePoints>
              <BranchPoints />
            </Method>
          </Methods>
        </Class>
        <Class>
          <Summary numSequencePoints="20" visitedSequencePoints="17" numBranchPoints="0" visitedBranchPoints="0" sequenceCoverage="85.00" branchCoverage="0.0" maxCyclomaticComplexity="0" minCyclomaticComplexity="0" maxCrapScore="0" minCrapScore="0" visitedClasses="1" numClasses="1" visitedMethods="4" numMethods="4" />
          <FullName>Clock</FullName>
          <Methods>
            <Method visited="true" cyclomaticComplexity="0" nPathComplexity="0" sequenceCoverage="100.0" branchCoverage="0" crapScore="0" isConstructor="false" isStatic="false" isGetter="false" isSetter="false">
              <Summary numSequencePoints="3" visitedSequencePoints="3" numBranchPoints="0" visitedBranchPoints="0" sequenceCoverage="100.0" branchCoverage="0" maxCyclomaticComplexity="0" minCyclomaticComplexity="0" maxCrapScore="0" minCrapScore="0" visitedClasses="0" numClasses="0" visitedMethods="1" numMethods="1" />
              <MetadataToken>100663394</MetadataToken>
              <Name>System.Void Clock::Start()</Name>
              <FileRef uid="21" />
              <SequencePoints>
                <SequencePoint vc="1" uspid="40156" ordinal="0" offset="0" sl="19" sc="5" el="19" ec="5" bec="0" bev="0" fileid="21" />
                <SequencePoint vc="1" uspid="40157" ordinal="0" offset="1" sl="20" sc="9" el="20" ec="9" bec="0" bev="0" fileid="21" />
                <SequencePoint vc="1" uspid="40158" ordinal="0" offset="8" sl="21" sc="5" el="21" ec="5" bec="0" bev="0" fileid="21" />
              </SequencePoints>
              <BranchPoints />
            </Method>
            <Method visited="true" cyclomaticComplexity="0" nPathComplexity="0" sequenceCoverage="100.0" branchCoverage="0" crapScore="0" isConstructor="false" isStatic="false" isGetter="false" isSetter="false">
              <Summary numSequencePoints="7" visitedSequencePoints="7" numBranchPoints="0" visitedBranchPoints="0" sequenceCoverage="100.0" branchCoverage="0" maxCyclomaticComplexity="0" minCyclomaticComplexity="0" maxCrapScore="0" minCrapScore="0" visitedClasses="0" numClasses="0" visitedMethods="1" numMethods="1" />
              <MetadataToken>100663395</MetadataToken>
              <Name>System.Void Clock::Update()</Name>
              <FileRef uid="21" />
              <SequencePoints>
                <SequencePoint vc="87402" uspid="40159" ordinal="0" offset="0" sl="24" sc="5" el="24" ec="5" bec="0" bev="0" fileid="21" />
                <SequencePoint vc="87402" uspid="40160" ordinal="0" offset="1" sl="25" sc="9" el="25" ec="9" bec="0" bev="0" fileid="21" />
                <SequencePoint vc="87402" uspid="40161" ordinal="0" offset="14" sl="26" sc="9" el="26" ec="9" bec="0" bev="0" fileid="21" />
                <SequencePoint vc="87402" uspid="40162" ordinal="0" offset="15" sl="27" sc="13" el="27" ec="13" bec="0" bev="0" fileid="21" />
                <SequencePoint vc="87402" uspid="40163" ordinal="0" offset="33" sl="28" sc="13" el="28" ec="13" bec="0" bev="0" fileid="21" />
                <SequencePoint vc="87402" uspid="40164" ordinal="0" offset="46" sl="29" sc="9" el="29" ec="9" bec="0" bev="0" fileid="21" />
                <SequencePoint vc="87402" uspid="40165" ordinal="0" offset="47" sl="30" sc="5" el="30" ec="5" bec="0" bev="0" fileid="21" />
              </SequencePoints>
              <BranchPoints />
            </Method>
            <Method visited="true" cyclomaticComplexity="0" nPathComplexity="0" sequenceCoverage="66.67" branchCoverage="0" crapScore="0" isConstructor="false" isStatic="false" isGetter="false" isSetter="false">
              <Summary numSequencePoints="9" visitedSequencePoints="6" numBranchPoints="0" visitedBranchPoints="0" sequenceCoverage="66.67" branchCoverage="0" maxCyclomaticComplexity="0" minCyclomaticComplexity="0" maxCrapScore="0" minCrapScore="0" visitedClasses="0" numClasses="0" visitedMethods="1" numMethods="1" />
              <MetadataToken>100663396</MetadataToken>
              <Name>System.Void Clock::TimeDisplay(System.Single)</Name>
              <FileRef uid="21" />
              <SequencePoints>
                <SequencePoint vc="87402" uspid="40166" ordinal="0" offset="0" sl="33" sc="5" el="33" ec="5" bec="0" bev="0" fileid="21" />
                <SequencePoint vc="87402" uspid="40167" ordinal="0" offset="1" sl="34" sc="9" el="34" ec="9" bec="0" bev="0" fileid="21" />
                <SequencePoint vc="0" uspid="40168" ordinal="0" offset="13" sl="35" sc="9" el="35" ec="9" bec="0" bev="0" fileid="21" />
                <SequencePoint vc="0" uspid="40169" ordinal="0" offset="14" sl="36" sc="13" el="36" ec="13" bec="0" bev="0" fileid="21" />
                <SequencePoint vc="0" uspid="40170" ordinal="0" offset="21" sl="37" sc="9" el="37" ec="9" bec="0" bev="0" fileid="21" />
                <SequencePoint vc="87402" uspid="40171" ordinal="0" offset="22" sl="39" sc="9" el="39" ec="9" bec="0" bev="0" fileid="21" />
                <SequencePoint vc="87402" uspid="40172" ordinal="0" offset="36" sl="40" sc="9" el="40" ec="9" bec="0" bev="0" fileid="21" />
                <SequencePoint vc="87402" uspid="40173" ordinal="0" offset="50" sl="41" sc="9" el="41" ec="9" bec="0" bev="0" fileid="21" />
                <SequencePoint vc="87402" uspid="40174" ordinal="0" offset="84" sl="42" sc="5" el="42" ec="5" bec="0" bev="0" fileid="21" />
              </SequencePoints>
              <BranchPoints />
            </Method>
            <Method visited="true" cyclomaticComplexity="0" nPathComplexity="0" sequenceCoverage="100.0" branchCoverage="0" crapScore="0" isConstructor="true" isStatic="false" isGetter="false" isSetter="false">
              <Summary numSequencePoints="1" visitedSequencePoints="1" numBranchPoints="0" visitedBranchPoints="0" sequenceCoverage="100.0" branchCoverage="0" maxCyclomaticComplexity="0" minCyclomaticComplexity="0" maxCrapScore="0" minCrapScore="0" visitedClasses="0" numClasses="0" visitedMethods="1" numMethods="1" />
              <MetadataToken>100663399</MetadataToken>
              <Name>Clock::Clock()</Name>
              <FileRef uid="21" />
              <SequencePoints>
                <SequencePoint vc="1" uspid="40182" ordinal="0" offset="0" sl="9" sc="5" el="9" ec="5" bec="0" bev="0" fileid="21" />
              </SequencePoints>
              <BranchPoints />
            </Method>
          </Methods>
        </Class>
      </Classes>
    </Module>
  </Modules>
</CoverageSession>